{"C:\\JSDev\\counterctrlv3\\src\\components\\storePicker\\SearchStore.tsx": {"path":"C:\\JSDev\\counterctrlv3\\src\\components\\storePicker\\SearchStore.tsx","statementMap":{"0":{"start":{"line":13,"column":20},"end":{"line":181,"column":null}},"1":{"start":{"line":14,"column":8},"end":{"line":14,"column":null}},"2":{"start":{"line":15,"column":8},"end":{"line":15,"column":null}},"3":{"start":{"line":16,"column":8},"end":{"line":16,"column":null}},"4":{"start":{"line":17,"column":8},"end":{"line":17,"column":null}},"5":{"start":{"line":18,"column":8},"end":{"line":18,"column":null}},"6":{"start":{"line":19,"column":28},"end":{"line":19,"column":null}},"7":{"start":{"line":20,"column":24},"end":{"line":20,"column":null}},"8":{"start":{"line":21,"column":42},"end":{"line":21,"column":null}},"9":{"start":{"line":23,"column":2},"end":{"line":36,"column":null}},"10":{"start":{"line":24,"column":4},"end":{"line":28,"column":null}},"11":{"start":{"line":29,"column":4},"end":{"line":35,"column":null}},"12":{"start":{"line":30,"column":6},"end":{"line":30,"column":null}},"13":{"start":{"line":31,"column":6},"end":{"line":31,"column":null}},"14":{"start":{"line":33,"column":6},"end":{"line":33,"column":null}},"15":{"start":{"line":34,"column":6},"end":{"line":34,"column":null}},"16":{"start":{"line":38,"column":2},"end":{"line":45,"column":null}},"17":{"start":{"line":39,"column":4},"end":{"line":41,"column":null}},"18":{"start":{"line":40,"column":6},"end":{"line":40,"column":null}},"19":{"start":{"line":42,"column":4},"end":{"line":44,"column":null}},"20":{"start":{"line":43,"column":6},"end":{"line":43,"column":null}},"21":{"start":{"line":47,"column":2},"end":{"line":53,"column":null}},"22":{"start":{"line":48,"column":4},"end":{"line":48,"column":null}},"23":{"start":{"line":49,"column":18},"end":{"line":51,"column":null}},"24":{"start":{"line":50,"column":13},"end":{"line":50,"column":null}},"25":{"start":{"line":52,"column":4},"end":{"line":52,"column":null}},"26":{"start":{"line":52,"column":34},"end":{"line":52,"column":null}},"27":{"start":{"line":55,"column":2},"end":{"line":60,"column":null}},"28":{"start":{"line":56,"column":4},"end":{"line":59,"column":null}},"29":{"start":{"line":57,"column":6},"end":{"line":57,"column":null}},"30":{"start":{"line":58,"column":6},"end":{"line":58,"column":null}},"31":{"start":{"line":78,"column":29},"end":{"line":88,"column":null}},"32":{"start":{"line":79,"column":4},"end":{"line":87,"column":null}},"33":{"start":{"line":83,"column":6},"end":{"line":86,"column":null}},"34":{"start":{"line":84,"column":8},"end":{"line":84,"column":null}},"35":{"start":{"line":90,"column":29},"end":{"line":98,"column":null}},"36":{"start":{"line":91,"column":4},"end":{"line":97,"column":null}},"37":{"start":{"line":92,"column":28},"end":{"line":92,"column":null}},"38":{"start":{"line":93,"column":6},"end":{"line":96,"column":null}},"39":{"start":{"line":100,"column":18},"end":{"line":100,"column":null}},"40":{"start":{"line":102,"column":4},"end":{"line":102,"column":null}},"41":{"start":{"line":104,"column":28},"end":{"line":106,"column":null}},"42":{"start":{"line":105,"column":4},"end":{"line":105,"column":null}},"43":{"start":{"line":108,"column":23},"end":{"line":124,"column":null}},"44":{"start":{"line":109,"column":4},"end":{"line":109,"column":null}},"45":{"start":{"line":110,"column":4},"end":{"line":110,"column":null}},"46":{"start":{"line":111,"column":4},"end":{"line":116,"column":null}},"47":{"start":{"line":117,"column":4},"end":{"line":117,"column":null}},"48":{"start":{"line":120,"column":4},"end":{"line":123,"column":null}},"49":{"start":{"line":121,"column":6},"end":{"line":121,"column":null}},"50":{"start":{"line":122,"column":6},"end":{"line":122,"column":null}},"51":{"start":{"line":122,"column":26},"end":{"line":122,"column":null}},"52":{"start":{"line":126,"column":2},"end":{"line":179,"column":null}},"53":{"start":{"line":145,"column":30},"end":{"line":145,"column":null}},"54":{"start":{"line":170,"column":14},"end":{"line":174,"column":null}},"55":{"start":{"line":170,"column":100},"end":{"line":170,"column":null}}},"fnMap":{"0":{"name":"(anonymous_0)","decl":{"start":{"line":13,"column":20},"end":{"line":13,"column":21}},"loc":{"start":{"line":13,"column":51},"end":{"line":181,"column":null}},"line":13},"1":{"name":"(anonymous_1)","decl":{"start":{"line":23,"column":12},"end":{"line":23,"column":18}},"loc":{"start":{"line":23,"column":18},"end":{"line":36,"column":5}},"line":23},"2":{"name":"(anonymous_2)","decl":{"start":{"line":38,"column":12},"end":{"line":38,"column":18}},"loc":{"start":{"line":38,"column":18},"end":{"line":45,"column":5}},"line":38},"3":{"name":"(anonymous_3)","decl":{"start":{"line":42,"column":11},"end":{"line":42,"column":17}},"loc":{"start":{"line":42,"column":17},"end":{"line":44,"column":null}},"line":42},"4":{"name":"(anonymous_4)","decl":{"start":{"line":47,"column":12},"end":{"line":47,"column":18}},"loc":{"start":{"line":47,"column":18},"end":{"line":53,"column":5}},"line":47},"5":{"name":"(anonymous_5)","decl":{"start":{"line":50,"column":6},"end":{"line":50,"column":7}},"loc":{"start":{"line":50,"column":13},"end":{"line":50,"column":null}},"line":50},"6":{"name":"(anonymous_6)","decl":{"start":{"line":55,"column":12},"end":{"line":55,"column":18}},"loc":{"start":{"line":55,"column":18},"end":{"line":60,"column":5}},"line":55},"7":{"name":"(anonymous_7)","decl":{"start":{"line":78,"column":29},"end":{"line":78,"column":30}},"loc":{"start":{"line":78,"column":48},"end":{"line":88,"column":null}},"line":78},"8":{"name":"(anonymous_8)","decl":{"start":{"line":90,"column":29},"end":{"line":90,"column":35}},"loc":{"start":{"line":90,"column":35},"end":{"line":98,"column":null}},"line":90},"9":{"name":"(anonymous_9)","decl":{"start":{"line":104,"column":28},"end":{"line":104,"column":29}},"loc":{"start":{"line":104,"column":72},"end":{"line":106,"column":null}},"line":104},"10":{"name":"(anonymous_10)","decl":{"start":{"line":108,"column":23},"end":{"line":108,"column":24}},"loc":{"start":{"line":108,"column":41},"end":{"line":124,"column":null}},"line":108},"11":{"name":"(anonymous_11)","decl":{"start":{"line":145,"column":23},"end":{"line":145,"column":24}},"loc":{"start":{"line":145,"column":30},"end":{"line":145,"column":null}},"line":145},"12":{"name":"(anonymous_12)","decl":{"start":{"line":169,"column":32},"end":{"line":169,"column":33}},"loc":{"start":{"line":170,"column":14},"end":{"line":174,"column":null}},"line":170},"13":{"name":"(anonymous_13)","decl":{"start":{"line":170,"column":94},"end":{"line":170,"column":100}},"loc":{"start":{"line":170,"column":100},"end":{"line":170,"column":null}},"line":170}},"branchMap":{"0":{"loc":{"start":{"line":25,"column":6},"end":{"line":27,"column":null}},"type":"cond-expr","locations":[{"start":{"line":26,"column":10},"end":{"line":26,"column":null}},{"start":{"line":27,"column":10},"end":{"line":27,"column":null}}],"line":25},"1":{"loc":{"start":{"line":29,"column":4},"end":{"line":35,"column":null}},"type":"if","locations":[{"start":{"line":29,"column":4},"end":{"line":35,"column":null}},{"start":{"line":32,"column":11},"end":{"line":35,"column":null}}],"line":29},"2":{"loc":{"start":{"line":34,"column":15},"end":{"line":34,"column":54}},"type":"binary-expr","locations":[{"start":{"line":34,"column":15},"end":{"line":34,"column":52}},{"start":{"line":34,"column":52},"end":{"line":34,"column":54}}],"line":34},"3":{"loc":{"start":{"line":39,"column":4},"end":{"line":41,"column":null}},"type":"if","locations":[{"start":{"line":39,"column":4},"end":{"line":41,"column":null}},{"start":{},"end":{}}],"line":39},"4":{"loc":{"start":{"line":52,"column":4},"end":{"line":52,"column":null}},"type":"if","locations":[{"start":{"line":52,"column":4},"end":{"line":52,"column":null}},{"start":{},"end":{}}],"line":52},"5":{"loc":{"start":{"line":52,"column":43},"end":{"line":52,"column":66}},"type":"binary-expr","locations":[{"start":{"line":52,"column":43},"end":{"line":52,"column":64}},{"start":{"line":52,"column":64},"end":{"line":52,"column":66}}],"line":52},"6":{"loc":{"start":{"line":56,"column":4},"end":{"line":59,"column":null}},"type":"if","locations":[{"start":{"line":56,"column":4},"end":{"line":59,"column":null}},{"start":{},"end":{}}],"line":56},"7":{"loc":{"start":{"line":56,"column":8},"end":{"line":56,"column":59}},"type":"binary-expr","locations":[{"start":{"line":56,"column":8},"end":{"line":56,"column":33}},{"start":{"line":56,"column":33},"end":{"line":56,"column":59}}],"line":56},"8":{"loc":{"start":{"line":79,"column":4},"end":{"line":87,"column":null}},"type":"if","locations":[{"start":{"line":79,"column":4},"end":{"line":87,"column":null}},{"start":{},"end":{}}],"line":79},"9":{"loc":{"start":{"line":80,"column":6},"end":{"line":81,"column":null}},"type":"binary-expr","locations":[{"start":{"line":80,"column":6},"end":{"line":80,"column":null}},{"start":{"line":81,"column":6},"end":{"line":81,"column":null}}],"line":80},"10":{"loc":{"start":{"line":83,"column":6},"end":{"line":86,"column":null}},"type":"if","locations":[{"start":{"line":83,"column":6},"end":{"line":86,"column":null}},{"start":{},"end":{}}],"line":83},"11":{"loc":{"start":{"line":91,"column":4},"end":{"line":97,"column":null}},"type":"if","locations":[{"start":{"line":91,"column":4},"end":{"line":97,"column":null}},{"start":{},"end":{}}],"line":91},"12":{"loc":{"start":{"line":95,"column":8},"end":{"line":95,"column":null}},"type":"cond-expr","locations":[{"start":{"line":95,"column":35},"end":{"line":95,"column":46}},{"start":{"line":95,"column":46},"end":{"line":95,"column":null}}],"line":95},"13":{"loc":{"start":{"line":120,"column":4},"end":{"line":123,"column":null}},"type":"if","locations":[{"start":{"line":120,"column":4},"end":{"line":123,"column":null}},{"start":{},"end":{}}],"line":120},"14":{"loc":{"start":{"line":122,"column":6},"end":{"line":122,"column":null}},"type":"if","locations":[{"start":{"line":122,"column":6},"end":{"line":122,"column":null}},{"start":{},"end":{}}],"line":122}},"s":{"0":1,"1":11,"2":11,"3":11,"4":11,"5":11,"6":11,"7":11,"8":11,"9":11,"10":6,"11":6,"12":2,"13":2,"14":4,"15":4,"16":11,"17":5,"18":5,"19":5,"20":5,"21":11,"22":5,"23":5,"24":0,"25":5,"26":3,"27":11,"28":5,"29":3,"30":3,"31":11,"32":3,"33":3,"34":3,"35":11,"36":0,"37":0,"38":0,"39":11,"40":11,"41":11,"42":0,"43":11,"44":0,"45":0,"46":0,"47":0,"48":0,"49":0,"50":0,"51":0,"52":11,"53":0,"54":0,"55":0},"f":{"0":11,"1":6,"2":5,"3":5,"4":5,"5":0,"6":5,"7":3,"8":0,"9":0,"10":0,"11":0,"12":0,"13":0},"b":{"0":[4,2],"1":[2,4],"2":[4,4],"3":[5,0],"4":[3,2],"5":[3,3],"6":[3,2],"7":[5,5],"8":[3,0],"9":[3,3],"10":[3,0],"11":[0,0],"12":[0,0],"13":[0,0],"14":[0,0]},"meta":{"lastBranch":15,"lastFunction":14,"lastStatement":56,"seen":{"s:13:20:181:Infinity":0,"f:13:20:13:21":0,"s:14:8:14:Infinity":1,"s:15:8:15:Infinity":2,"s:16:8:16:Infinity":3,"s:17:8:17:Infinity":4,"s:18:8:18:Infinity":5,"s:19:28:19:Infinity":6,"s:20:24:20:Infinity":7,"s:21:42:21:Infinity":8,"s:23:2:36:Infinity":9,"f:23:12:23:18":1,"s:24:4:28:Infinity":10,"b:26:10:26:Infinity:27:10:27:Infinity":0,"b:29:4:35:Infinity:32:11:35:Infinity":1,"s:29:4:35:Infinity":11,"s:30:6:30:Infinity":12,"s:31:6:31:Infinity":13,"s:33:6:33:Infinity":14,"s:34:6:34:Infinity":15,"b:34:15:34:52:34:52:34:54":2,"s:38:2:45:Infinity":16,"f:38:12:38:18":2,"b:39:4:41:Infinity:undefined:undefined:undefined:undefined":3,"s:39:4:41:Infinity":17,"s:40:6:40:Infinity":18,"s:42:4:44:Infinity":19,"f:42:11:42:17":3,"s:43:6:43:Infinity":20,"s:47:2:53:Infinity":21,"f:47:12:47:18":4,"s:48:4:48:Infinity":22,"s:49:18:51:Infinity":23,"f:50:6:50:7":5,"s:50:13:50:Infinity":24,"b:52:4:52:Infinity:undefined:undefined:undefined:undefined":4,"s:52:4:52:Infinity":25,"s:52:34:52:Infinity":26,"b:52:43:52:64:52:64:52:66":5,"s:55:2:60:Infinity":27,"f:55:12:55:18":6,"b:56:4:59:Infinity:undefined:undefined:undefined:undefined":6,"s:56:4:59:Infinity":28,"b:56:8:56:33:56:33:56:59":7,"s:57:6:57:Infinity":29,"s:58:6:58:Infinity":30,"s:78:29:88:Infinity":31,"f:78:29:78:30":7,"b:79:4:87:Infinity:undefined:undefined:undefined:undefined":8,"s:79:4:87:Infinity":32,"b:80:6:80:Infinity:81:6:81:Infinity":9,"b:83:6:86:Infinity:undefined:undefined:undefined:undefined":10,"s:83:6:86:Infinity":33,"s:84:8:84:Infinity":34,"s:90:29:98:Infinity":35,"f:90:29:90:35":8,"b:91:4:97:Infinity:undefined:undefined:undefined:undefined":11,"s:91:4:97:Infinity":36,"s:92:28:92:Infinity":37,"s:93:6:96:Infinity":38,"b:95:35:95:46:95:46:95:Infinity":12,"s:100:18:100:Infinity":39,"s:102:4:102:Infinity":40,"s:104:28:106:Infinity":41,"f:104:28:104:29":9,"s:105:4:105:Infinity":42,"s:108:23:124:Infinity":43,"f:108:23:108:24":10,"s:109:4:109:Infinity":44,"s:110:4:110:Infinity":45,"s:111:4:116:Infinity":46,"s:117:4:117:Infinity":47,"b:120:4:123:Infinity:undefined:undefined:undefined:undefined":13,"s:120:4:123:Infinity":48,"s:121:6:121:Infinity":49,"b:122:6:122:Infinity:undefined:undefined:undefined:undefined":14,"s:122:6:122:Infinity":50,"s:122:26:122:Infinity":51,"s:126:2:179:Infinity":52,"f:145:23:145:24":11,"s:145:30:145:Infinity":53,"f:169:32:169:33":12,"s:170:14:174:Infinity":54,"f:170:94:170:100":13,"s:170:100:170:Infinity":55}}}
,"C:\\JSDev\\counterctrlv3\\src\\components\\storePicker\\SearchType.tsx": {"path":"C:\\JSDev\\counterctrlv3\\src\\components\\storePicker\\SearchType.tsx","statementMap":{"0":{"start":{"line":18,"column":27},"end":{"line":22,"column":null}},"1":{"start":{"line":24,"column":19},"end":{"line":198,"column":null}},"2":{"start":{"line":25,"column":8},"end":{"line":25,"column":null}},"3":{"start":{"line":25,"column":41},"end":{"line":25,"column":51}},"4":{"start":{"line":26,"column":8},"end":{"line":26,"column":null}},"5":{"start":{"line":26,"column":44},"end":{"line":26,"column":53}},"6":{"start":{"line":27,"column":8},"end":{"line":27,"column":null}},"7":{"start":{"line":27,"column":41},"end":{"line":27,"column":58}},"8":{"start":{"line":28,"column":8},"end":{"line":28,"column":null}},"9":{"start":{"line":28,"column":40},"end":{"line":28,"column":49}},"10":{"start":{"line":29,"column":8},"end":{"line":29,"column":null}},"11":{"start":{"line":29,"column":43},"end":{"line":29,"column":55}},"12":{"start":{"line":30,"column":24},"end":{"line":30,"column":null}},"13":{"start":{"line":31,"column":8},"end":{"line":31,"column":null}},"14":{"start":{"line":33,"column":8},"end":{"line":33,"column":null}},"15":{"start":{"line":34,"column":8},"end":{"line":34,"column":null}},"16":{"start":{"line":35,"column":8},"end":{"line":35,"column":null}},"17":{"start":{"line":37,"column":29},"end":{"line":46,"column":null}},"18":{"start":{"line":38,"column":4},"end":{"line":45,"column":null}},"19":{"start":{"line":42,"column":6},"end":{"line":44,"column":null}},"20":{"start":{"line":43,"column":8},"end":{"line":43,"column":null}},"21":{"start":{"line":48,"column":2},"end":{"line":62,"column":null}},"22":{"start":{"line":50,"column":4},"end":{"line":50,"column":null}},"23":{"start":{"line":51,"column":4},"end":{"line":53,"column":null}},"24":{"start":{"line":52,"column":6},"end":{"line":52,"column":null}},"25":{"start":{"line":54,"column":4},"end":{"line":57,"column":null}},"26":{"start":{"line":55,"column":6},"end":{"line":55,"column":null}},"27":{"start":{"line":56,"column":6},"end":{"line":56,"column":null}},"28":{"start":{"line":59,"column":4},"end":{"line":61,"column":null}},"29":{"start":{"line":60,"column":6},"end":{"line":60,"column":null}},"30":{"start":{"line":64,"column":18},"end":{"line":83,"column":null}},"31":{"start":{"line":65,"column":4},"end":{"line":67,"column":null}},"32":{"start":{"line":66,"column":6},"end":{"line":66,"column":null}},"33":{"start":{"line":69,"column":4},"end":{"line":82,"column":null}},"34":{"start":{"line":71,"column":8},"end":{"line":71,"column":null}},"35":{"start":{"line":72,"column":8},"end":{"line":72,"column":null}},"36":{"start":{"line":74,"column":8},"end":{"line":74,"column":null}},"37":{"start":{"line":75,"column":8},"end":{"line":75,"column":null}},"38":{"start":{"line":77,"column":8},"end":{"line":77,"column":null}},"39":{"start":{"line":78,"column":8},"end":{"line":78,"column":null}},"40":{"start":{"line":80,"column":8},"end":{"line":80,"column":null}},"41":{"start":{"line":81,"column":8},"end":{"line":81,"column":null}},"42":{"start":{"line":85,"column":23},"end":{"line":101,"column":null}},"43":{"start":{"line":86,"column":4},"end":{"line":86,"column":null}},"44":{"start":{"line":87,"column":4},"end":{"line":87,"column":null}},"45":{"start":{"line":90,"column":4},"end":{"line":96,"column":null}},"46":{"start":{"line":96,"column":22},"end":{"line":96,"column":44}},"47":{"start":{"line":98,"column":4},"end":{"line":100,"column":null}},"48":{"start":{"line":99,"column":6},"end":{"line":99,"column":null}},"49":{"start":{"line":103,"column":29},"end":{"line":111,"column":null}},"50":{"start":{"line":104,"column":4},"end":{"line":110,"column":null}},"51":{"start":{"line":105,"column":28},"end":{"line":105,"column":null}},"52":{"start":{"line":106,"column":6},"end":{"line":109,"column":null}},"53":{"start":{"line":113,"column":18},"end":{"line":113,"column":null}},"54":{"start":{"line":114,"column":16},"end":{"line":116,"column":null}},"55":{"start":{"line":118,"column":2},"end":{"line":196,"column":null}},"56":{"start":{"line":160,"column":18},"end":{"line":160,"column":null}},"57":{"start":{"line":178,"column":18},"end":{"line":188,"column":null}},"58":{"start":{"line":181,"column":37},"end":{"line":181,"column":null}}},"fnMap":{"0":{"name":"(anonymous_0)","decl":{"start":{"line":24,"column":19},"end":{"line":24,"column":20}},"loc":{"start":{"line":24,"column":59},"end":{"line":198,"column":null}},"line":24},"1":{"name":"(anonymous_1)","decl":{"start":{"line":25,"column":30},"end":{"line":25,"column":31}},"loc":{"start":{"line":25,"column":41},"end":{"line":25,"column":51}},"line":25},"2":{"name":"(anonymous_2)","decl":{"start":{"line":26,"column":33},"end":{"line":26,"column":34}},"loc":{"start":{"line":26,"column":44},"end":{"line":26,"column":53}},"line":26},"3":{"name":"(anonymous_3)","decl":{"start":{"line":27,"column":30},"end":{"line":27,"column":31}},"loc":{"start":{"line":27,"column":41},"end":{"line":27,"column":58}},"line":27},"4":{"name":"(anonymous_4)","decl":{"start":{"line":28,"column":29},"end":{"line":28,"column":30}},"loc":{"start":{"line":28,"column":40},"end":{"line":28,"column":49}},"line":28},"5":{"name":"(anonymous_5)","decl":{"start":{"line":29,"column":32},"end":{"line":29,"column":33}},"loc":{"start":{"line":29,"column":43},"end":{"line":29,"column":55}},"line":29},"6":{"name":"(anonymous_6)","decl":{"start":{"line":37,"column":29},"end":{"line":37,"column":30}},"loc":{"start":{"line":37,"column":48},"end":{"line":46,"column":null}},"line":37},"7":{"name":"(anonymous_7)","decl":{"start":{"line":48,"column":12},"end":{"line":48,"column":18}},"loc":{"start":{"line":48,"column":18},"end":{"line":62,"column":5}},"line":48},"8":{"name":"(anonymous_8)","decl":{"start":{"line":59,"column":11},"end":{"line":59,"column":17}},"loc":{"start":{"line":59,"column":17},"end":{"line":61,"column":null}},"line":59},"9":{"name":"(anonymous_9)","decl":{"start":{"line":64,"column":18},"end":{"line":64,"column":24}},"loc":{"start":{"line":64,"column":24},"end":{"line":83,"column":null}},"line":64},"10":{"name":"(anonymous_10)","decl":{"start":{"line":85,"column":23},"end":{"line":85,"column":24}},"loc":{"start":{"line":85,"column":47},"end":{"line":101,"column":null}},"line":85},"11":{"name":"(anonymous_11)","decl":{"start":{"line":96,"column":12},"end":{"line":96,"column":13}},"loc":{"start":{"line":96,"column":22},"end":{"line":96,"column":44}},"line":96},"12":{"name":"(anonymous_12)","decl":{"start":{"line":103,"column":29},"end":{"line":103,"column":35}},"loc":{"start":{"line":103,"column":35},"end":{"line":111,"column":null}},"line":103},"13":{"name":"(anonymous_13)","decl":{"start":{"line":159,"column":25},"end":{"line":159,"column":null}},"loc":{"start":{"line":160,"column":18},"end":{"line":160,"column":null}},"line":160},"14":{"name":"(anonymous_14)","decl":{"start":{"line":173,"column":29},"end":{"line":173,"column":30}},"loc":{"start":{"line":173,"column":41},"end":{"line":190,"column":17}},"line":173},"15":{"name":"(anonymous_15)","decl":{"start":{"line":181,"column":31},"end":{"line":181,"column":37}},"loc":{"start":{"line":181,"column":37},"end":{"line":181,"column":null}},"line":181}},"branchMap":{"0":{"loc":{"start":{"line":24,"column":22},"end":{"line":24,"column":46}},"type":"default-arg","locations":[{"start":{"line":24,"column":40},"end":{"line":24,"column":46}}],"line":24},"1":{"loc":{"start":{"line":38,"column":4},"end":{"line":45,"column":null}},"type":"if","locations":[{"start":{"line":38,"column":4},"end":{"line":45,"column":null}},{"start":{},"end":{}}],"line":38},"2":{"loc":{"start":{"line":39,"column":6},"end":{"line":40,"column":null}},"type":"binary-expr","locations":[{"start":{"line":39,"column":6},"end":{"line":39,"column":null}},{"start":{"line":40,"column":6},"end":{"line":40,"column":null}}],"line":39},"3":{"loc":{"start":{"line":42,"column":6},"end":{"line":44,"column":null}},"type":"if","locations":[{"start":{"line":42,"column":6},"end":{"line":44,"column":null}},{"start":{},"end":{}}],"line":42},"4":{"loc":{"start":{"line":51,"column":4},"end":{"line":53,"column":null}},"type":"if","locations":[{"start":{"line":51,"column":4},"end":{"line":53,"column":null}},{"start":{},"end":{}}],"line":51},"5":{"loc":{"start":{"line":54,"column":4},"end":{"line":57,"column":null}},"type":"if","locations":[{"start":{"line":54,"column":4},"end":{"line":57,"column":null}},{"start":{},"end":{}}],"line":54},"6":{"loc":{"start":{"line":65,"column":4},"end":{"line":67,"column":null}},"type":"if","locations":[{"start":{"line":65,"column":4},"end":{"line":67,"column":null}},{"start":{},"end":{}}],"line":65},"7":{"loc":{"start":{"line":69,"column":4},"end":{"line":82,"column":null}},"type":"switch","locations":[{"start":{"line":70,"column":6},"end":{"line":72,"column":null}},{"start":{"line":73,"column":6},"end":{"line":75,"column":null}},{"start":{"line":76,"column":6},"end":{"line":78,"column":null}},{"start":{"line":79,"column":6},"end":{"line":81,"column":null}}],"line":69},"8":{"loc":{"start":{"line":98,"column":4},"end":{"line":100,"column":null}},"type":"if","locations":[{"start":{"line":98,"column":4},"end":{"line":100,"column":null}},{"start":{},"end":{}}],"line":98},"9":{"loc":{"start":{"line":104,"column":4},"end":{"line":110,"column":null}},"type":"if","locations":[{"start":{"line":104,"column":4},"end":{"line":110,"column":null}},{"start":{},"end":{}}],"line":104},"10":{"loc":{"start":{"line":108,"column":8},"end":{"line":108,"column":null}},"type":"cond-expr","locations":[{"start":{"line":108,"column":35},"end":{"line":108,"column":46}},{"start":{"line":108,"column":46},"end":{"line":108,"column":null}}],"line":108},"11":{"loc":{"start":{"line":113,"column":18},"end":{"line":113,"column":null}},"type":"cond-expr","locations":[{"start":{"line":113,"column":38},"end":{"line":113,"column":65}},{"start":{"line":113,"column":65},"end":{"line":113,"column":null}}],"line":113},"12":{"loc":{"start":{"line":114,"column":16},"end":{"line":116,"column":null}},"type":"cond-expr","locations":[{"start":{"line":115,"column":6},"end":{"line":115,"column":null}},{"start":{"line":116,"column":6},"end":{"line":116,"column":null}}],"line":114},"13":{"loc":{"start":{"line":156,"column":13},"end":{"line":191,"column":null}},"type":"cond-expr","locations":[{"start":{"line":157,"column":14},"end":{"line":170,"column":null}},{"start":{"line":172,"column":14},"end":{"line":191,"column":null}}],"line":156}},"s":{"0":1,"1":1,"2":17,"3":28,"4":17,"5":28,"6":17,"7":28,"8":17,"9":28,"10":17,"11":28,"12":17,"13":17,"14":17,"15":17,"16":17,"17":17,"18":8,"19":1,"20":1,"21":17,"22":7,"23":7,"24":7,"25":7,"26":1,"27":1,"28":7,"29":7,"30":17,"31":7,"32":1,"33":6,"34":1,"35":1,"36":1,"37":1,"38":2,"39":2,"40":2,"41":2,"42":17,"43":3,"44":3,"45":3,"46":3,"47":3,"48":3,"49":17,"50":4,"51":4,"52":4,"53":17,"54":17,"55":17,"56":1,"57":45,"58":2},"f":{"0":17,"1":28,"2":28,"3":28,"4":28,"5":28,"6":8,"7":7,"8":7,"9":7,"10":3,"11":3,"12":4,"13":1,"14":45,"15":2},"b":{"0":[17],"1":[1,7],"2":[8,8],"3":[1,0],"4":[7,0],"5":[1,6],"6":[1,6],"7":[6,1,2,2],"8":[3,0],"9":[4,0],"10":[0,4],"11":[17,0],"12":[17,0],"13":[2,15]},"meta":{"lastBranch":14,"lastFunction":16,"lastStatement":59,"seen":{"s:18:27:22:Infinity":0,"s:24:19:198:Infinity":1,"f:24:19:24:20":0,"b:24:40:24:46":0,"s:25:8:25:Infinity":2,"f:25:30:25:31":1,"s:25:41:25:51":3,"s:26:8:26:Infinity":4,"f:26:33:26:34":2,"s:26:44:26:53":5,"s:27:8:27:Infinity":6,"f:27:30:27:31":3,"s:27:41:27:58":7,"s:28:8:28:Infinity":8,"f:28:29:28:30":4,"s:28:40:28:49":9,"s:29:8:29:Infinity":10,"f:29:32:29:33":5,"s:29:43:29:55":11,"s:30:24:30:Infinity":12,"s:31:8:31:Infinity":13,"s:33:8:33:Infinity":14,"s:34:8:34:Infinity":15,"s:35:8:35:Infinity":16,"s:37:29:46:Infinity":17,"f:37:29:37:30":6,"b:38:4:45:Infinity:undefined:undefined:undefined:undefined":1,"s:38:4:45:Infinity":18,"b:39:6:39:Infinity:40:6:40:Infinity":2,"b:42:6:44:Infinity:undefined:undefined:undefined:undefined":3,"s:42:6:44:Infinity":19,"s:43:8:43:Infinity":20,"s:48:2:62:Infinity":21,"f:48:12:48:18":7,"s:50:4:50:Infinity":22,"b:51:4:53:Infinity:undefined:undefined:undefined:undefined":4,"s:51:4:53:Infinity":23,"s:52:6:52:Infinity":24,"b:54:4:57:Infinity:undefined:undefined:undefined:undefined":5,"s:54:4:57:Infinity":25,"s:55:6:55:Infinity":26,"s:56:6:56:Infinity":27,"s:59:4:61:Infinity":28,"f:59:11:59:17":8,"s:60:6:60:Infinity":29,"s:64:18:83:Infinity":30,"f:64:18:64:24":9,"b:65:4:67:Infinity:undefined:undefined:undefined:undefined":6,"s:65:4:67:Infinity":31,"s:66:6:66:Infinity":32,"b:70:6:72:Infinity:73:6:75:Infinity:76:6:78:Infinity:79:6:81:Infinity":7,"s:69:4:82:Infinity":33,"s:71:8:71:Infinity":34,"s:72:8:72:Infinity":35,"s:74:8:74:Infinity":36,"s:75:8:75:Infinity":37,"s:77:8:77:Infinity":38,"s:78:8:78:Infinity":39,"s:80:8:80:Infinity":40,"s:81:8:81:Infinity":41,"s:85:23:101:Infinity":42,"f:85:23:85:24":10,"s:86:4:86:Infinity":43,"s:87:4:87:Infinity":44,"s:90:4:96:Infinity":45,"f:96:12:96:13":11,"s:96:22:96:44":46,"b:98:4:100:Infinity:undefined:undefined:undefined:undefined":8,"s:98:4:100:Infinity":47,"s:99:6:99:Infinity":48,"s:103:29:111:Infinity":49,"f:103:29:103:35":12,"b:104:4:110:Infinity:undefined:undefined:undefined:undefined":9,"s:104:4:110:Infinity":50,"s:105:28:105:Infinity":51,"s:106:6:109:Infinity":52,"b:108:35:108:46:108:46:108:Infinity":10,"s:113:18:113:Infinity":53,"b:113:38:113:65:113:65:113:Infinity":11,"s:114:16:116:Infinity":54,"b:115:6:115:Infinity:116:6:116:Infinity":12,"s:118:2:196:Infinity":55,"b:157:14:170:Infinity:172:14:191:Infinity":13,"f:159:25:159:Infinity":13,"s:160:18:160:Infinity":56,"f:173:29:173:30":14,"s:178:18:188:Infinity":57,"f:181:31:181:37":15,"s:181:37:181:Infinity":58}}}
,"C:\\JSDev\\counterctrlv3\\src\\components\\storePicker\\SelectGroup.tsx": {"path":"C:\\JSDev\\counterctrlv3\\src\\components\\storePicker\\SelectGroup.tsx","statementMap":{"0":{"start":{"line":13,"column":20},"end":{"line":147,"column":null}},"1":{"start":{"line":14,"column":8},"end":{"line":14,"column":null}},"2":{"start":{"line":15,"column":8},"end":{"line":15,"column":null}},"3":{"start":{"line":15,"column":40},"end":{"line":15,"column":49}},"4":{"start":{"line":16,"column":8},"end":{"line":16,"column":null}},"5":{"start":{"line":17,"column":8},"end":{"line":17,"column":null}},"6":{"start":{"line":18,"column":8},"end":{"line":18,"column":null}},"7":{"start":{"line":19,"column":8},"end":{"line":19,"column":null}},"8":{"start":{"line":20,"column":24},"end":{"line":20,"column":null}},"9":{"start":{"line":21,"column":30},"end":{"line":21,"column":null}},"10":{"start":{"line":23,"column":2},"end":{"line":27,"column":null}},"11":{"start":{"line":24,"column":4},"end":{"line":24,"column":null}},"12":{"start":{"line":25,"column":18},"end":{"line":25,"column":null}},"13":{"start":{"line":25,"column":45},"end":{"line":25,"column":71}},"14":{"start":{"line":26,"column":4},"end":{"line":26,"column":null}},"15":{"start":{"line":29,"column":2},"end":{"line":34,"column":null}},"16":{"start":{"line":30,"column":4},"end":{"line":33,"column":null}},"17":{"start":{"line":31,"column":6},"end":{"line":31,"column":null}},"18":{"start":{"line":32,"column":6},"end":{"line":32,"column":null}},"19":{"start":{"line":36,"column":2},"end":{"line":43,"column":null}},"20":{"start":{"line":37,"column":4},"end":{"line":39,"column":null}},"21":{"start":{"line":38,"column":6},"end":{"line":38,"column":null}},"22":{"start":{"line":40,"column":4},"end":{"line":42,"column":null}},"23":{"start":{"line":41,"column":6},"end":{"line":41,"column":null}},"24":{"start":{"line":45,"column":29},"end":{"line":55,"column":null}},"25":{"start":{"line":46,"column":4},"end":{"line":54,"column":null}},"26":{"start":{"line":50,"column":6},"end":{"line":53,"column":null}},"27":{"start":{"line":51,"column":8},"end":{"line":51,"column":null}},"28":{"start":{"line":52,"column":8},"end":{"line":52,"column":null}},"29":{"start":{"line":52,"column":28},"end":{"line":52,"column":null}},"30":{"start":{"line":57,"column":23},"end":{"line":73,"column":null}},"31":{"start":{"line":58,"column":4},"end":{"line":58,"column":null}},"32":{"start":{"line":59,"column":4},"end":{"line":59,"column":null}},"33":{"start":{"line":60,"column":4},"end":{"line":65,"column":null}},"34":{"start":{"line":66,"column":4},"end":{"line":66,"column":null}},"35":{"start":{"line":69,"column":4},"end":{"line":72,"column":null}},"36":{"start":{"line":70,"column":6},"end":{"line":70,"column":null}},"37":{"start":{"line":71,"column":6},"end":{"line":71,"column":null}},"38":{"start":{"line":71,"column":26},"end":{"line":71,"column":null}},"39":{"start":{"line":75,"column":29},"end":{"line":83,"column":null}},"40":{"start":{"line":76,"column":4},"end":{"line":82,"column":null}},"41":{"start":{"line":77,"column":28},"end":{"line":77,"column":null}},"42":{"start":{"line":78,"column":6},"end":{"line":81,"column":null}},"43":{"start":{"line":85,"column":18},"end":{"line":85,"column":null}},"44":{"start":{"line":87,"column":4},"end":{"line":87,"column":null}},"45":{"start":{"line":89,"column":16},"end":{"line":91,"column":null}},"46":{"start":{"line":92,"column":2},"end":{"line":145,"column":null}},"47":{"start":{"line":111,"column":30},"end":{"line":111,"column":null}},"48":{"start":{"line":136,"column":14},"end":{"line":140,"column":null}},"49":{"start":{"line":136,"column":55},"end":{"line":136,"column":null}}},"fnMap":{"0":{"name":"(anonymous_0)","decl":{"start":{"line":13,"column":20},"end":{"line":13,"column":21}},"loc":{"start":{"line":13,"column":51},"end":{"line":147,"column":null}},"line":13},"1":{"name":"(anonymous_1)","decl":{"start":{"line":15,"column":29},"end":{"line":15,"column":30}},"loc":{"start":{"line":15,"column":40},"end":{"line":15,"column":49}},"line":15},"2":{"name":"(anonymous_2)","decl":{"start":{"line":23,"column":12},"end":{"line":23,"column":18}},"loc":{"start":{"line":23,"column":18},"end":{"line":27,"column":5}},"line":23},"3":{"name":"(anonymous_3)","decl":{"start":{"line":25,"column":38},"end":{"line":25,"column":39}},"loc":{"start":{"line":25,"column":45},"end":{"line":25,"column":71}},"line":25},"4":{"name":"(anonymous_4)","decl":{"start":{"line":29,"column":12},"end":{"line":29,"column":18}},"loc":{"start":{"line":29,"column":18},"end":{"line":34,"column":5}},"line":29},"5":{"name":"(anonymous_5)","decl":{"start":{"line":36,"column":12},"end":{"line":36,"column":18}},"loc":{"start":{"line":36,"column":18},"end":{"line":43,"column":5}},"line":36},"6":{"name":"(anonymous_6)","decl":{"start":{"line":40,"column":11},"end":{"line":40,"column":17}},"loc":{"start":{"line":40,"column":17},"end":{"line":42,"column":null}},"line":40},"7":{"name":"(anonymous_7)","decl":{"start":{"line":45,"column":29},"end":{"line":45,"column":30}},"loc":{"start":{"line":45,"column":48},"end":{"line":55,"column":null}},"line":45},"8":{"name":"(anonymous_8)","decl":{"start":{"line":57,"column":23},"end":{"line":57,"column":24}},"loc":{"start":{"line":57,"column":41},"end":{"line":73,"column":null}},"line":57},"9":{"name":"(anonymous_9)","decl":{"start":{"line":75,"column":29},"end":{"line":75,"column":35}},"loc":{"start":{"line":75,"column":35},"end":{"line":83,"column":null}},"line":75},"10":{"name":"(anonymous_10)","decl":{"start":{"line":111,"column":23},"end":{"line":111,"column":24}},"loc":{"start":{"line":111,"column":30},"end":{"line":111,"column":null}},"line":111},"11":{"name":"(anonymous_11)","decl":{"start":{"line":135,"column":26},"end":{"line":135,"column":27}},"loc":{"start":{"line":136,"column":14},"end":{"line":140,"column":null}},"line":136},"12":{"name":"(anonymous_12)","decl":{"start":{"line":136,"column":49},"end":{"line":136,"column":55}},"loc":{"start":{"line":136,"column":55},"end":{"line":136,"column":null}},"line":136}},"branchMap":{"0":{"loc":{"start":{"line":26,"column":13},"end":{"line":26,"column":36}},"type":"binary-expr","locations":[{"start":{"line":26,"column":13},"end":{"line":26,"column":34}},{"start":{"line":26,"column":34},"end":{"line":26,"column":36}}],"line":26},"1":{"loc":{"start":{"line":30,"column":4},"end":{"line":33,"column":null}},"type":"if","locations":[{"start":{"line":30,"column":4},"end":{"line":33,"column":null}},{"start":{},"end":{}}],"line":30},"2":{"loc":{"start":{"line":37,"column":4},"end":{"line":39,"column":null}},"type":"if","locations":[{"start":{"line":37,"column":4},"end":{"line":39,"column":null}},{"start":{},"end":{}}],"line":37},"3":{"loc":{"start":{"line":46,"column":4},"end":{"line":54,"column":null}},"type":"if","locations":[{"start":{"line":46,"column":4},"end":{"line":54,"column":null}},{"start":{},"end":{}}],"line":46},"4":{"loc":{"start":{"line":47,"column":6},"end":{"line":48,"column":null}},"type":"binary-expr","locations":[{"start":{"line":47,"column":6},"end":{"line":47,"column":null}},{"start":{"line":48,"column":6},"end":{"line":48,"column":null}}],"line":47},"5":{"loc":{"start":{"line":50,"column":6},"end":{"line":53,"column":null}},"type":"if","locations":[{"start":{"line":50,"column":6},"end":{"line":53,"column":null}},{"start":{},"end":{}}],"line":50},"6":{"loc":{"start":{"line":52,"column":8},"end":{"line":52,"column":null}},"type":"if","locations":[{"start":{"line":52,"column":8},"end":{"line":52,"column":null}},{"start":{},"end":{}}],"line":52},"7":{"loc":{"start":{"line":69,"column":4},"end":{"line":72,"column":null}},"type":"if","locations":[{"start":{"line":69,"column":4},"end":{"line":72,"column":null}},{"start":{},"end":{}}],"line":69},"8":{"loc":{"start":{"line":71,"column":6},"end":{"line":71,"column":null}},"type":"if","locations":[{"start":{"line":71,"column":6},"end":{"line":71,"column":null}},{"start":{},"end":{}}],"line":71},"9":{"loc":{"start":{"line":76,"column":4},"end":{"line":82,"column":null}},"type":"if","locations":[{"start":{"line":76,"column":4},"end":{"line":82,"column":null}},{"start":{},"end":{}}],"line":76},"10":{"loc":{"start":{"line":80,"column":8},"end":{"line":80,"column":null}},"type":"cond-expr","locations":[{"start":{"line":80,"column":35},"end":{"line":80,"column":46}},{"start":{"line":80,"column":46},"end":{"line":80,"column":null}}],"line":80},"11":{"loc":{"start":{"line":89,"column":16},"end":{"line":91,"column":null}},"type":"cond-expr","locations":[{"start":{"line":90,"column":6},"end":{"line":90,"column":null}},{"start":{"line":91,"column":6},"end":{"line":91,"column":null}}],"line":89}},"s":{"0":1,"1":10,"2":10,"3":16,"4":10,"5":10,"6":10,"7":10,"8":10,"9":10,"10":10,"11":5,"12":5,"13":0,"14":5,"15":10,"16":5,"17":5,"18":5,"19":10,"20":5,"21":5,"22":5,"23":5,"24":10,"25":5,"26":5,"27":5,"28":5,"29":0,"30":10,"31":0,"32":0,"33":0,"34":0,"35":0,"36":0,"37":0,"38":0,"39":10,"40":0,"41":0,"42":0,"43":10,"44":10,"45":10,"46":10,"47":0,"48":0,"49":0},"f":{"0":10,"1":16,"2":5,"3":0,"4":5,"5":5,"6":5,"7":5,"8":0,"9":0,"10":0,"11":0,"12":0},"b":{"0":[5,5],"1":[5,0],"2":[5,0],"3":[5,0],"4":[5,5],"5":[5,0],"6":[0,5],"7":[0,0],"8":[0,0],"9":[0,0],"10":[0,0],"11":[10,0]},"meta":{"lastBranch":12,"lastFunction":13,"lastStatement":50,"seen":{"s:13:20:147:Infinity":0,"f:13:20:13:21":0,"s:14:8:14:Infinity":1,"s:15:8:15:Infinity":2,"f:15:29:15:30":1,"s:15:40:15:49":3,"s:16:8:16:Infinity":4,"s:17:8:17:Infinity":5,"s:18:8:18:Infinity":6,"s:19:8:19:Infinity":7,"s:20:24:20:Infinity":8,"s:21:30:21:Infinity":9,"s:23:2:27:Infinity":10,"f:23:12:23:18":2,"s:24:4:24:Infinity":11,"s:25:18:25:Infinity":12,"f:25:38:25:39":3,"s:25:45:25:71":13,"s:26:4:26:Infinity":14,"b:26:13:26:34:26:34:26:36":0,"s:29:2:34:Infinity":15,"f:29:12:29:18":4,"b:30:4:33:Infinity:undefined:undefined:undefined:undefined":1,"s:30:4:33:Infinity":16,"s:31:6:31:Infinity":17,"s:32:6:32:Infinity":18,"s:36:2:43:Infinity":19,"f:36:12:36:18":5,"b:37:4:39:Infinity:undefined:undefined:undefined:undefined":2,"s:37:4:39:Infinity":20,"s:38:6:38:Infinity":21,"s:40:4:42:Infinity":22,"f:40:11:40:17":6,"s:41:6:41:Infinity":23,"s:45:29:55:Infinity":24,"f:45:29:45:30":7,"b:46:4:54:Infinity:undefined:undefined:undefined:undefined":3,"s:46:4:54:Infinity":25,"b:47:6:47:Infinity:48:6:48:Infinity":4,"b:50:6:53:Infinity:undefined:undefined:undefined:undefined":5,"s:50:6:53:Infinity":26,"s:51:8:51:Infinity":27,"b:52:8:52:Infinity:undefined:undefined:undefined:undefined":6,"s:52:8:52:Infinity":28,"s:52:28:52:Infinity":29,"s:57:23:73:Infinity":30,"f:57:23:57:24":8,"s:58:4:58:Infinity":31,"s:59:4:59:Infinity":32,"s:60:4:65:Infinity":33,"s:66:4:66:Infinity":34,"b:69:4:72:Infinity:undefined:undefined:undefined:undefined":7,"s:69:4:72:Infinity":35,"s:70:6:70:Infinity":36,"b:71:6:71:Infinity:undefined:undefined:undefined:undefined":8,"s:71:6:71:Infinity":37,"s:71:26:71:Infinity":38,"s:75:29:83:Infinity":39,"f:75:29:75:35":9,"b:76:4:82:Infinity:undefined:undefined:undefined:undefined":9,"s:76:4:82:Infinity":40,"s:77:28:77:Infinity":41,"s:78:6:81:Infinity":42,"b:80:35:80:46:80:46:80:Infinity":10,"s:85:18:85:Infinity":43,"s:87:4:87:Infinity":44,"s:89:16:91:Infinity":45,"b:90:6:90:Infinity:91:6:91:Infinity":11,"s:92:2:145:Infinity":46,"f:111:23:111:24":10,"s:111:30:111:Infinity":47,"f:135:26:135:27":11,"s:136:14:140:Infinity":48,"f:136:49:136:55":12,"s:136:55:136:Infinity":49}}}
,"C:\\JSDev\\counterctrlv3\\src\\components\\storePicker\\StorePicker.tsx": {"path":"C:\\JSDev\\counterctrlv3\\src\\components\\storePicker\\StorePicker.tsx","statementMap":{"0":{"start":{"line":10,"column":20},"end":{"line":25,"column":null}},"1":{"start":{"line":11,"column":8},"end":{"line":11,"column":null}},"2":{"start":{"line":11,"column":42},"end":{"line":11,"column":59}},"3":{"start":{"line":13,"column":4},"end":{"line":13,"column":null}},"4":{"start":{"line":15,"column":2},"end":{"line":23,"column":null}}},"fnMap":{"0":{"name":"(anonymous_0)","decl":{"start":{"line":10,"column":20},"end":{"line":10,"column":21}},"loc":{"start":{"line":10,"column":60},"end":{"line":25,"column":null}},"line":10},"1":{"name":"(anonymous_1)","decl":{"start":{"line":11,"column":31},"end":{"line":11,"column":32}},"loc":{"start":{"line":11,"column":42},"end":{"line":11,"column":59}},"line":11}},"branchMap":{"0":{"loc":{"start":{"line":10,"column":23},"end":{"line":10,"column":47}},"type":"default-arg","locations":[{"start":{"line":10,"column":41},"end":{"line":10,"column":47}}],"line":10},"1":{"loc":{"start":{"line":18,"column":7},"end":{"line":21,"column":null}},"type":"cond-expr","locations":[{"start":{"line":19,"column":8},"end":{"line":19,"column":null}},{"start":{"line":21,"column":8},"end":{"line":21,"column":null}}],"line":18},"2":{"loc":{"start":{"line":18,"column":7},"end":{"line":18,"column":null}},"type":"binary-expr","locations":[{"start":{"line":18,"column":7},"end":{"line":18,"column":29}},{"start":{"line":18,"column":29},"end":{"line":18,"column":null}}],"line":18}},"s":{"0":1,"1":11,"2":22,"3":11,"4":11},"f":{"0":11,"1":22},"b":{"0":[11],"1":[6,5],"2":[11,9]},"meta":{"lastBranch":3,"lastFunction":2,"lastStatement":5,"seen":{"s:10:20:25:Infinity":0,"f:10:20:10:21":0,"b:10:41:10:47":0,"s:11:8:11:Infinity":1,"f:11:31:11:32":1,"s:11:42:11:59":2,"s:13:4:13:Infinity":3,"s:15:2:23:Infinity":4,"b:19:8:19:Infinity:21:8:21:Infinity":1,"b:18:7:18:29:18:29:18:Infinity":2}}}
,"C:\\JSDev\\counterctrlv3\\src\\components\\storePicker\\index.ts": {"path":"C:\\JSDev\\counterctrlv3\\src\\components\\storePicker\\index.ts","statementMap":{"0":{"start":{"line":3,"column":37},"end":{"line":26,"column":null}},"1":{"start":{"line":4,"column":31},"end":{"line":4,"column":null}},"2":{"start":{"line":4,"column":61},"end":{"line":4,"column":70}},"3":{"start":{"line":5,"column":67},"end":{"line":7,"column":null}},"4":{"start":{"line":6,"column":15},"end":{"line":6,"column":null}},"5":{"start":{"line":8,"column":33},"end":{"line":8,"column":null}},"6":{"start":{"line":8,"column":63},"end":{"line":8,"column":73}},"7":{"start":{"line":9,"column":20},"end":{"line":9,"column":null}},"8":{"start":{"line":9,"column":50},"end":{"line":9,"column":59}},"9":{"start":{"line":10,"column":17},"end":{"line":10,"column":null}},"10":{"start":{"line":10,"column":47},"end":{"line":10,"column":58}},"11":{"start":{"line":12,"column":2},"end":{"line":25,"column":null}}},"fnMap":{"0":{"name":"(anonymous_0)","decl":{"start":{"line":3,"column":37},"end":{"line":3,"column":43}},"loc":{"start":{"line":3,"column":43},"end":{"line":26,"column":null}},"line":3},"1":{"name":"(anonymous_1)","decl":{"start":{"line":4,"column":50},"end":{"line":4,"column":51}},"loc":{"start":{"line":4,"column":61},"end":{"line":4,"column":70}},"line":4},"2":{"name":"(anonymous_2)","decl":{"start":{"line":6,"column":4},"end":{"line":6,"column":5}},"loc":{"start":{"line":6,"column":15},"end":{"line":6,"column":null}},"line":6},"3":{"name":"(anonymous_3)","decl":{"start":{"line":8,"column":52},"end":{"line":8,"column":53}},"loc":{"start":{"line":8,"column":63},"end":{"line":8,"column":73}},"line":8},"4":{"name":"(anonymous_4)","decl":{"start":{"line":9,"column":39},"end":{"line":9,"column":40}},"loc":{"start":{"line":9,"column":50},"end":{"line":9,"column":59}},"line":9},"5":{"name":"(anonymous_5)","decl":{"start":{"line":10,"column":36},"end":{"line":10,"column":37}},"loc":{"start":{"line":10,"column":47},"end":{"line":10,"column":58}},"line":10}},"branchMap":{},"s":{"0":1,"1":21,"2":35,"3":21,"4":35,"5":21,"6":35,"7":21,"8":35,"9":21,"10":35,"11":21},"f":{"0":21,"1":35,"2":35,"3":35,"4":35,"5":35},"b":{},"meta":{"lastBranch":0,"lastFunction":6,"lastStatement":12,"seen":{"s:3:37:26:Infinity":0,"f:3:37:3:43":0,"s:4:31:4:Infinity":1,"f:4:50:4:51":1,"s:4:61:4:70":2,"s:5:67:7:Infinity":3,"f:6:4:6:5":2,"s:6:15:6:Infinity":4,"s:8:33:8:Infinity":5,"f:8:52:8:53":3,"s:8:63:8:73":6,"s:9:20:9:Infinity":7,"f:9:39:9:40":4,"s:9:50:9:59":8,"s:10:17:10:Infinity":9,"f:10:36:10:37":5,"s:10:47:10:58":10,"s:12:2:25:Infinity":11}}}
,"C:\\JSDev\\counterctrlv3\\src\\components\\toasts\\Toast.tsx": {"path":"C:\\JSDev\\counterctrlv3\\src\\components\\toasts\\Toast.tsx","statementMap":{"0":{"start":{"line":10,"column":14},"end":{"line":82,"column":null}},"1":{"start":{"line":11,"column":8},"end":{"line":11,"column":null}},"2":{"start":{"line":12,"column":37},"end":{"line":12,"column":null}},"3":{"start":{"line":13,"column":50},"end":{"line":13,"column":null}},"4":{"start":{"line":15,"column":2},"end":{"line":32,"column":null}},"5":{"start":{"line":16,"column":19},"end":{"line":16,"column":null}},"6":{"start":{"line":17,"column":29},"end":{"line":17,"column":null}},"7":{"start":{"line":18,"column":4},"end":{"line":31,"column":null}},"8":{"start":{"line":19,"column":23},"end":{"line":30,"column":null}},"9":{"start":{"line":20,"column":8},"end":{"line":29,"column":null}},"10":{"start":{"line":21,"column":10},"end":{"line":26,"column":null}},"11":{"start":{"line":22,"column":12},"end":{"line":22,"column":null}},"12":{"start":{"line":23,"column":12},"end":{"line":23,"column":null}},"13":{"start":{"line":25,"column":12},"end":{"line":25,"column":null}},"14":{"start":{"line":28,"column":10},"end":{"line":28,"column":null}},"15":{"start":{"line":34,"column":18},"end":{"line":47,"column":null}},"16":{"start":{"line":35,"column":4},"end":{"line":46,"column":null}},"17":{"start":{"line":37,"column":8},"end":{"line":37,"column":null}},"18":{"start":{"line":39,"column":8},"end":{"line":39,"column":null}},"19":{"start":{"line":41,"column":8},"end":{"line":41,"column":null}},"20":{"start":{"line":43,"column":8},"end":{"line":43,"column":null}},"21":{"start":{"line":45,"column":8},"end":{"line":45,"column":null}},"22":{"start":{"line":48,"column":2},"end":{"line":80,"column":null}}},"fnMap":{"0":{"name":"(anonymous_0)","decl":{"start":{"line":10,"column":14},"end":{"line":10,"column":15}},"loc":{"start":{"line":10,"column":53},"end":{"line":82,"column":null}},"line":10},"1":{"name":"(anonymous_1)","decl":{"start":{"line":15,"column":12},"end":{"line":15,"column":18}},"loc":{"start":{"line":15,"column":18},"end":{"line":32,"column":5}},"line":15},"2":{"name":"(anonymous_2)","decl":{"start":{"line":19,"column":35},"end":{"line":19,"column":41}},"loc":{"start":{"line":19,"column":41},"end":{"line":30,"column":9}},"line":19},"3":{"name":"(anonymous_3)","decl":{"start":{"line":34,"column":18},"end":{"line":34,"column":24}},"loc":{"start":{"line":34,"column":24},"end":{"line":47,"column":null}},"line":34}},"branchMap":{"0":{"loc":{"start":{"line":13,"column":10},"end":{"line":13,"column":26}},"type":"default-arg","locations":[{"start":{"line":13,"column":20},"end":{"line":13,"column":26}}],"line":13},"1":{"loc":{"start":{"line":13,"column":50},"end":{"line":13,"column":null}},"type":"binary-expr","locations":[{"start":{"line":13,"column":50},"end":{"line":13,"column":61}},{"start":{"line":13,"column":61},"end":{"line":13,"column":null}}],"line":13},"2":{"loc":{"start":{"line":18,"column":4},"end":{"line":31,"column":null}},"type":"if","locations":[{"start":{"line":18,"column":4},"end":{"line":31,"column":null}},{"start":{},"end":{}}],"line":18},"3":{"loc":{"start":{"line":20,"column":8},"end":{"line":29,"column":null}},"type":"if","locations":[{"start":{"line":20,"column":8},"end":{"line":29,"column":null}},{"start":{"line":27,"column":15},"end":{"line":29,"column":null}}],"line":20},"4":{"loc":{"start":{"line":21,"column":10},"end":{"line":26,"column":null}},"type":"if","locations":[{"start":{"line":21,"column":10},"end":{"line":26,"column":null}},{"start":{"line":24,"column":17},"end":{"line":26,"column":null}}],"line":21},"5":{"loc":{"start":{"line":35,"column":4},"end":{"line":46,"column":null}},"type":"switch","locations":[{"start":{"line":36,"column":6},"end":{"line":37,"column":null}},{"start":{"line":38,"column":6},"end":{"line":39,"column":null}},{"start":{"line":40,"column":6},"end":{"line":41,"column":null}},{"start":{"line":42,"column":6},"end":{"line":43,"column":null}},{"start":{"line":44,"column":6},"end":{"line":45,"column":null}}],"line":35},"6":{"loc":{"start":{"line":56,"column":9},"end":{"line":62,"column":null}},"type":"cond-expr","locations":[{"start":{"line":57,"column":10},"end":{"line":61,"column":null}},{"start":{"line":62,"column":12},"end":{"line":62,"column":null}}],"line":56},"7":{"loc":{"start":{"line":71,"column":7},"end":{"line":79,"column":null}},"type":"cond-expr","locations":[{"start":{"line":72,"column":8},"end":{"line":78,"column":null}},{"start":{"line":79,"column":10},"end":{"line":79,"column":null}}],"line":71}},"s":{"0":1,"1":0,"2":0,"3":0,"4":0,"5":0,"6":0,"7":0,"8":0,"9":0,"10":0,"11":0,"12":0,"13":0,"14":0,"15":0,"16":0,"17":0,"18":0,"19":0,"20":0,"21":0,"22":0},"f":{"0":0,"1":0,"2":0,"3":0},"b":{"0":[0],"1":[0,0],"2":[0,0],"3":[0,0],"4":[0,0],"5":[0,0,0,0,0],"6":[0,0],"7":[0,0]},"meta":{"lastBranch":8,"lastFunction":4,"lastStatement":23,"seen":{"s:10:14:82:Infinity":0,"f:10:14:10:15":0,"s:11:8:11:Infinity":1,"s:12:37:12:Infinity":2,"s:13:50:13:Infinity":3,"b:13:20:13:26":0,"b:13:50:13:61:13:61:13:Infinity":1,"s:15:2:32:Infinity":4,"f:15:12:15:18":1,"s:16:19:16:Infinity":5,"s:17:29:17:Infinity":6,"b:18:4:31:Infinity:undefined:undefined:undefined:undefined":2,"s:18:4:31:Infinity":7,"s:19:23:30:Infinity":8,"f:19:35:19:41":2,"b:20:8:29:Infinity:27:15:29:Infinity":3,"s:20:8:29:Infinity":9,"b:21:10:26:Infinity:24:17:26:Infinity":4,"s:21:10:26:Infinity":10,"s:22:12:22:Infinity":11,"s:23:12:23:Infinity":12,"s:25:12:25:Infinity":13,"s:28:10:28:Infinity":14,"s:34:18:47:Infinity":15,"f:34:18:34:24":3,"b:36:6:37:Infinity:38:6:39:Infinity:40:6:41:Infinity:42:6:43:Infinity:44:6:45:Infinity":5,"s:35:4:46:Infinity":16,"s:37:8:37:Infinity":17,"s:39:8:39:Infinity":18,"s:41:8:41:Infinity":19,"s:43:8:43:Infinity":20,"s:45:8:45:Infinity":21,"s:48:2:80:Infinity":22,"b:57:10:61:Infinity:62:12:62:Infinity":6,"b:72:8:78:Infinity:79:10:79:Infinity":7}}}
,"C:\\JSDev\\counterctrlv3\\src\\components\\toasts\\ToastContainer.tsx": {"path":"C:\\JSDev\\counterctrlv3\\src\\components\\toasts\\ToastContainer.tsx","statementMap":{"0":{"start":{"line":4,"column":54},"end":{"line":12,"column":null}},"1":{"start":{"line":5,"column":2},"end":{"line":10,"column":null}},"2":{"start":{"line":8,"column":8},"end":{"line":8,"column":null}},"3":{"start":{"line":8,"column":59},"end":{"line":8,"column":82}}},"fnMap":{"0":{"name":"(anonymous_0)","decl":{"start":{"line":4,"column":54},"end":{"line":4,"column":55}},"loc":{"start":{"line":4,"column":83},"end":{"line":12,"column":null}},"line":4},"1":{"name":"(anonymous_1)","decl":{"start":{"line":7,"column":18},"end":{"line":7,"column":19}},"loc":{"start":{"line":8,"column":8},"end":{"line":8,"column":null}},"line":8},"2":{"name":"(anonymous_2)","decl":{"start":{"line":8,"column":53},"end":{"line":8,"column":59}},"loc":{"start":{"line":8,"column":59},"end":{"line":8,"column":82}},"line":8}},"branchMap":{},"s":{"0":1,"1":7,"2":0,"3":0},"f":{"0":7,"1":0,"2":0},"b":{},"meta":{"lastBranch":0,"lastFunction":3,"lastStatement":4,"seen":{"s:4:54:12:Infinity":0,"f:4:54:4:55":0,"s:5:2:10:Infinity":1,"f:7:18:7:19":1,"s:8:8:8:Infinity":2,"f:8:53:8:59":2,"s:8:59:8:82":3}}}
,"C:\\JSDev\\counterctrlv3\\src\\components\\toasts\\ToastContext.ts": {"path":"C:\\JSDev\\counterctrlv3\\src\\components\\toasts\\ToastContext.ts","statementMap":{"0":{"start":{"line":4,"column":6},"end":{"line":4,"column":null}}},"fnMap":{},"branchMap":{},"s":{"0":1},"f":{},"b":{},"meta":{"lastBranch":0,"lastFunction":0,"lastStatement":1,"seen":{"s:4:6:4:Infinity":0}}}
,"C:\\JSDev\\counterctrlv3\\src\\components\\toasts\\ToastProvider.tsx": {"path":"C:\\JSDev\\counterctrlv3\\src\\components\\toasts\\ToastProvider.tsx","statementMap":{"0":{"start":{"line":7,"column":59},"end":{"line":51,"column":null}},"1":{"start":{"line":8,"column":26},"end":{"line":8,"column":null}},"2":{"start":{"line":10,"column":19},"end":{"line":32,"column":null}},"3":{"start":{"line":11,"column":15},"end":{"line":11,"column":null}},"4":{"start":{"line":12,"column":4},"end":{"line":14,"column":null}},"5":{"start":{"line":13,"column":6},"end":{"line":13,"column":null}},"6":{"start":{"line":16,"column":4},"end":{"line":24,"column":null}},"7":{"start":{"line":17,"column":23},"end":{"line":17,"column":null}},"8":{"start":{"line":17,"column":42},"end":{"line":17,"column":82}},"9":{"start":{"line":19,"column":6},"end":{"line":23,"column":null}},"10":{"start":{"line":20,"column":8},"end":{"line":20,"column":null}},"11":{"start":{"line":22,"column":8},"end":{"line":22,"column":null}},"12":{"start":{"line":26,"column":4},"end":{"line":28,"column":null}},"13":{"start":{"line":27,"column":6},"end":{"line":27,"column":null}},"14":{"start":{"line":27,"column":23},"end":{"line":27,"column":40}},"15":{"start":{"line":29,"column":4},"end":{"line":31,"column":null}},"16":{"start":{"line":30,"column":6},"end":{"line":30,"column":null}},"17":{"start":{"line":30,"column":23},"end":{"line":30,"column":40}},"18":{"start":{"line":34,"column":22},"end":{"line":43,"column":null}},"19":{"start":{"line":35,"column":16},"end":{"line":35,"column":null}},"20":{"start":{"line":36,"column":4},"end":{"line":39,"column":null}},"21":{"start":{"line":37,"column":6},"end":{"line":37,"column":null}},"22":{"start":{"line":38,"column":6},"end":{"line":38,"column":null}},"23":{"start":{"line":40,"column":4},"end":{"line":42,"column":null}},"24":{"start":{"line":41,"column":6},"end":{"line":41,"column":null}},"25":{"start":{"line":41,"column":26},"end":{"line":41,"column":65}},"26":{"start":{"line":41,"column":49},"end":{"line":41,"column":64}},"27":{"start":{"line":45,"column":2},"end":{"line":49,"column":null}}},"fnMap":{"0":{"name":"(anonymous_0)","decl":{"start":{"line":7,"column":59},"end":{"line":7,"column":60}},"loc":{"start":{"line":7,"column":98},"end":{"line":51,"column":null}},"line":7},"1":{"name":"(anonymous_1)","decl":{"start":{"line":10,"column":19},"end":{"line":10,"column":20}},"loc":{"start":{"line":10,"column":81},"end":{"line":32,"column":null}},"line":10},"2":{"name":"(anonymous_2)","decl":{"start":{"line":16,"column":14},"end":{"line":16,"column":15}},"loc":{"start":{"line":16,"column":24},"end":{"line":24,"column":5}},"line":16},"3":{"name":"(anonymous_3)","decl":{"start":{"line":17,"column":35},"end":{"line":17,"column":36}},"loc":{"start":{"line":17,"column":42},"end":{"line":17,"column":82}},"line":17},"4":{"name":"(anonymous_4)","decl":{"start":{"line":27,"column":17},"end":{"line":27,"column":23}},"loc":{"start":{"line":27,"column":23},"end":{"line":27,"column":40}},"line":27},"5":{"name":"(anonymous_5)","decl":{"start":{"line":30,"column":17},"end":{"line":30,"column":23}},"loc":{"start":{"line":30,"column":23},"end":{"line":30,"column":40}},"line":30},"6":{"name":"(anonymous_6)","decl":{"start":{"line":34,"column":22},"end":{"line":34,"column":23}},"loc":{"start":{"line":34,"column":38},"end":{"line":43,"column":null}},"line":34},"7":{"name":"(anonymous_7)","decl":{"start":{"line":40,"column":15},"end":{"line":40,"column":21}},"loc":{"start":{"line":40,"column":21},"end":{"line":42,"column":7}},"line":40},"8":{"name":"(anonymous_8)","decl":{"start":{"line":41,"column":16},"end":{"line":41,"column":17}},"loc":{"start":{"line":41,"column":26},"end":{"line":41,"column":65}},"line":41},"9":{"name":"(anonymous_9)","decl":{"start":{"line":41,"column":38},"end":{"line":41,"column":39}},"loc":{"start":{"line":41,"column":49},"end":{"line":41,"column":64}},"line":41}},"branchMap":{"0":{"loc":{"start":{"line":12,"column":4},"end":{"line":14,"column":null}},"type":"if","locations":[{"start":{"line":12,"column":4},"end":{"line":14,"column":null}},{"start":{},"end":{}}],"line":12},"1":{"loc":{"start":{"line":17,"column":42},"end":{"line":17,"column":82}},"type":"binary-expr","locations":[{"start":{"line":17,"column":42},"end":{"line":17,"column":67}},{"start":{"line":17,"column":67},"end":{"line":17,"column":82}}],"line":17},"2":{"loc":{"start":{"line":19,"column":6},"end":{"line":23,"column":null}},"type":"if","locations":[{"start":{"line":19,"column":6},"end":{"line":23,"column":null}},{"start":{"line":21,"column":13},"end":{"line":23,"column":null}}],"line":19},"3":{"loc":{"start":{"line":26,"column":4},"end":{"line":28,"column":null}},"type":"if","locations":[{"start":{"line":26,"column":4},"end":{"line":28,"column":null}},{"start":{},"end":{}}],"line":26},"4":{"loc":{"start":{"line":27,"column":40},"end":{"line":27,"column":56}},"type":"binary-expr","locations":[{"start":{"line":27,"column":40},"end":{"line":27,"column":52}},{"start":{"line":27,"column":52},"end":{"line":27,"column":56}}],"line":27},"5":{"loc":{"start":{"line":29,"column":4},"end":{"line":31,"column":null}},"type":"if","locations":[{"start":{"line":29,"column":4},"end":{"line":31,"column":null}},{"start":{},"end":{}}],"line":29},"6":{"loc":{"start":{"line":30,"column":40},"end":{"line":30,"column":64}},"type":"binary-expr","locations":[{"start":{"line":30,"column":40},"end":{"line":30,"column":60}},{"start":{"line":30,"column":60},"end":{"line":30,"column":64}}],"line":30},"7":{"loc":{"start":{"line":36,"column":4},"end":{"line":39,"column":null}},"type":"if","locations":[{"start":{"line":36,"column":4},"end":{"line":39,"column":null}},{"start":{},"end":{}}],"line":36}},"s":{"0":1,"1":7,"2":7,"3":0,"4":0,"5":0,"6":0,"7":0,"8":0,"9":0,"10":0,"11":0,"12":0,"13":0,"14":0,"15":0,"16":0,"17":0,"18":7,"19":0,"20":0,"21":0,"22":0,"23":0,"24":0,"25":0,"26":0,"27":7},"f":{"0":7,"1":0,"2":0,"3":0,"4":0,"5":0,"6":0,"7":0,"8":0,"9":0},"b":{"0":[0,0],"1":[0,0],"2":[0,0],"3":[0,0],"4":[0,0],"5":[0,0],"6":[0,0],"7":[0,0]},"meta":{"lastBranch":8,"lastFunction":10,"lastStatement":28,"seen":{"s:7:59:51:Infinity":0,"f:7:59:7:60":0,"s:8:26:8:Infinity":1,"s:10:19:32:Infinity":2,"f:10:19:10:20":1,"s:11:15:11:Infinity":3,"b:12:4:14:Infinity:undefined:undefined:undefined:undefined":0,"s:12:4:14:Infinity":4,"s:13:6:13:Infinity":5,"s:16:4:24:Infinity":6,"f:16:14:16:15":2,"s:17:23:17:Infinity":7,"f:17:35:17:36":3,"s:17:42:17:82":8,"b:17:42:17:67:17:67:17:82":1,"b:19:6:23:Infinity:21:13:23:Infinity":2,"s:19:6:23:Infinity":9,"s:20:8:20:Infinity":10,"s:22:8:22:Infinity":11,"b:26:4:28:Infinity:undefined:undefined:undefined:undefined":3,"s:26:4:28:Infinity":12,"s:27:6:27:Infinity":13,"f:27:17:27:23":4,"s:27:23:27:40":14,"b:27:40:27:52:27:52:27:56":4,"b:29:4:31:Infinity:undefined:undefined:undefined:undefined":5,"s:29:4:31:Infinity":15,"s:30:6:30:Infinity":16,"f:30:17:30:23":5,"s:30:23:30:40":17,"b:30:40:30:60:30:60:30:64":6,"s:34:22:43:Infinity":18,"f:34:22:34:23":6,"s:35:16:35:Infinity":19,"b:36:4:39:Infinity:undefined:undefined:undefined:undefined":7,"s:36:4:39:Infinity":20,"s:37:6:37:Infinity":21,"s:38:6:38:Infinity":22,"s:40:4:42:Infinity":23,"f:40:15:40:21":7,"s:41:6:41:Infinity":24,"f:41:16:41:17":8,"s:41:26:41:65":25,"f:41:38:41:39":9,"s:41:49:41:64":26,"s:45:2:49:Infinity":27}}}
,"C:\\JSDev\\counterctrlv3\\src\\components\\toasts\\Icons\\index.tsx": {"path":"C:\\JSDev\\counterctrlv3\\src\\components\\toasts\\Icons\\index.tsx","statementMap":{"0":{"start":{"line":7,"column":25},"end":{"line":18,"column":null}},"1":{"start":{"line":8,"column":2},"end":{"line":16,"column":null}},"2":{"start":{"line":20,"column":27},"end":{"line":31,"column":null}},"3":{"start":{"line":21,"column":2},"end":{"line":29,"column":null}},"4":{"start":{"line":33,"column":24},"end":{"line":44,"column":null}},"5":{"start":{"line":34,"column":2},"end":{"line":42,"column":null}},"6":{"start":{"line":46,"column":27},"end":{"line":57,"column":null}},"7":{"start":{"line":47,"column":2},"end":{"line":55,"column":null}}},"fnMap":{"0":{"name":"(anonymous_0)","decl":{"start":{"line":7,"column":25},"end":{"line":7,"column":26}},"loc":{"start":{"line":7,"column":84},"end":{"line":18,"column":null}},"line":7},"1":{"name":"(anonymous_1)","decl":{"start":{"line":20,"column":27},"end":{"line":20,"column":28}},"loc":{"start":{"line":20,"column":86},"end":{"line":31,"column":null}},"line":20},"2":{"name":"(anonymous_2)","decl":{"start":{"line":33,"column":24},"end":{"line":33,"column":25}},"loc":{"start":{"line":33,"column":83},"end":{"line":44,"column":null}},"line":33},"3":{"name":"(anonymous_3)","decl":{"start":{"line":46,"column":27},"end":{"line":46,"column":28}},"loc":{"start":{"line":46,"column":86},"end":{"line":57,"column":null}},"line":46}},"branchMap":{"0":{"loc":{"start":{"line":7,"column":28},"end":{"line":7,"column":41}},"type":"default-arg","locations":[{"start":{"line":7,"column":37},"end":{"line":7,"column":41}}],"line":7},"1":{"loc":{"start":{"line":7,"column":41},"end":{"line":7,"column":53}},"type":"default-arg","locations":[{"start":{"line":7,"column":49},"end":{"line":7,"column":53}}],"line":7},"2":{"loc":{"start":{"line":7,"column":53},"end":{"line":7,"column":67}},"type":"default-arg","locations":[{"start":{"line":7,"column":60},"end":{"line":7,"column":67}}],"line":7},"3":{"loc":{"start":{"line":20,"column":30},"end":{"line":20,"column":43}},"type":"default-arg","locations":[{"start":{"line":20,"column":39},"end":{"line":20,"column":43}}],"line":20},"4":{"loc":{"start":{"line":20,"column":43},"end":{"line":20,"column":55}},"type":"default-arg","locations":[{"start":{"line":20,"column":51},"end":{"line":20,"column":55}}],"line":20},"5":{"loc":{"start":{"line":20,"column":55},"end":{"line":20,"column":69}},"type":"default-arg","locations":[{"start":{"line":20,"column":62},"end":{"line":20,"column":69}}],"line":20},"6":{"loc":{"start":{"line":33,"column":27},"end":{"line":33,"column":40}},"type":"default-arg","locations":[{"start":{"line":33,"column":36},"end":{"line":33,"column":40}}],"line":33},"7":{"loc":{"start":{"line":33,"column":40},"end":{"line":33,"column":52}},"type":"default-arg","locations":[{"start":{"line":33,"column":48},"end":{"line":33,"column":52}}],"line":33},"8":{"loc":{"start":{"line":33,"column":52},"end":{"line":33,"column":66}},"type":"default-arg","locations":[{"start":{"line":33,"column":59},"end":{"line":33,"column":66}}],"line":33},"9":{"loc":{"start":{"line":46,"column":30},"end":{"line":46,"column":43}},"type":"default-arg","locations":[{"start":{"line":46,"column":39},"end":{"line":46,"column":43}}],"line":46},"10":{"loc":{"start":{"line":46,"column":43},"end":{"line":46,"column":55}},"type":"default-arg","locations":[{"start":{"line":46,"column":51},"end":{"line":46,"column":55}}],"line":46},"11":{"loc":{"start":{"line":46,"column":55},"end":{"line":46,"column":69}},"type":"default-arg","locations":[{"start":{"line":46,"column":62},"end":{"line":46,"column":69}}],"line":46}},"s":{"0":1,"1":0,"2":1,"3":0,"4":1,"5":0,"6":1,"7":0},"f":{"0":0,"1":0,"2":0,"3":0},"b":{"0":[0],"1":[0],"2":[0],"3":[0],"4":[0],"5":[0],"6":[0],"7":[0],"8":[0],"9":[0],"10":[0],"11":[0]},"meta":{"lastBranch":12,"lastFunction":4,"lastStatement":8,"seen":{"s:7:25:18:Infinity":0,"f:7:25:7:26":0,"b:7:37:7:41":0,"b:7:49:7:53":1,"b:7:60:7:67":2,"s:8:2:16:Infinity":1,"s:20:27:31:Infinity":2,"f:20:27:20:28":1,"b:20:39:20:43":3,"b:20:51:20:55":4,"b:20:62:20:69":5,"s:21:2:29:Infinity":3,"s:33:24:44:Infinity":4,"f:33:24:33:25":2,"b:33:36:33:40":6,"b:33:48:33:52":7,"b:33:59:33:66":8,"s:34:2:42:Infinity":5,"s:46:27:57:Infinity":6,"f:46:27:46:28":3,"b:46:39:46:43":9,"b:46:51:46:55":10,"b:46:62:46:69":11,"s:47:2:55:Infinity":7}}}
,"C:\\JSDev\\counterctrlv3\\src\\components\\toasts\\interfaces\\index.ts": {"path":"C:\\JSDev\\counterctrlv3\\src\\components\\toasts\\interfaces\\index.ts","statementMap":{},"fnMap":{},"branchMap":{},"s":{},"f":{},"b":{},"meta":{"lastBranch":0,"lastFunction":0,"lastStatement":0,"seen":{}}}
,"C:\\JSDev\\counterctrlv3\\src\\features\\appSlice.ts": {"path":"C:\\JSDev\\counterctrlv3\\src\\features\\appSlice.ts","statementMap":{"0":{"start":{"line":18,"column":38},"end":{"line":31,"column":null}},"1":{"start":{"line":33,"column":13},"end":{"line":64,"column":null}},"2":{"start":{"line":38,"column":6},"end":{"line":38,"column":null}},"3":{"start":{"line":41,"column":6},"end":{"line":41,"column":null}},"4":{"start":{"line":44,"column":6},"end":{"line":44,"column":null}},"5":{"start":{"line":47,"column":6},"end":{"line":47,"column":null}},"6":{"start":{"line":50,"column":6},"end":{"line":50,"column":null}},"7":{"start":{"line":51,"column":6},"end":{"line":51,"column":null}},"8":{"start":{"line":54,"column":6},"end":{"line":54,"column":null}},"9":{"start":{"line":57,"column":6},"end":{"line":57,"column":null}},"10":{"start":{"line":60,"column":6},"end":{"line":60,"column":null}},"11":{"start":{"line":62,"column":28},"end":{"line":62,"column":null}},"12":{"start":{"line":76,"column":4},"end":{"line":76,"column":null}}},"fnMap":{"0":{"name":"(anonymous_0)","decl":{"start":{"line":37,"column":14},"end":{"line":37,"column":15}},"loc":{"start":{"line":37,"column":56},"end":{"line":39,"column":null}},"line":37},"1":{"name":"(anonymous_1)","decl":{"start":{"line":40,"column":17},"end":{"line":40,"column":18}},"loc":{"start":{"line":40,"column":60},"end":{"line":42,"column":null}},"line":40},"2":{"name":"(anonymous_2)","decl":{"start":{"line":43,"column":18},"end":{"line":43,"column":19}},"loc":{"start":{"line":43,"column":61},"end":{"line":45,"column":null}},"line":43},"3":{"name":"(anonymous_3)","decl":{"start":{"line":46,"column":23},"end":{"line":46,"column":24}},"loc":{"start":{"line":46,"column":66},"end":{"line":48,"column":null}},"line":46},"4":{"name":"(anonymous_4)","decl":{"start":{"line":49,"column":12},"end":{"line":49,"column":13}},"loc":{"start":{"line":49,"column":23},"end":{"line":52,"column":null}},"line":49},"5":{"name":"(anonymous_5)","decl":{"start":{"line":53,"column":17},"end":{"line":53,"column":18}},"loc":{"start":{"line":53,"column":60},"end":{"line":55,"column":null}},"line":53},"6":{"name":"(anonymous_6)","decl":{"start":{"line":56,"column":17},"end":{"line":56,"column":18}},"loc":{"start":{"line":56,"column":60},"end":{"line":58,"column":null}},"line":56},"7":{"name":"(anonymous_7)","decl":{"start":{"line":59,"column":18},"end":{"line":59,"column":19}},"loc":{"start":{"line":59,"column":61},"end":{"line":61,"column":null}},"line":59},"8":{"name":"(anonymous_8)","decl":{"start":{"line":62,"column":22},"end":{"line":62,"column":28}},"loc":{"start":{"line":62,"column":28},"end":{"line":62,"column":null}},"line":62}},"branchMap":{},"s":{"0":1,"1":1,"2":0,"3":0,"4":0,"5":0,"6":0,"7":0,"8":0,"9":0,"10":0,"11":0,"12":1},"f":{"0":0,"1":0,"2":0,"3":0,"4":0,"5":0,"6":0,"7":0,"8":0},"b":{},"meta":{"lastBranch":0,"lastFunction":9,"lastStatement":13,"seen":{"s:18:38:31:Infinity":0,"s:33:13:64:Infinity":1,"f:37:14:37:15":0,"s:38:6:38:Infinity":2,"f:40:17:40:18":1,"s:41:6:41:Infinity":3,"f:43:18:43:19":2,"s:44:6:44:Infinity":4,"f:46:23:46:24":3,"s:47:6:47:Infinity":5,"f:49:12:49:13":4,"s:50:6:50:Infinity":6,"s:51:6:51:Infinity":7,"f:53:17:53:18":5,"s:54:6:54:Infinity":8,"f:56:17:56:18":6,"s:57:6:57:Infinity":9,"f:59:18:59:19":7,"s:60:6:60:Infinity":10,"f:62:22:62:28":8,"s:62:28:62:Infinity":11,"s:76:4:76:Infinity":12}}}
,"C:\\JSDev\\counterctrlv3\\src\\features\\cashierSlice.ts": {"path":"C:\\JSDev\\counterctrlv3\\src\\features\\cashierSlice.ts","statementMap":{"0":{"start":{"line":46,"column":35},"end":{"line":72,"column":null}},"1":{"start":{"line":74,"column":13},"end":{"line":160,"column":null}},"2":{"start":{"line":79,"column":6},"end":{"line":79,"column":null}},"3":{"start":{"line":80,"column":6},"end":{"line":80,"column":null}},"4":{"start":{"line":83,"column":6},"end":{"line":83,"column":null}},"5":{"start":{"line":84,"column":6},"end":{"line":84,"column":null}},"6":{"start":{"line":90,"column":6},"end":{"line":90,"column":null}},"7":{"start":{"line":93,"column":6},"end":{"line":93,"column":null}},"8":{"start":{"line":96,"column":6},"end":{"line":96,"column":null}},"9":{"start":{"line":99,"column":6},"end":{"line":99,"column":null}},"10":{"start":{"line":102,"column":6},"end":{"line":102,"column":null}},"11":{"start":{"line":105,"column":6},"end":{"line":105,"column":null}},"12":{"start":{"line":108,"column":6},"end":{"line":108,"column":null}},"13":{"start":{"line":111,"column":6},"end":{"line":111,"column":null}},"14":{"start":{"line":114,"column":6},"end":{"line":114,"column":null}},"15":{"start":{"line":117,"column":6},"end":{"line":117,"column":null}},"16":{"start":{"line":120,"column":6},"end":{"line":120,"column":null}},"17":{"start":{"line":123,"column":6},"end":{"line":123,"column":null}},"18":{"start":{"line":126,"column":6},"end":{"line":126,"column":null}},"19":{"start":{"line":132,"column":6},"end":{"line":132,"column":null}},"20":{"start":{"line":135,"column":6},"end":{"line":135,"column":null}},"21":{"start":{"line":138,"column":6},"end":{"line":138,"column":null}},"22":{"start":{"line":141,"column":6},"end":{"line":141,"column":null}},"23":{"start":{"line":144,"column":6},"end":{"line":144,"column":null}},"24":{"start":{"line":147,"column":6},"end":{"line":147,"column":null}},"25":{"start":{"line":153,"column":6},"end":{"line":153,"column":null}},"26":{"start":{"line":156,"column":6},"end":{"line":156,"column":null}},"27":{"start":{"line":158,"column":29},"end":{"line":158,"column":null}},"28":{"start":{"line":187,"column":4},"end":{"line":187,"column":null}}},"fnMap":{"0":{"name":"(anonymous_0)","decl":{"start":{"line":78,"column":23},"end":{"line":78,"column":24}},"loc":{"start":{"line":78,"column":75},"end":{"line":81,"column":null}},"line":78},"1":{"name":"(anonymous_1)","decl":{"start":{"line":82,"column":22},"end":{"line":82,"column":23}},"loc":{"start":{"line":82,"column":72},"end":{"line":85,"column":null}},"line":82},"2":{"name":"(anonymous_2)","decl":{"start":{"line":86,"column":28},"end":{"line":86,"column":null}},"loc":{"start":{"line":89,"column":9},"end":{"line":91,"column":null}},"line":89},"3":{"name":"(anonymous_3)","decl":{"start":{"line":92,"column":18},"end":{"line":92,"column":19}},"loc":{"start":{"line":92,"column":64},"end":{"line":94,"column":null}},"line":92},"4":{"name":"(anonymous_4)","decl":{"start":{"line":95,"column":25},"end":{"line":95,"column":26}},"loc":{"start":{"line":95,"column":67},"end":{"line":97,"column":null}},"line":95},"5":{"name":"(anonymous_5)","decl":{"start":{"line":98,"column":23},"end":{"line":98,"column":24}},"loc":{"start":{"line":98,"column":66},"end":{"line":100,"column":null}},"line":98},"6":{"name":"(anonymous_6)","decl":{"start":{"line":101,"column":17},"end":{"line":101,"column":18}},"loc":{"start":{"line":101,"column":68},"end":{"line":103,"column":null}},"line":101},"7":{"name":"(anonymous_7)","decl":{"start":{"line":104,"column":24},"end":{"line":104,"column":25}},"loc":{"start":{"line":104,"column":75},"end":{"line":106,"column":null}},"line":104},"8":{"name":"(anonymous_8)","decl":{"start":{"line":107,"column":24},"end":{"line":107,"column":25}},"loc":{"start":{"line":107,"column":68},"end":{"line":109,"column":null}},"line":107},"9":{"name":"(anonymous_9)","decl":{"start":{"line":110,"column":18},"end":{"line":110,"column":19}},"loc":{"start":{"line":110,"column":75},"end":{"line":112,"column":null}},"line":110},"10":{"name":"(anonymous_10)","decl":{"start":{"line":113,"column":23},"end":{"line":113,"column":24}},"loc":{"start":{"line":113,"column":67},"end":{"line":115,"column":null}},"line":113},"11":{"name":"(anonymous_11)","decl":{"start":{"line":116,"column":23},"end":{"line":116,"column":24}},"loc":{"start":{"line":116,"column":65},"end":{"line":118,"column":null}},"line":116},"12":{"name":"(anonymous_12)","decl":{"start":{"line":119,"column":18},"end":{"line":119,"column":19}},"loc":{"start":{"line":119,"column":60},"end":{"line":121,"column":null}},"line":119},"13":{"name":"(anonymous_13)","decl":{"start":{"line":122,"column":19},"end":{"line":122,"column":20}},"loc":{"start":{"line":122,"column":61},"end":{"line":124,"column":null}},"line":122},"14":{"name":"(anonymous_14)","decl":{"start":{"line":125,"column":25},"end":{"line":125,"column":26}},"loc":{"start":{"line":125,"column":67},"end":{"line":127,"column":null}},"line":125},"15":{"name":"(anonymous_15)","decl":{"start":{"line":128,"column":31},"end":{"line":128,"column":null}},"loc":{"start":{"line":131,"column":9},"end":{"line":133,"column":null}},"line":131},"16":{"name":"(anonymous_16)","decl":{"start":{"line":134,"column":24},"end":{"line":134,"column":25}},"loc":{"start":{"line":134,"column":67},"end":{"line":136,"column":null}},"line":134},"17":{"name":"(anonymous_17)","decl":{"start":{"line":137,"column":19},"end":{"line":137,"column":20}},"loc":{"start":{"line":137,"column":61},"end":{"line":139,"column":null}},"line":137},"18":{"name":"(anonymous_18)","decl":{"start":{"line":140,"column":28},"end":{"line":140,"column":29}},"loc":{"start":{"line":140,"column":72},"end":{"line":142,"column":null}},"line":140},"19":{"name":"(anonymous_19)","decl":{"start":{"line":143,"column":27},"end":{"line":143,"column":28}},"loc":{"start":{"line":143,"column":71},"end":{"line":145,"column":null}},"line":143},"20":{"name":"(anonymous_20)","decl":{"start":{"line":146,"column":36},"end":{"line":146,"column":37}},"loc":{"start":{"line":146,"column":79},"end":{"line":148,"column":null}},"line":146},"21":{"name":"(anonymous_21)","decl":{"start":{"line":149,"column":29},"end":{"line":149,"column":null}},"loc":{"start":{"line":152,"column":9},"end":{"line":154,"column":null}},"line":152},"22":{"name":"(anonymous_22)","decl":{"start":{"line":155,"column":24},"end":{"line":155,"column":25}},"loc":{"start":{"line":155,"column":66},"end":{"line":157,"column":null}},"line":155},"23":{"name":"(anonymous_23)","decl":{"start":{"line":158,"column":23},"end":{"line":158,"column":29}},"loc":{"start":{"line":158,"column":29},"end":{"line":158,"column":null}},"line":158}},"branchMap":{},"s":{"0":1,"1":1,"2":0,"3":0,"4":0,"5":0,"6":0,"7":0,"8":0,"9":0,"10":0,"11":0,"12":0,"13":0,"14":0,"15":0,"16":0,"17":0,"18":0,"19":0,"20":0,"21":0,"22":0,"23":0,"24":0,"25":0,"26":0,"27":0,"28":1},"f":{"0":0,"1":0,"2":0,"3":0,"4":0,"5":0,"6":0,"7":0,"8":0,"9":0,"10":0,"11":0,"12":0,"13":0,"14":0,"15":0,"16":0,"17":0,"18":0,"19":0,"20":0,"21":0,"22":0,"23":0},"b":{},"meta":{"lastBranch":0,"lastFunction":24,"lastStatement":29,"seen":{"s:46:35:72:Infinity":0,"s:74:13:160:Infinity":1,"f:78:23:78:24":0,"s:79:6:79:Infinity":2,"s:80:6:80:Infinity":3,"f:82:22:82:23":1,"s:83:6:83:Infinity":4,"s:84:6:84:Infinity":5,"f:86:28:86:Infinity":2,"s:90:6:90:Infinity":6,"f:92:18:92:19":3,"s:93:6:93:Infinity":7,"f:95:25:95:26":4,"s:96:6:96:Infinity":8,"f:98:23:98:24":5,"s:99:6:99:Infinity":9,"f:101:17:101:18":6,"s:102:6:102:Infinity":10,"f:104:24:104:25":7,"s:105:6:105:Infinity":11,"f:107:24:107:25":8,"s:108:6:108:Infinity":12,"f:110:18:110:19":9,"s:111:6:111:Infinity":13,"f:113:23:113:24":10,"s:114:6:114:Infinity":14,"f:116:23:116:24":11,"s:117:6:117:Infinity":15,"f:119:18:119:19":12,"s:120:6:120:Infinity":16,"f:122:19:122:20":13,"s:123:6:123:Infinity":17,"f:125:25:125:26":14,"s:126:6:126:Infinity":18,"f:128:31:128:Infinity":15,"s:132:6:132:Infinity":19,"f:134:24:134:25":16,"s:135:6:135:Infinity":20,"f:137:19:137:20":17,"s:138:6:138:Infinity":21,"f:140:28:140:29":18,"s:141:6:141:Infinity":22,"f:143:27:143:28":19,"s:144:6:144:Infinity":23,"f:146:36:146:37":20,"s:147:6:147:Infinity":24,"f:149:29:149:Infinity":21,"s:153:6:153:Infinity":25,"f:155:24:155:25":22,"s:156:6:156:Infinity":26,"f:158:23:158:29":23,"s:158:29:158:Infinity":27,"s:187:4:187:Infinity":28}}}
,"C:\\JSDev\\counterctrlv3\\src\\features\\ctxMenuSlice.ts": {"path":"C:\\JSDev\\counterctrlv3\\src\\features\\ctxMenuSlice.ts","statementMap":{"0":{"start":{"line":11,"column":39},"end":{"line":14,"column":null}},"1":{"start":{"line":16,"column":6},"end":{"line":27,"column":null}},"2":{"start":{"line":21,"column":6},"end":{"line":21,"column":null}},"3":{"start":{"line":24,"column":6},"end":{"line":24,"column":null}},"4":{"start":{"line":29,"column":53},"end":{"line":29,"column":null}}},"fnMap":{"0":{"name":"(anonymous_0)","decl":{"start":{"line":20,"column":21},"end":{"line":20,"column":22}},"loc":{"start":{"line":20,"column":65},"end":{"line":22,"column":null}},"line":20},"1":{"name":"(anonymous_1)","decl":{"start":{"line":23,"column":22},"end":{"line":23,"column":23}},"loc":{"start":{"line":23,"column":71},"end":{"line":25,"column":null}},"line":23}},"branchMap":{},"s":{"0":1,"1":1,"2":0,"3":0,"4":1},"f":{"0":0,"1":0},"b":{},"meta":{"lastBranch":0,"lastFunction":2,"lastStatement":5,"seen":{"s:11:39:14:Infinity":0,"s:16:6:27:Infinity":1,"f:20:21:20:22":0,"s:21:6:21:Infinity":2,"f:23:22:23:23":1,"s:24:6:24:Infinity":3,"s:29:53:29:Infinity":4}}}
,"C:\\JSDev\\counterctrlv3\\src\\features\\forgotPasswordSlice.ts": {"path":"C:\\JSDev\\counterctrlv3\\src\\features\\forgotPasswordSlice.ts","statementMap":{"0":{"start":{"line":13,"column":49},"end":{"line":21,"column":null}},"1":{"start":{"line":23,"column":13},"end":{"line":50,"column":null}},"2":{"start":{"line":28,"column":6},"end":{"line":28,"column":null}},"3":{"start":{"line":31,"column":6},"end":{"line":31,"column":null}},"4":{"start":{"line":34,"column":6},"end":{"line":34,"column":null}},"5":{"start":{"line":37,"column":6},"end":{"line":37,"column":null}},"6":{"start":{"line":40,"column":6},"end":{"line":40,"column":null}},"7":{"start":{"line":46,"column":6},"end":{"line":46,"column":null}},"8":{"start":{"line":48,"column":36},"end":{"line":48,"column":null}},"9":{"start":{"line":61,"column":4},"end":{"line":61,"column":null}}},"fnMap":{"0":{"name":"(anonymous_0)","decl":{"start":{"line":27,"column":4},"end":{"line":27,"column":13}},"loc":{"start":{"line":27,"column":51},"end":{"line":29,"column":null}},"line":27},"1":{"name":"(anonymous_1)","decl":{"start":{"line":30,"column":4},"end":{"line":30,"column":16}},"loc":{"start":{"line":30,"column":54},"end":{"line":32,"column":null}},"line":30},"2":{"name":"(anonymous_2)","decl":{"start":{"line":33,"column":4},"end":{"line":33,"column":16}},"loc":{"start":{"line":33,"column":54},"end":{"line":35,"column":null}},"line":33},"3":{"name":"(anonymous_3)","decl":{"start":{"line":36,"column":4},"end":{"line":36,"column":14}},"loc":{"start":{"line":36,"column":52},"end":{"line":38,"column":null}},"line":36},"4":{"name":"(anonymous_4)","decl":{"start":{"line":39,"column":4},"end":{"line":39,"column":19}},"loc":{"start":{"line":39,"column":57},"end":{"line":41,"column":null}},"line":39},"5":{"name":"(anonymous_5)","decl":{"start":{"line":45,"column":4},"end":{"line":45,"column":13}},"loc":{"start":{"line":45,"column":20},"end":{"line":47,"column":null}},"line":45},"6":{"name":"(anonymous_6)","decl":{"start":{"line":48,"column":30},"end":{"line":48,"column":36}},"loc":{"start":{"line":48,"column":36},"end":{"line":48,"column":null}},"line":48}},"branchMap":{},"s":{"0":1,"1":1,"2":0,"3":0,"4":0,"5":0,"6":0,"7":0,"8":0,"9":1},"f":{"0":0,"1":0,"2":0,"3":0,"4":0,"5":0,"6":0},"b":{},"meta":{"lastBranch":0,"lastFunction":7,"lastStatement":10,"seen":{"s:13:49:21:Infinity":0,"s:23:13:50:Infinity":1,"f:27:4:27:13":0,"s:28:6:28:Infinity":2,"f:30:4:30:16":1,"s:31:6:31:Infinity":3,"f:33:4:33:16":2,"s:34:6:34:Infinity":4,"f:36:4:36:14":3,"s:37:6:37:Infinity":5,"f:39:4:39:19":4,"s:40:6:40:Infinity":6,"f:45:4:45:13":5,"s:46:6:46:Infinity":7,"f:48:30:48:36":6,"s:48:36:48:Infinity":8,"s:61:4:61:Infinity":9}}}
[...]
n":49}},{"start":{"line":165,"column":49},"end":{"line":165,"column":null}}],"line":165},"1":{"loc":{"start":{"line":169,"column":6},"end":{"line":173,"column":null}},"type":"if","locations":[{"start":{"line":169,"column":6},"end":{"line":173,"column":null}},{"start":{"line":171,"column":13},"end":{"line":173,"column":null}}],"line":169},"2":{"loc":{"start":{"line":179,"column":38},"end":{"line":179,"column":64}},"type":"default-arg","locations":[{"start":{"line":179,"column":58},"end":{"line":179,"column":64}}],"line":179},"3":{"loc":{"start":{"line":188,"column":2},"end":{"line":192,"column":null}},"type":"if","locations":[{"start":{"line":188,"column":2},"end":{"line":192,"column":null}},{"start":{"line":190,"column":9},"end":{"line":192,"column":null}}],"line":188},"4":{"loc":{"start":{"line":198,"column":4},"end":{"line":200,"column":null}},"type":"if","locations":[{"start":{"line":198,"column":4},"end":{"line":200,"column":null}},{"start":{},"end":{}}],"line":198},"5":{"loc":{"start":{"line":208,"column":4},"end":{"line":210,"column":null}},"type":"if","locations":[{"start":{"line":208,"column":4},"end":{"line":210,"column":null}},{"start":{},"end":{}}],"line":208},"6":{"loc":{"start":{"line":208,"column":8},"end":{"line":208,"column":68}},"type":"binary-expr","locations":[{"start":{"line":208,"column":8},"end":{"line":208,"column":36}},{"start":{"line":208,"column":36},"end":{"line":208,"column":68}}],"line":208}},"s":{"0":1,"1":0,"2":0,"3":1,"4":0,"5":1,"6":1,"7":0,"8":0,"9":0,"10":0,"11":0,"12":0,"13":0,"14":0,"15":1,"16":0,"17":0,"18":0,"19":0,"20":0,"21":1,"22":0,"23":0,"24":0,"25":1,"26":0,"27":0,"28":0,"29":0,"30":1,"31":0,"32":0,"33":0,"34":0},"f":{"0":0,"1":0,"2":0,"3":0,"4":0,"5":0,"6":0,"7":0,"8":0,"9":0,"10":0,"11":0,"12":0},"b":{"0":[0,0],"1":[0,0],"2":[0],"3":[0,0],"4":[0,0],"5":[0,0],"6":[0,0]},"meta":{"lastBranch":7,"lastFunction":13,"lastStatement":35,"seen":{"s:13:6:96:Infinity":0,"f:46:20:46:21":0,"s:46:21:46:Infinity":1,"f:93:20:93:21":1,"s:93:21:93:Infinity":2,"s:101:6:142:Infinity":3,"f:133:20:133:21":2,"s:133:21:133:Infinity":4,"s:144:21:156:Infinity":5,"s:158:26:177:Infinity":6,"f:158:26:158:Infinity":3,"s:163:19:174:Infinity":7,"f:164:12:164:13":4,"s:165:6:165:Infinity":8,"b:165:13:165:49:165:49:165:Infinity":0,"f:167:12:167:13":5,"s:168:16:168:Infinity":9,"f:168:25:168:26":6,"s:168:35:168:67":10,"b:169:6:173:Infinity:171:13:173:Infinity":1,"s:169:6:173:Infinity":11,"s:170:8:170:Infinity":12,"s:172:8:172:Infinity":13,"s:176:2:176:Infinity":14,"s:179:25:185:Infinity":15,"f:179:25:179:26":7,"b:179:58:179:64":2,"s:180:17:180:Infinity":16,"s:181:2:183:Infinity":17,"s:181:15:181:18":18,"s:182:4:182:Infinity":19,"s:184:2:184:Infinity":20,"s:187:32:193:Infinity":21,"f:187:32:187:33":8,"b:188:2:192:Infinity:190:9:192:Infinity":3,"s:188:2:192:Infinity":22,"s:189:4:189:Infinity":23,"s:191:4:191:Infinity":24,"s:196:29:203:Infinity":25,"f:196:29:196:30":9,"s:197:2:202:Infinity":26,"f:197:26:197:27":10,"b:198:4:200:Infinity:undefined:undefined:undefined:undefined":4,"s:198:4:200:Infinity":27,"s:199:6:199:Infinity":28,"s:201:4:201:Infinity":29,"s:206:32:213:Infinity":30,"f:206:32:206:33":11,"s:207:2:212:Infinity":31,"f:207:26:207:27":12,"b:208:4:210:Infinity:undefined:undefined:undefined:undefined":5,"s:208:4:210:Infinity":32,"b:208:8:208:36:208:36:208:68":6,"s:209:6:209:Infinity":33,"s:211:4:211:Infinity":34}}}
,"C:\\JSDev\\counterctrlv3\\src\\store\\index.ts": {"path":"C:\\JSDev\\counterctrlv3\\src\\store\\index.ts","statementMap":{"0":{"start":{"line":19,"column":26},"end":{"line":38,"column":null}},"1":{"start":{"line":43,"column":21},"end":{"line":43,"column":null}}},"fnMap":{"0":{"name":"(anonymous_0)","decl":{"start":{"line":19,"column":26},"end":{"line":19,"column":null}},"loc":{"start":{"line":19,"column":26},"end":{"line":38,"column":null}},"line":19}},"branchMap":{},"s":{"0":2,"1":1},"f":{"0":2},"b":{},"meta":{"lastBranch":0,"lastFunction":1,"lastStatement":2,"seen":{"s:19:26:38:Infinity":0,"f:19:26:19:Infinity":0,"s:43:21:43:Infinity":1}}}
,"C:\\JSDev\\counterctrlv3\\src\\test\\utils.tsx": {"path":"C:\\JSDev\\counterctrlv3\\src\\test\\utils.tsx","statementMap":{"0":{"start":{"line":8,"column":35},"end":{"line":23,"column":null}},"1":{"start":{"line":14,"column":2},"end":{"line":22,"column":null}}},"fnMap":{"0":{"name":"(anonymous_0)","decl":{"start":{"line":8,"column":35},"end":{"line":8,"column":null}},"loc":{"start":{"line":13,"column":5},"end":{"line":23,"column":null}},"line":13}},"branchMap":{"0":{"loc":{"start":{"line":10,"column":2},"end":{"line":12,"column":null}},"type":"default-arg","locations":[{"start":{"line":12,"column":6},"end":{"line":12,"column":null}}],"line":10},"1":{"loc":{"start":{"line":11,"column":4},"end":{"line":11,"column":null}},"type":"default-arg","locations":[{"start":{"line":11,"column":4},"end":{"line":11,"column":null}}],"line":11}},"s":{"0":1,"1":7},"f":{"0":7},"b":{"0":[7],"1":[7]},"meta":{"lastBranch":2,"lastFunction":1,"lastStatement":2,"seen":{"s:8:35:23:Infinity":0,"f:8:35:8:Infinity":0,"b:12:6:12:Infinity":0,"b:11:4:11:Infinity":1,"s:14:2:22:Infinity":1}}}
,"C:\\JSDev\\counterctrlv3\\src\\test\\components\\storepicker\\index.ts": {"path":"C:\\JSDev\\counterctrlv3\\src\\test\\components\\storepicker\\index.ts","statementMap":{"0":{"start":{"line":1,"column":26},"end":{"line":17,"column":null}}},"fnMap":{},"branchMap":{},"s":{"0":1},"f":{},"b":{},"meta":{"lastBranch":0,"lastFunction":0,"lastStatement":1,"seen":{"s:1:26:17:Infinity":0}}}
,"C:\\JSDev\\counterctrlv3\\src\\utils\\index.ts": {"path":"C:\\JSDev\\counterctrlv3\\src\\utils\\index.ts","statementMap":{"0":{"start":{"line":1,"column":26},"end":{"line":8,"column":null}},"1":{"start":{"line":2,"column":14},"end":{"line":2,"column":null}},"2":{"start":{"line":3,"column":16},"end":{"line":3,"column":null}},"3":{"start":{"line":4,"column":14},"end":{"line":4,"column":null}},"4":{"start":{"line":5,"column":15},"end":{"line":5,"column":null}},"5":{"start":{"line":6,"column":2},"end":{"line":6,"column":null}},"6":{"start":{"line":10,"column":23},"end":{"line":13,"column":null}},"7":{"start":{"line":11,"column":18},"end":{"line":11,"column":null}},"8":{"start":{"line":12,"column":2},"end":{"line":12,"column":null}},"9":{"start":{"line":15,"column":33},"end":{"line":22,"column":null}},"10":{"start":{"line":16,"column":18},"end":{"line":16,"column":null}},"11":{"start":{"line":16,"column":36},"end":{"line":16,"column":null}},"12":{"start":{"line":17,"column":14},"end":{"line":17,"column":null}},"13":{"start":{"line":18,"column":16},"end":{"line":18,"column":null}},"14":{"start":{"line":19,"column":14},"end":{"line":19,"column":null}},"15":{"start":{"line":20,"column":15},"end":{"line":20,"column":null}},"16":{"start":{"line":21,"column":2},"end":{"line":21,"column":null}},"17":{"start":{"line":24,"column":16},"end":{"line":39,"column":null}},"18":{"start":{"line":25,"column":2},"end":{"line":38,"column":null}},"19":{"start":{"line":26,"column":4},"end":{"line":26,"column":null}},"20":{"start":{"line":28,"column":4},"end":{"line":30,"column":null}},"21":{"start":{"line":29,"column":6},"end":{"line":29,"column":null}},"22":{"start":{"line":32,"column":4},"end":{"line":36,"column":null}},"23":{"start":{"line":33,"column":6},"end":{"line":35,"column":null}},"24":{"start":{"line":34,"column":8},"end":{"line":34,"column":null}},"25":{"start":{"line":37,"column":4},"end":{"line":37,"column":null}},"26":{"start":{"line":41,"column":23},"end":{"line":55,"column":null}},"27":{"start":{"line":46,"column":2},"end":{"line":46,"column":null}},"28":{"start":{"line":46,"column":23},"end":{"line":46,"column":null}},"29":{"start":{"line":47,"column":22},"end":{"line":47,"column":null}},"30":{"start":{"line":48,"column":2},"end":{"line":50,"column":null}},"31":{"start":{"line":49,"column":4},"end":{"line":49,"column":null}},"32":{"start":{"line":51,"column":2},"end":{"line":54,"column":null}},"33":{"start":{"line":57,"column":31},"end":{"line":60,"column":null}},"34":{"start":{"line":58,"column":17},"end":{"line":58,"column":null}},"35":{"start":{"line":59,"column":2},"end":{"line":59,"column":null}},"36":{"start":{"line":62,"column":28},"end":{"line":68,"column":null}},"37":{"start":{"line":63,"column":14},"end":{"line":63,"column":null}},"38":{"start":{"line":64,"column":16},"end":{"line":64,"column":null}},"39":{"start":{"line":65,"column":14},"end":{"line":65,"column":null}},"40":{"start":{"line":66,"column":15},"end":{"line":66,"column":null}},"41":{"start":{"line":67,"column":2},"end":{"line":67,"column":null}},"42":{"start":{"line":70,"column":31},"end":{"line":80,"column":null}},"43":{"start":{"line":75,"column":44},"end":{"line":75,"column":null}},"44":{"start":{"line":76,"column":2},"end":{"line":78,"column":null}},"45":{"start":{"line":77,"column":4},"end":{"line":77,"column":null}},"46":{"start":{"line":79,"column":2},"end":{"line":79,"column":null}},"47":{"start":{"line":82,"column":28},"end":{"line":159,"column":null}},"48":{"start":{"line":101,"column":17},"end":{"line":101,"column":null}},"49":{"start":{"line":102,"column":22},"end":{"line":102,"column":null}},"50":{"start":{"line":103,"column":15},"end":{"line":103,"column":null}},"51":{"start":{"line":107,"column":4},"end":{"line":111,"column":null}},"52":{"start":{"line":114,"column":17},"end":{"line":114,"column":null}},"53":{"start":{"line":118,"column":19},"end":{"line":118,"column":null}},"54":{"start":{"line":121,"column":17},"end":{"line":121,"column":null}},"55":{"start":{"line":130,"column":2},"end":{"line":130,"column":null}},"56":{"start":{"line":135,"column":2},"end":{"line":137,"column":null}},"57":{"start":{"line":138,"column":2},"end":{"line":140,"column":null}},"58":{"start":{"line":143,"column":2},"end":{"line":143,"column":null}},"59":{"start":{"line":144,"column":2},"end":{"line":144,"column":null}},"60":{"start":{"line":147,"column":20},"end":{"line":147,"column":null}},"61":{"start":{"line":148,"column":2},"end":{"line":150,"column":null}},"62":{"start":{"line":149,"column":4},"end":{"line":149,"column":null}},"63":{"start":{"line":153,"column":2},"end":{"line":153,"column":null}},"64":{"start":{"line":156,"column":2},"end":{"line":158,"column":null}},"65":{"start":{"line":157,"column":4},"end":{"line":157,"column":null}}},"fnMap":{"0":{"name":"(anonymous_0)","decl":{"start":{"line":1,"column":26},"end":{"line":1,"column":27}},"loc":{"start":{"line":1,"column":44},"end":{"line":8,"column":null}},"line":1},"1":{"name":"(anonymous_1)","decl":{"start":{"line":10,"column":23},"end":{"line":10,"column":24}},"loc":{"start":{"line":10,"column":64},"end":{"line":13,"column":null}},"line":10},"2":{"name":"(anonymous_2)","decl":{"start":{"line":15,"column":33},"end":{"line":15,"column":34}},"loc":{"start":{"line":15,"column":51},"end":{"line":22,"column":null}},"line":15},"3":{"name":"(anonymous_3)","decl":{"start":{"line":16,"column":18},"end":{"line":16,"column":19}},"loc":{"start":{"line":16,"column":36},"end":{"line":16,"column":null}},"line":16},"4":{"name":"(anonymous_4)","decl":{"start":{"line":24,"column":16},"end":{"line":24,"column":17}},"loc":{"start":{"line":24,"column":61},"end":{"line":39,"column":null}},"line":24},"5":{"name":"(anonymous_5)","decl":{"start":{"line":41,"column":23},"end":{"line":41,"column":null}},"loc":{"start":{"line":45,"column":13},"end":{"line":55,"column":null}},"line":45},"6":{"name":"(anonymous_6)","decl":{"start":{"line":57,"column":31},"end":{"line":57,"column":32}},"loc":{"start":{"line":57,"column":46},"end":{"line":60,"column":null}},"line":57},"7":{"name":"(anonymous_7)","decl":{"start":{"line":62,"column":28},"end":{"line":62,"column":29}},"loc":{"start":{"line":62,"column":46},"end":{"line":68,"column":null}},"line":62},"8":{"name":"(anonymous_8)","decl":{"start":{"line":70,"column":31},"end":{"line":70,"column":null}},"loc":{"start":{"line":74,"column":13},"end":{"line":80,"column":null}},"line":74},"9":{"name":"(anonymous_9)","decl":{"start":{"line":82,"column":28},"end":{"line":82,"column":29}},"loc":{"start":{"line":82,"column":69},"end":{"line":159,"column":null}},"line":82},"10":{"name":"(anonymous_10)","decl":{"start":{"line":156,"column":42},"end":{"line":156,"column":48}},"loc":{"start":{"line":156,"column":48},"end":{"line":158,"column":3}},"line":156}},"branchMap":{"0":{"loc":{"start":{"line":16,"column":36},"end":{"line":16,"column":null}},"type":"cond-expr","locations":[{"start":{"line":16,"column":47},"end":{"line":16,"column":59}},{"start":{"line":16,"column":59},"end":{"line":16,"column":null}}],"line":16},"1":{"loc":{"start":{"line":25,"column":2},"end":{"line":38,"column":null}},"type":"if","locations":[{"start":{"line":25,"column":2},"end":{"line":38,"column":null}},{"start":{"line":27,"column":9},"end":{"line":38,"column":null}}],"line":25},"2":{"loc":{"start":{"line":25,"column":6},"end":{"line":25,"column":50}},"type":"binary-expr","locations":[{"start":{"line":25,"column":6},"end":{"line":25,"column":36}},{"start":{"line":25,"column":36},"end":{"line":25,"column":50}}],"line":25},"3":{"loc":{"start":{"line":28,"column":4},"end":{"line":30,"column":null}},"type":"if","locations":[{"start":{"line":28,"column":4},"end":{"line":30,"column":null}},{"start":{},"end":{}}],"line":28},"4":{"loc":{"start":{"line":28,"column":8},"end":{"line":28,"column":53}},"type":"binary-expr","locations":[{"start":{"line":28,"column":8},"end":{"line":28,"column":35}},{"start":{"line":28,"column":35},"end":{"line":28,"column":53}}],"line":28},"5":{"loc":{"start":{"line":32,"column":4},"end":{"line":36,"column":null}},"type":"if","locations":[{"start":{"line":32,"column":4},"end":{"line":36,"column":null}},{"start":{},"end":{}}],"line":32},"6":{"loc":{"start":{"line":33,"column":6},"end":{"line":35,"column":null}},"type":"if","locations":[{"start":{"line":33,"column":6},"end":{"line":35,"column":null}},{"start":{},"end":{}}],"line":33},"7":{"loc":{"start":{"line":43,"column":2},"end":{"line":43,"column":null}},"type":"default-arg","locations":[{"start":{"line":43,"column":19},"end":{"line":43,"column":null}}],"line":43},"8":{"loc":{"start":{"line":44,"column":2},"end":{"line":44,"column":null}},"type":"default-arg","locations":[{"start":{"line":44,"column":21},"end":{"line":44,"column":null}}],"line":44},"9":{"loc":{"start":{"line":46,"column":2},"end":{"line":46,"column":null}},"type":"if","locations":[{"start":{"line":46,"column":2},"end":{"line":46,"column":null}},{"start":{},"end":{}}],"line":46},"10":{"loc":{"start":{"line":48,"column":2},"end":{"line":50,"column":null}},"type":"if","locations":[{"start":{"line":48,"column":2},"end":{"line":50,"column":null}},{"start":{},"end":{}}],"line":48},"11":{"loc":{"start":{"line":59,"column":9},"end":{"line":59,"column":null}},"type":"cond-expr","locations":[{"start":{"line":59,"column":17},"end":{"line":59,"column":47}},{"start":{"line":59,"column":47},"end":{"line":59,"column":null}}],"line":59},"12":{"loc":{"start":{"line":72,"column":2},"end":{"line":72,"column":null}},"type":"default-arg","locations":[{"start":{"line":72,"column":21},"end":{"line":72,"column":null}}],"line":72},"13":{"loc":{"start":{"line":73,"column":2},"end":{"line":73,"column":null}},"type":"default-arg","locations":[{"start":{"line":73,"column":19},"end":{"line":73,"column":null}}],"line":73},"14":{"loc":{"start":{"line":76,"column":2},"end":{"line":78,"column":null}},"type":"if","locations":[{"start":{"line":76,"column":2},"end":{"line":78,"column":null}},{"start":{},"end":{}}],"line":76},"15":{"loc":{"start":{"line":103,"column":15},"end":{"line":103,"column":null}},"type":"cond-expr","locations":[{"start":{"line":103,"column":29},"end":{"line":103,"column":55}},{"start":{"line":103,"column":55},"end":{"line":103,"column":null}}],"line":103},"16":{"loc":{"start":{"line":107,"column":4},"end":{"line":111,"column":null}},"type":"cond-expr","locations":[{"start":{"line":108,"column":8},"end":{"line":108,"column":null}},{"start":{"line":109,"column":8},"end":{"line":111,"column":null}}],"line":107},"17":{"loc":{"start":{"line":109,"column":8},"end":{"line":111,"column":null}},"type":"cond-expr","locations":[{"start":{"line":110,"column":8},"end":{"line":110,"column":null}},{"start":{"line":111,"column":8},"end":{"line":111,"column":null}}],"line":109},"18":{"loc":{"start":{"line":148,"column":2},"end":{"line":150,"column":null}},"type":"if","locations":[{"start":{"line":148,"column":2},"end":{"line":150,"column":null}},{"start":{},"end":{}}],"line":148}},"s":{"0":1,"1":2,"2":2,"3":2,"4":2,"5":2,"6":1,"7":1,"8":1,"9":1,"10":0,"11":0,"12":0,"13":0,"14":0,"15":0,"16":0,"17":1,"18":0,"19":0,"20":0,"21":0,"22":0,"23":0,"24":0,"25":0,"26":1,"27":0,"28":0,"29":0,"30":0,"31":0,"32":0,"33":1,"34":0,"35":0,"36":1,"37":0,"38":0,"39":0,"40":0,"41":0,"42":1,"43":0,"44":0,"45":0,"46":0,"47":1,"48":0,"49":0,"50":0,"51":0,"52":0,"53":0,"54":0,"55":0,"56":0,"57":0,"58":0,"59":0,"60":0,"61":0,"62":0,"63":0,"64":0,"65":0},"f":{"0":2,"1":1,"2":0,"3":0,"4":0,"5":0,"6":0,"7":0,"8":0,"9":0,"10":0},"b":{"0":[0,0],"1":[0,0],"2":[0,0],"3":[0,0],"4":[0,0],"5":[0,0],"6":[0,0],"7":[0],"8":[0],"9":[0,0],"10":[0,0],"11":[0,0],"12":[0],"13":[0],"14":[0,0],"15":[0,0],"16":[0,0],"17":[0,0],"18":[0,0]},"meta":{"lastBranch":19,"lastFunction":11,"lastStatement":66,"seen":{"s:1:26:8:Infinity":0,"f:1:26:1:27":0,"s:2:14:2:Infinity":1,"s:3:16:3:Infinity":2,"s:4:14:4:Infinity":3,"s:5:15:5:Infinity":4,"s:6:2:6:Infinity":5,"s:10:23:13:Infinity":6,"f:10:23:10:24":1,"s:11:18:11:Infinity":7,"s:12:2:12:Infinity":8,"s:15:33:22:Infinity":9,"f:15:33:15:34":2,"s:16:18:16:Infinity":10,"f:16:18:16:19":3,"s:16:36:16:Infinity":11,"b:16:47:16:59:16:59:16:Infinity":0,"s:17:14:17:Infinity":12,"s:18:16:18:Infinity":13,"s:19:14:19:Infinity":14,"s:20:15:20:Infinity":15,"s:21:2:21:Infinity":16,"s:24:16:39:Infinity":17,"f:24:16:24:17":4,"b:25:2:38:Infinity:27:9:38:Infinity":1,"s:25:2:38:Infinity":18,"b:25:6:25:36:25:36:25:50":2,"s:26:4:26:Infinity":19,"b:28:4:30:Infinity:undefined:undefined:undefined:undefined":3,"s:28:4:30:Infinity":20,"b:28:8:28:35:28:35:28:53":4,"s:29:6:29:Infinity":21,"b:32:4:36:Infinity:undefined:undefined:undefined:undefined":5,"s:32:4:36:Infinity":22,"b:33:6:35:Infinity:undefined:undefined:undefined:undefined":6,"s:33:6:35:Infinity":23,"s:34:8:34:Infinity":24,"s:37:4:37:Infinity":25,"s:41:23:55:Infinity":26,"f:41:23:41:Infinity":5,"b:43:19:43:Infinity":7,"b:44:21:44:Infinity":8,"b:46:2:46:Infinity:undefined:undefined:undefined:undefined":9,"s:46:2:46:Infinity":27,"s:46:23:46:Infinity":28,"s:47:22:47:Infinity":29,"b:48:2:50:Infinity:undefined:undefined:undefined:undefined":10,"s:48:2:50:Infinity":30,"s:49:4:49:Infinity":31,"s:51:2:54:Infinity":32,"s:57:31:60:Infinity":33,"f:57:31:57:32":6,"s:58:17:58:Infinity":34,"s:59:2:59:Infinity":35,"b:59:17:59:47:59:47:59:Infinity":11,"s:62:28:68:Infinity":36,"f:62:28:62:29":7,"s:63:14:63:Infinity":37,"s:64:16:64:Infinity":38,"s:65:14:65:Infinity":39,"s:66:15:66:Infinity":40,"s:67:2:67:Infinity":41,"s:70:31:80:Infinity":42,"f:70:31:70:Infinity":8,"b:72:21:72:Infinity":12,"b:73:19:73:Infinity":13,"s:75:44:75:Infinity":43,"b:76:2:78:Infinity:undefined:undefined:undefined:undefined":14,"s:76:2:78:Infinity":44,"s:77:4:77:Infinity":45,"s:79:2:79:Infinity":46,"s:82:28:159:Infinity":47,"f:82:28:82:29":9,"s:101:17:101:Infinity":48,"s:102:22:102:Infinity":49,"s:103:15:103:Infinity":50,"b:103:29:103:55:103:55:103:Infinity":15,"s:107:4:111:Infinity":51,"b:108:8:108:Infinity:109:8:111:Infinity":16,"b:110:8:110:Infinity:111:8:111:Infinity":17,"s:114:17:114:Infinity":52,"s:118:19:118:Infinity":53,"s:121:17:121:Infinity":54,"s:130:2:130:Infinity":55,"s:135:2:137:Infinity":56,"s:138:2:140:Infinity":57,"s:143:2:143:Infinity":58,"s:144:2:144:Infinity":59,"s:147:20:147:Infinity":60,"b:148:2:150:Infinity:undefined:undefined:undefined:undefined":18,"s:148:2:150:Infinity":61,"s:149:4:149:Infinity":62,"s:153:2:153:Infinity":63,"s:156:2:158:Infinity":64,"f:156:42:156:48":10,"s:157:4:157:Infinity":65}}}
}
