{"C:\\JSDev\\counterctrlv3\\src\\components\\CtxMenu.tsx": {"path":"C:\\JSDev\\counterctrlv3\\src\\components\\CtxMenu.tsx","statementMap":{"0":{"start":{"line":19,"column":16},"end":{"line":94,"column":null}},"1":{"start":{"line":20,"column":8},"end":{"line":20,"column":null}},"2":{"start":{"line":21,"column":8},"end":{"line":21,"column":null}},"3":{"start":{"line":22,"column":8},"end":{"line":22,"column":null}},"4":{"start":{"line":22,"column":44},"end":{"line":22,"column":57}},"5":{"start":{"line":24,"column":2},"end":{"line":37,"column":null}},"6":{"start":{"line":25,"column":31},"end":{"line":29,"column":null}},"7":{"start":{"line":26,"column":6},"end":{"line":28,"column":null}},"8":{"start":{"line":27,"column":8},"end":{"line":27,"column":null}},"9":{"start":{"line":31,"column":4},"end":{"line":33,"column":null}},"10":{"start":{"line":32,"column":6},"end":{"line":32,"column":null}},"11":{"start":{"line":34,"column":4},"end":{"line":36,"column":null}},"12":{"start":{"line":35,"column":6},"end":{"line":35,"column":null}},"13":{"start":{"line":39,"column":22},"end":{"line":46,"column":null}},"14":{"start":{"line":40,"column":4},"end":{"line":44,"column":null}},"15":{"start":{"line":41,"column":6},"end":{"line":41,"column":null}},"16":{"start":{"line":42,"column":4},"end":{"line":44,"column":null}},"17":{"start":{"line":43,"column":6},"end":{"line":43,"column":null}},"18":{"start":{"line":45,"column":4},"end":{"line":45,"column":null}},"19":{"start":{"line":48,"column":22},"end":{"line":52,"column":null}},"20":{"start":{"line":49,"column":4},"end":{"line":51,"column":null}},"21":{"start":{"line":50,"column":6},"end":{"line":50,"column":null}},"22":{"start":{"line":54,"column":2},"end":{"line":92,"column":null}},"23":{"start":{"line":68,"column":12},"end":{"line":88,"column":null}},"24":{"start":{"line":79,"column":18},"end":{"line":83,"column":null}}},"fnMap":{"0":{"name":"(anonymous_0)","decl":{"start":{"line":19,"column":16},"end":{"line":19,"column":17}},"loc":{"start":{"line":19,"column":74},"end":{"line":94,"column":null}},"line":19},"1":{"name":"(anonymous_1)","decl":{"start":{"line":22,"column":33},"end":{"line":22,"column":34}},"loc":{"start":{"line":22,"column":44},"end":{"line":22,"column":57}},"line":22},"2":{"name":"(anonymous_2)","decl":{"start":{"line":24,"column":12},"end":{"line":24,"column":18}},"loc":{"start":{"line":24,"column":18},"end":{"line":37,"column":5}},"line":24},"3":{"name":"(anonymous_3)","decl":{"start":{"line":25,"column":31},"end":{"line":25,"column":32}},"loc":{"start":{"line":25,"column":54},"end":{"line":29,"column":null}},"line":25},"4":{"name":"(anonymous_4)","decl":{"start":{"line":34,"column":11},"end":{"line":34,"column":17}},"loc":{"start":{"line":34,"column":17},"end":{"line":36,"column":null}},"line":34},"5":{"name":"(anonymous_5)","decl":{"start":{"line":39,"column":22},"end":{"line":39,"column":23}},"loc":{"start":{"line":39,"column":52},"end":{"line":46,"column":null}},"line":39},"6":{"name":"(anonymous_6)","decl":{"start":{"line":48,"column":22},"end":{"line":48,"column":23}},"loc":{"start":{"line":48,"column":76},"end":{"line":52,"column":null}},"line":48},"7":{"name":"(anonymous_7)","decl":{"start":{"line":67,"column":23},"end":{"line":67,"column":24}},"loc":{"start":{"line":68,"column":12},"end":{"line":88,"column":null}},"line":68},"8":{"name":"(anonymous_8)","decl":{"start":{"line":78,"column":25},"end":{"line":78,"column":null}},"loc":{"start":{"line":79,"column":18},"end":{"line":83,"column":null}},"line":79}},"branchMap":{"0":{"loc":{"start":{"line":19,"column":19},"end":{"line":19,"column":35}},"type":"default-arg","locations":[{"start":{"line":19,"column":31},"end":{"line":19,"column":35}}],"line":19},"1":{"loc":{"start":{"line":26,"column":6},"end":{"line":28,"column":null}},"type":"if","locations":[{"start":{"line":26,"column":6},"end":{"line":28,"column":null}},{"start":{},"end":{}}],"line":26},"2":{"loc":{"start":{"line":26,"column":10},"end":{"line":26,"column":78}},"type":"binary-expr","locations":[{"start":{"line":26,"column":10},"end":{"line":26,"column":29}},{"start":{"line":26,"column":29},"end":{"line":26,"column":78}}],"line":26},"3":{"loc":{"start":{"line":31,"column":4},"end":{"line":33,"column":null}},"type":"if","locations":[{"start":{"line":31,"column":4},"end":{"line":33,"column":null}},{"start":{},"end":{}}],"line":31},"4":{"loc":{"start":{"line":40,"column":4},"end":{"line":44,"column":null}},"type":"if","locations":[{"start":{"line":40,"column":4},"end":{"line":44,"column":null}},{"start":{"line":42,"column":4},"end":{"line":44,"column":null}}],"line":40},"5":{"loc":{"start":{"line":42,"column":4},"end":{"line":44,"column":null}},"type":"if","locations":[{"start":{"line":42,"column":4},"end":{"line":44,"column":null}},{"start":{},"end":{}}],"line":42},"6":{"loc":{"start":{"line":49,"column":4},"end":{"line":51,"column":null}},"type":"if","locations":[{"start":{"line":49,"column":4},"end":{"line":51,"column":null}},{"start":{},"end":{}}],"line":49},"7":{"loc":{"start":{"line":56,"column":7},"end":{"line":91,"column":null}},"type":"cond-expr","locations":[{"start":{"line":57,"column":8},"end":{"line":90,"column":null}},{"start":{"line":91,"column":10},"end":{"line":91,"column":null}}],"line":56},"8":{"loc":{"start":{"line":82,"column":20},"end":{"line":82,"column":null}},"type":"cond-expr","locations":[{"start":{"line":82,"column":35},"end":{"line":82,"column":50}},{"start":{"line":82,"column":50},"end":{"line":82,"column":null}}],"line":82}},"s":{"0":4,"1":28,"2":28,"3":28,"4":58,"5":28,"6":14,"7":2,"8":1,"9":14,"10":2,"11":14,"12":14,"13":28,"14":4,"15":2,"16":2,"17":2,"18":0,"19":28,"20":1,"21":1,"22":28,"23":4,"24":1},"f":{"0":28,"1":58,"2":14,"3":2,"4":14,"5":4,"6":1,"7":4,"8":1},"b":{"0":[28],"1":[1,1],"2":[2,2],"3":[2,12],"4":[2,2],"5":[2,0],"6":[1,0],"7":[2,26],"8":[0,1]},"meta":{"lastBranch":9,"lastFunction":9,"lastStatement":25,"seen":{"s:19:16:94:Infinity":0,"f:19:16:19:17":0,"b:19:31:19:35":0,"s:20:8:20:Infinity":1,"s:21:8:21:Infinity":2,"s:22:8:22:Infinity":3,"f:22:33:22:34":1,"s:22:44:22:57":4,"s:24:2:37:Infinity":5,"f:24:12:24:18":2,"s:25:31:29:Infinity":6,"f:25:31:25:32":3,"b:26:6:28:Infinity:undefined:undefined:undefined:undefined":1,"s:26:6:28:Infinity":7,"b:26:10:26:29:26:29:26:78":2,"s:27:8:27:Infinity":8,"b:31:4:33:Infinity:undefined:undefined:undefined:undefined":3,"s:31:4:33:Infinity":9,"s:32:6:32:Infinity":10,"s:34:4:36:Infinity":11,"f:34:11:34:17":4,"s:35:6:35:Infinity":12,"s:39:22:46:Infinity":13,"f:39:22:39:23":5,"b:40:4:44:Infinity:42:4:44:Infinity":4,"s:40:4:44:Infinity":14,"s:41:6:41:Infinity":15,"b:42:4:44:Infinity:undefined:undefined:undefined:undefined":5,"s:42:4:44:Infinity":16,"s:43:6:43:Infinity":17,"s:45:4:45:Infinity":18,"s:48:22:52:Infinity":19,"f:48:22:48:23":6,"b:49:4:51:Infinity:undefined:undefined:undefined:undefined":6,"s:49:4:51:Infinity":20,"s:50:6:50:Infinity":21,"s:54:2:92:Infinity":22,"b:57:8:90:Infinity:91:10:91:Infinity":7,"f:67:23:67:24":7,"s:68:12:88:Infinity":23,"f:78:25:78:Infinity":8,"s:79:18:83:Infinity":24,"b:82:35:82:50:82:50:82:Infinity":8}}}
,"C:\\JSDev\\counterctrlv3\\src\\components\\Modal.tsx": {"path":"C:\\JSDev\\counterctrlv3\\src\\components\\Modal.tsx","statementMap":{"0":{"start":{"line":12,"column":14},"end":{"line":60,"column":null}},"1":{"start":{"line":20,"column":8},"end":{"line":20,"column":null}},"2":{"start":{"line":22,"column":2},"end":{"line":42,"column":null}},"3":{"start":{"line":23,"column":31},"end":{"line":31,"column":null}},"4":{"start":{"line":24,"column":6},"end":{"line":30,"column":null}},"5":{"start":{"line":29,"column":8},"end":{"line":29,"column":null}},"6":{"start":{"line":33,"column":4},"end":{"line":37,"column":null}},"7":{"start":{"line":34,"column":6},"end":{"line":34,"column":null}},"8":{"start":{"line":36,"column":6},"end":{"line":36,"column":null}},"9":{"start":{"line":39,"column":4},"end":{"line":41,"column":null}},"10":{"start":{"line":40,"column":6},"end":{"line":40,"column":null}},"11":{"start":{"line":44,"column":2},"end":{"line":44,"column":null}},"12":{"start":{"line":44,"column":15},"end":{"line":44,"column":null}},"13":{"start":{"line":46,"column":2},"end":{"line":58,"column":null}}},"fnMap":{"0":{"name":"(anonymous_0)","decl":{"start":{"line":12,"column":14},"end":{"line":12,"column":15}},"loc":{"start":{"line":19,"column":18},"end":{"line":60,"column":null}},"line":19},"1":{"name":"(anonymous_1)","decl":{"start":{"line":22,"column":12},"end":{"line":22,"column":18}},"loc":{"start":{"line":22,"column":18},"end":{"line":42,"column":5}},"line":22},"2":{"name":"(anonymous_2)","decl":{"start":{"line":23,"column":31},"end":{"line":23,"column":32}},"loc":{"start":{"line":23,"column":54},"end":{"line":31,"column":null}},"line":23},"3":{"name":"(anonymous_3)","decl":{"start":{"line":39,"column":11},"end":{"line":39,"column":17}},"loc":{"start":{"line":39,"column":17},"end":{"line":41,"column":null}},"line":39}},"branchMap":{"0":{"loc":{"start":{"line":15,"column":2},"end":{"line":15,"column":null}},"type":"default-arg","locations":[{"start":{"line":15,"column":14},"end":{"line":15,"column":null}}],"line":15},"1":{"loc":{"start":{"line":17,"column":2},"end":{"line":17,"column":null}},"type":"default-arg","locations":[{"start":{"line":17,"column":19},"end":{"line":17,"column":null}}],"line":17},"2":{"loc":{"start":{"line":18,"column":2},"end":{"line":18,"column":null}},"type":"default-arg","locations":[{"start":{"line":18,"column":22},"end":{"line":18,"column":null}}],"line":18},"3":{"loc":{"start":{"line":24,"column":6},"end":{"line":30,"column":null}},"type":"if","locations":[{"start":{"line":24,"column":6},"end":{"line":30,"column":null}},{"start":{},"end":{}}],"line":24},"4":{"loc":{"start":{"line":25,"column":8},"end":{"line":27,"column":null}},"type":"binary-expr","locations":[{"start":{"line":25,"column":8},"end":{"line":25,"column":null}},{"start":{"line":26,"column":8},"end":{"line":26,"column":null}},{"start":{"line":27,"column":8},"end":{"line":27,"column":null}}],"line":25},"5":{"loc":{"start":{"line":33,"column":4},"end":{"line":37,"column":null}},"type":"if","locations":[{"start":{"line":33,"column":4},"end":{"line":37,"column":null}},{"start":{"line":35,"column":11},"end":{"line":37,"column":null}}],"line":33},"6":{"loc":{"start":{"line":44,"column":2},"end":{"line":44,"column":null}},"type":"if","locations":[{"start":{"line":44,"column":2},"end":{"line":44,"column":null}},{"start":{},"end":{}}],"line":44}},"s":{"0":4,"1":222,"2":222,"3":222,"4":19,"5":4,"6":222,"7":61,"8":161,"9":222,"10":222,"11":222,"12":161,"13":61},"f":{"0":222,"1":222,"2":19,"3":222},"b":{"0":[222],"1":[222],"2":[222],"3":[4,15],"4":[19,19,4],"5":[61,161],"6":[161,61]},"meta":{"lastBranch":7,"lastFunction":4,"lastStatement":14,"seen":{"s:12:14:60:Infinity":0,"f:12:14:12:15":0,"b:15:14:15:Infinity":0,"b:17:19:17:Infinity":1,"b:18:22:18:Infinity":2,"s:20:8:20:Infinity":1,"s:22:2:42:Infinity":2,"f:22:12:22:18":1,"s:23:31:31:Infinity":3,"f:23:31:23:32":2,"b:24:6:30:Infinity:undefined:undefined:undefined:undefined":3,"s:24:6:30:Infinity":4,"b:25:8:25:Infinity:26:8:26:Infinity:27:8:27:Infinity":4,"s:29:8:29:Infinity":5,"b:33:4:37:Infinity:35:11:37:Infinity":5,"s:33:4:37:Infinity":6,"s:34:6:34:Infinity":7,"s:36:6:36:Infinity":8,"s:39:4:41:Infinity":9,"f:39:11:39:17":3,"s:40:6:40:Infinity":10,"b:44:2:44:Infinity:undefined:undefined:undefined:undefined":6,"s:44:2:44:Infinity":11,"s:44:15:44:Infinity":12,"s:46:2:58:Infinity":13}}}
,"C:\\JSDev\\counterctrlv3\\src\\components\\SingleSelect.tsx": {"path":"C:\\JSDev\\counterctrlv3\\src\\components\\SingleSelect.tsx","statementMap":{"0":{"start":{"line":22,"column":21},"end":{"line":191,"column":null}},"1":{"start":{"line":37,"column":24},"end":{"line":37,"column":null}},"2":{"start":{"line":38,"column":38},"end":{"line":38,"column":null}},"3":{"start":{"line":39,"column":8},"end":{"line":39,"column":null}},"4":{"start":{"line":40,"column":8},"end":{"line":40,"column":null}},"5":{"start":{"line":41,"column":8},"end":{"line":41,"column":null}},"6":{"start":{"line":42,"column":8},"end":{"line":42,"column":null}},"7":{"start":{"line":45,"column":2},"end":{"line":47,"column":null}},"8":{"start":{"line":46,"column":4},"end":{"line":46,"column":null}},"9":{"start":{"line":46,"column":20},"end":{"line":46,"column":null}},"10":{"start":{"line":49,"column":29},"end":{"line":57,"column":null}},"11":{"start":{"line":50,"column":4},"end":{"line":56,"column":null}},"12":{"start":{"line":51,"column":6},"end":{"line":55,"column":null}},"13":{"start":{"line":52,"column":8},"end":{"line":54,"column":null}},"14":{"start":{"line":53,"column":10},"end":{"line":53,"column":null}},"15":{"start":{"line":59,"column":2},"end":{"line":80,"column":null}},"16":{"start":{"line":60,"column":4},"end":{"line":60,"column":null}},"17":{"start":{"line":60,"column":36},"end":{"line":60,"column":null}},"18":{"start":{"line":61,"column":4},"end":{"line":61,"column":null}},"19":{"start":{"line":63,"column":4},"end":{"line":63,"column":null}},"20":{"start":{"line":64,"column":4},"end":{"line":69,"column":null}},"21":{"start":{"line":65,"column":21},"end":{"line":65,"column":null}},"22":{"start":{"line":66,"column":6},"end":{"line":68,"column":null}},"23":{"start":{"line":67,"column":8},"end":{"line":67,"column":null}},"24":{"start":{"line":71,"column":4},"end":{"line":79,"column":null}},"25":{"start":{"line":72,"column":6},"end":{"line":72,"column":null}},"26":{"start":{"line":73,"column":6},"end":{"line":78,"column":null}},"27":{"start":{"line":74,"column":23},"end":{"line":74,"column":null}},"28":{"start":{"line":75,"column":8},"end":{"line":77,"column":null}},"29":{"start":{"line":76,"column":10},"end":{"line":76,"column":null}},"30":{"start":{"line":82,"column":29},"end":{"line":92,"column":null}},"31":{"start":{"line":84,"column":4},"end":{"line":91,"column":null}},"32":{"start":{"line":85,"column":28},"end":{"line":85,"column":null}},"33":{"start":{"line":86,"column":6},"end":{"line":89,"column":null}},"34":{"start":{"line":90,"column":6},"end":{"line":90,"column":null}},"35":{"start":{"line":94,"column":23},"end":{"line":100,"column":null}},"36":{"start":{"line":95,"column":4},"end":{"line":95,"column":null}},"37":{"start":{"line":95,"column":18},"end":{"line":95,"column":null}},"38":{"start":{"line":96,"column":4},"end":{"line":96,"column":null}},"39":{"start":{"line":97,"column":4},"end":{"line":99,"column":null}},"40":{"start":{"line":98,"column":6},"end":{"line":98,"column":null}},"41":{"start":{"line":102,"column":28},"end":{"line":120,"column":null}},"42":{"start":{"line":103,"column":4},"end":{"line":103,"column":null}},"43":{"start":{"line":104,"column":4},"end":{"line":107,"column":null}},"44":{"start":{"line":105,"column":6},"end":{"line":105,"column":null}},"45":{"start":{"line":106,"column":6},"end":{"line":106,"column":null}},"46":{"start":{"line":108,"column":21},"end":{"line":113,"column":null}},"47":{"start":{"line":109,"column":7},"end":{"line":112,"column":null}},"48":{"start":{"line":116,"column":4},"end":{"line":116,"column":null}},"49":{"start":{"line":117,"column":4},"end":{"line":119,"column":null}},"50":{"start":{"line":118,"column":6},"end":{"line":118,"column":null}},"51":{"start":{"line":122,"column":2},"end":{"line":189,"column":null}},"52":{"start":{"line":139,"column":30},"end":{"line":139,"column":null}},"53":{"start":{"line":170,"column":14},"end":{"line":184,"column":null}},"54":{"start":{"line":173,"column":31},"end":{"line":173,"column":null}}},"fnMap":{"0":{"name":"(anonymous_0)","decl":{"start":{"line":22,"column":21},"end":{"line":22,"column":26}},"loc":{"start":{"line":36,"column":28},"end":{"line":191,"column":null}},"line":36},"1":{"name":"(anonymous_1)","decl":{"start":{"line":45,"column":12},"end":{"line":45,"column":18}},"loc":{"start":{"line":45,"column":18},"end":{"line":47,"column":5}},"line":45},"2":{"name":"(anonymous_2)","decl":{"start":{"line":49,"column":29},"end":{"line":49,"column":30}},"loc":{"start":{"line":49,"column":48},"end":{"line":57,"column":null}},"line":49},"3":{"name":"(anonymous_3)","decl":{"start":{"line":59,"column":12},"end":{"line":59,"column":18}},"loc":{"start":{"line":59,"column":18},"end":{"line":80,"column":5}},"line":59},"4":{"name":"(anonymous_4)","decl":{"start":{"line":71,"column":11},"end":{"line":71,"column":17}},"loc":{"start":{"line":71,"column":17},"end":{"line":79,"column":null}},"line":71},"5":{"name":"(anonymous_5)","decl":{"start":{"line":82,"column":29},"end":{"line":82,"column":35}},"loc":{"start":{"line":82,"column":35},"end":{"line":92,"column":null}},"line":82},"6":{"name":"(anonymous_6)","decl":{"start":{"line":94,"column":23},"end":{"line":94,"column":24}},"loc":{"start":{"line":94,"column":41},"end":{"line":100,"column":null}},"line":94},"7":{"name":"(anonymous_7)","decl":{"start":{"line":102,"column":28},"end":{"line":102,"column":29}},"loc":{"start":{"line":102,"column":72},"end":{"line":120,"column":null}},"line":102},"8":{"name":"(anonymous_8)","decl":{"start":{"line":108,"column":33},"end":{"line":108,"column":34}},"loc":{"start":{"line":109,"column":7},"end":{"line":112,"column":null}},"line":109},"9":{"name":"(anonymous_9)","decl":{"start":{"line":139,"column":23},"end":{"line":139,"column":24}},"loc":{"start":{"line":139,"column":30},"end":{"line":139,"column":null}},"line":139},"10":{"name":"(anonymous_10)","decl":{"start":{"line":169,"column":30},"end":{"line":169,"column":31}},"loc":{"start":{"line":170,"column":14},"end":{"line":184,"column":null}},"line":170},"11":{"name":"(anonymous_11)","decl":{"start":{"line":173,"column":25},"end":{"line":173,"column":31}},"loc":{"start":{"line":173,"column":31},"end":{"line":173,"column":null}},"line":173}},"branchMap":{"0":{"loc":{"start":{"line":28,"column":2},"end":{"line":28,"column":null}},"type":"default-arg","locations":[{"start":{"line":28,"column":7},"end":{"line":28,"column":null}}],"line":28},"1":{"loc":{"start":{"line":30,"column":2},"end":{"line":30,"column":null}},"type":"default-arg","locations":[{"start":{"line":30,"column":14},"end":{"line":30,"column":null}}],"line":30},"2":{"loc":{"start":{"line":31,"column":2},"end":{"line":31,"column":null}},"type":"default-arg","locations":[{"start":{"line":31,"column":13},"end":{"line":31,"column":null}}],"line":31},"3":{"loc":{"start":{"line":32,"column":2},"end":{"line":32,"column":null}},"type":"default-arg","locations":[{"start":{"line":32,"column":17},"end":{"line":32,"column":null}}],"line":32},"4":{"loc":{"start":{"line":33,"column":2},"end":{"line":33,"column":null}},"type":"default-arg","locations":[{"start":{"line":33,"column":15},"end":{"line":33,"column":null}}],"line":33},"5":{"loc":{"start":{"line":34,"column":2},"end":{"line":34,"column":null}},"type":"default-arg","locations":[{"start":{"line":34,"column":15},"end":{"line":34,"column":null}}],"line":34},"6":{"loc":{"start":{"line":35,"column":2},"end":{"line":35,"column":null}},"type":"default-arg","locations":[{"start":{"line":35,"column":14},"end":{"line":35,"column":null}}],"line":35},"7":{"loc":{"start":{"line":46,"column":4},"end":{"line":46,"column":null}},"type":"if","locations":[{"start":{"line":46,"column":4},"end":{"line":46,"column":null}},{"start":{},"end":{}}],"line":46},"8":{"loc":{"start":{"line":50,"column":4},"end":{"line":56,"column":null}},"type":"if","locations":[{"start":{"line":50,"column":4},"end":{"line":56,"column":null}},{"start":{},"end":{}}],"line":50},"9":{"loc":{"start":{"line":50,"column":8},"end":{"line":50,"column":47}},"type":"binary-expr","locations":[{"start":{"line":50,"column":8},"end":{"line":50,"column":27}},{"start":{"line":50,"column":27},"end":{"line":50,"column":47}}],"line":50},"10":{"loc":{"start":{"line":51,"column":6},"end":{"line":55,"column":null}},"type":"if","locations":[{"start":{"line":51,"column":6},"end":{"line":55,"column":null}},{"start":{},"end":{}}],"line":51},"11":{"loc":{"start":{"line":52,"column":8},"end":{"line":54,"column":null}},"type":"if","locations":[{"start":{"line":52,"column":8},"end":{"line":54,"column":null}},{"start":{},"end":{}}],"line":52},"12":{"loc":{"start":{"line":60,"column":4},"end":{"line":60,"column":null}},"type":"if","locations":[{"start":{"line":60,"column":4},"end":{"line":60,"column":null}},{"start":{},"end":{}}],"line":60},"13":{"loc":{"start":{"line":60,"column":8},"end":{"line":60,"column":36}},"type":"binary-expr","locations":[{"start":{"line":60,"column":8},"end":{"line":60,"column":17}},{"start":{"line":60,"column":17},"end":{"line":60,"column":36}}],"line":60},"14":{"loc":{"start":{"line":64,"column":4},"end":{"line":69,"column":null}},"type":"if","locations":[{"start":{"line":64,"column":4},"end":{"line":69,"column":null}},{"start":{},"end":{}}],"line":64},"15":{"loc":{"start":{"line":66,"column":6},"end":{"line":68,"column":null}},"type":"if","locations":[{"start":{"line":66,"column":6},"end":{"line":68,"column":null}},{"start":{},"end":{}}],"line":66},"16":{"loc":{"start":{"line":73,"column":6},"end":{"line":78,"column":null}},"type":"if","locations":[{"start":{"line":73,"column":6},"end":{"line":78,"column":null}},{"start":{},"end":{}}],"line":73},"17":{"loc":{"start":{"line":75,"column":8},"end":{"line":77,"column":null}},"type":"if","locations":[{"start":{"line":75,"column":8},"end":{"line":77,"column":null}},{"start":{},"end":{}}],"line":75},"18":{"loc":{"start":{"line":84,"column":4},"end":{"line":91,"column":null}},"type":"if","locations":[{"start":{"line":84,"column":4},"end":{"line":91,"column":null}},{"start":{},"end":{}}],"line":84},"19":{"loc":{"start":{"line":88,"column":8},"end":{"line":88,"column":null}},"type":"cond-expr","locations":[{"start":{"line":88,"column":35},"end":{"line":88,"column":46}},{"start":{"line":88,"column":46},"end":{"line":88,"column":null}}],"line":88},"20":{"loc":{"start":{"line":95,"column":4},"end":{"line":95,"column":null}},"type":"if","locations":[{"start":{"line":95,"column":4},"end":{"line":95,"column":null}},{"start":{},"end":{}}],"line":95},"21":{"loc":{"start":{"line":97,"column":4},"end":{"line":99,"column":null}},"type":"if","locations":[{"start":{"line":97,"column":4},"end":{"line":99,"column":null}},{"start":{},"end":{}}],"line":97},"22":{"loc":{"start":{"line":97,"column":8},"end":{"line":97,"column":38}},"type":"binary-expr","locations":[{"start":{"line":97,"column":8},"end":{"line":97,"column":27}},{"start":{"line":97,"column":27},"end":{"line":97,"column":38}}],"line":97},"23":{"loc":{"start":{"line":104,"column":4},"end":{"line":107,"column":null}},"type":"if","locations":[{"start":{"line":104,"column":4},"end":{"line":107,"column":null}},{"start":{},"end":{}}],"line":104},"24":{"loc":{"start":{"line":117,"column":4},"end":{"line":119,"column":null}},"type":"if","locations":[{"start":{"line":117,"column":4},"end":{"line":119,"column":null}},{"start":{},"end":{}}],"line":117}},"s":{"0":4,"1":253,"2":253,"3":253,"4":253,"5":253,"6":253,"7":253,"8":106,"9":19,"10":253,"11":149,"12":149,"13":113,"14":97,"15":253,"16":106,"17":9,"18":97,"19":97,"20":97,"21":97,"22":97,"23":97,"24":97,"25":97,"26":97,"27":79,"28":79,"29":79,"30":253,"31":8,"32":8,"33":8,"34":8,"35":253,"36":18,"37":18,"38":18,"39":18,"40":10,"41":253,"42":0,"43":0,"44":0,"45":0,"46":0,"47":0,"48":0,"49":0,"50":0,"51":253,"52":0,"53":536,"54":18},"f":{"0":253,"1":106,"2":149,"3":106,"4":97,"5":8,"6":18,"7":0,"8":0,"9":0,"10":536,"11":18},"b":{"0":[253],"1":[253],"2":[253],"3":[253],"4":[253],"5":[253],"6":[253],"7":[19,87],"8":[149,0],"9":[149,149],"10":[113,36],"11":[97,16],"12":[9,97],"13":[106,106],"14":[97,0],"15":[97,0],"16":[79,18],"17":[79,0],"18":[8,0],"19":[0,8],"20":[18,0],"21":[10,8],"22":[18,18],"23":[0,0],"24":[0,0]},"meta":{"lastBranch":25,"lastFunction":12,"lastStatement":55,"seen":{"s:22:21:191:Infinity":0,"f:22:21:22:26":0,"b:28:7:28:Infinity":0,"b:30:14:30:Infinity":1,"b:31:13:31:Infinity":2,"b:32:17:32:Infinity":3,"b:33:15:33:Infinity":4,"b:34:15:34:Infinity":5,"b:35:14:35:Infinity":6,"s:37:24:37:Infinity":1,"s:38:38:38:Infinity":2,"s:39:8:39:Infinity":3,"s:40:8:40:Infinity":4,"s:41:8:41:Infinity":5,"s:42:8:42:Infinity":6,"s:45:2:47:Infinity":7,"f:45:12:45:18":1,"b:46:4:46:Infinity:undefined:undefined:undefined:undefined":7,"s:46:4:46:Infinity":8,"s:46:20:46:Infinity":9,"s:49:29:57:Infinity":10,"f:49:29:49:30":2,"b:50:4:56:Infinity:undefined:undefined:undefined:undefined":8,"s:50:4:56:Infinity":11,"b:50:8:50:27:50:27:50:47":9,"b:51:6:55:Infinity:undefined:undefined:undefined:undefined":10,"s:51:6:55:Infinity":12,"b:52:8:54:Infinity:undefined:undefined:undefined:undefined":11,"s:52:8:54:Infinity":13,"s:53:10:53:Infinity":14,"s:59:2:80:Infinity":15,"f:59:12:59:18":3,"b:60:4:60:Infinity:undefined:undefined:undefined:undefined":12,"s:60:4:60:Infinity":16,"b:60:8:60:17:60:17:60:36":13,"s:60:36:60:Infinity":17,"s:61:4:61:Infinity":18,"s:63:4:63:Infinity":19,"b:64:4:69:Infinity:undefined:undefined:undefined:undefined":14,"s:64:4:69:Infinity":20,"s:65:21:65:Infinity":21,"b:66:6:68:Infinity:undefined:undefined:undefined:undefined":15,"s:66:6:68:Infinity":22,"s:67:8:67:Infinity":23,"s:71:4:79:Infinity":24,"f:71:11:71:17":4,"s:72:6:72:Infinity":25,"b:73:6:78:Infinity:undefined:undefined:undefined:undefined":16,"s:73:6:78:Infinity":26,"s:74:23:74:Infinity":27,"b:75:8:77:Infinity:undefined:undefined:undefined:undefined":17,"s:75:8:77:Infinity":28,"s:76:10:76:Infinity":29,"s:82:29:92:Infinity":30,"f:82:29:82:35":5,"b:84:4:91:Infinity:undefined:undefined:undefined:undefined":18,"s:84:4:91:Infinity":31,"s:85:28:85:Infinity":32,"s:86:6:89:Infinity":33,"b:88:35:88:46:88:46:88:Infinity":19,"s:90:6:90:Infinity":34,"s:94:23:100:Infinity":35,"f:94:23:94:24":6,"b:95:4:95:Infinity:undefined:undefined:undefined:undefined":20,"s:95:4:95:Infinity":36,"s:95:18:95:Infinity":37,"s:96:4:96:Infinity":38,"b:97:4:99:Infinity:undefined:undefined:undefined:undefined":21,"s:97:4:99:Infinity":39,"b:97:8:97:27:97:27:97:38":22,"s:98:6:98:Infinity":40,"s:102:28:120:Infinity":41,"f:102:28:102:29":7,"s:103:4:103:Infinity":42,"b:104:4:107:Infinity:undefined:undefined:undefined:undefined":23,"s:104:4:107:Infinity":43,"s:105:6:105:Infinity":44,"s:106:6:106:Infinity":45,"s:108:21:113:Infinity":46,"f:108:33:108:34":8,"s:109:7:112:Infinity":47,"s:116:4:116:Infinity":48,"b:117:4:119:Infinity:undefined:undefined:undefined:undefined":24,"s:117:4:119:Infinity":49,"s:118:6:118:Infinity":50,"s:122:2:189:Infinity":51,"f:139:23:139:24":9,"s:139:30:139:Infinity":52,"f:169:30:169:31":10,"s:170:14:184:Infinity":53,"f:173:25:173:31":11,"s:173:31:173:Infinity":54}}}
,"C:\\JSDev\\counterctrlv3\\src\\components\\TextInput.tsx": {"path":"C:\\JSDev\\counterctrlv3\\src\\components\\TextInput.tsx","statementMap":{"0":{"start":{"line":20,"column":18},"end":{"line":163,"column":null}},"1":{"start":{"line":29,"column":32},"end":{"line":29,"column":null}},"2":{"start":{"line":30,"column":32},"end":{"line":30,"column":null}},"3":{"start":{"line":31,"column":28},"end":{"line":37,"column":null}},"4":{"start":{"line":32,"column":4},"end":{"line":36,"column":null}},"5":{"start":{"line":33,"column":6},"end":{"line":33,"column":null}},"6":{"start":{"line":34,"column":4},"end":{"line":36,"column":null}},"7":{"start":{"line":35,"column":6},"end":{"line":35,"column":null}},"8":{"start":{"line":38,"column":42},"end":{"line":40,"column":null}},"9":{"start":{"line":39,"column":15},"end":{"line":39,"column":null}},"10":{"start":{"line":42,"column":33},"end":{"line":45,"column":null}},"11":{"start":{"line":43,"column":4},"end":{"line":43,"column":null}},"12":{"start":{"line":44,"column":4},"end":{"line":44,"column":null}},"13":{"start":{"line":47,"column":18},"end":{"line":72,"column":null}},"14":{"start":{"line":48,"column":4},"end":{"line":54,"column":null}},"15":{"start":{"line":49,"column":6},"end":{"line":53,"column":null}},"16":{"start":{"line":50,"column":8},"end":{"line":50,"column":null}},"17":{"start":{"line":51,"column":6},"end":{"line":53,"column":null}},"18":{"start":{"line":52,"column":8},"end":{"line":52,"column":null}},"19":{"start":{"line":56,"column":4},"end":{"line":71,"column":null}},"20":{"start":{"line":57,"column":12},"end":{"line":57,"column":null}},"21":{"start":{"line":59,"column":6},"end":{"line":70,"column":null}},"22":{"start":{"line":61,"column":10},"end":{"line":61,"column":null}},"23":{"start":{"line":63,"column":10},"end":{"line":63,"column":null}},"24":{"start":{"line":65,"column":10},"end":{"line":65,"column":null}},"25":{"start":{"line":67,"column":10},"end":{"line":67,"column":null}},"26":{"start":{"line":69,"column":10},"end":{"line":69,"column":null}},"27":{"start":{"line":74,"column":31},"end":{"line":87,"column":null}},"28":{"start":{"line":75,"column":4},"end":{"line":86,"column":null}},"29":{"start":{"line":77,"column":8},"end":{"line":77,"column":null}},"30":{"start":{"line":79,"column":8},"end":{"line":79,"column":null}},"31":{"start":{"line":81,"column":8},"end":{"line":81,"column":null}},"32":{"start":{"line":83,"column":8},"end":{"line":83,"column":null}},"33":{"start":{"line":85,"column":8},"end":{"line":85,"column":null}},"34":{"start":{"line":89,"column":24},"end":{"line":111,"column":null}},"35":{"start":{"line":90,"column":4},"end":{"line":96,"column":null}},"36":{"start":{"line":91,"column":6},"end":{"line":95,"column":null}},"37":{"start":{"line":92,"column":8},"end":{"line":92,"column":null}},"38":{"start":{"line":93,"column":6},"end":{"line":95,"column":null}},"39":{"start":{"line":94,"column":8},"end":{"line":94,"column":null}},"40":{"start":{"line":98,"column":10},"end":{"line":98,"column":null}},"41":{"start":{"line":99,"column":4},"end":{"line":110,"column":null}},"42":{"start":{"line":101,"column":8},"end":{"line":101,"column":null}},"43":{"start":{"line":103,"column":8},"end":{"line":103,"column":null}},"44":{"start":{"line":105,"column":8},"end":{"line":105,"column":null}},"45":{"start":{"line":107,"column":8},"end":{"line":107,"column":null}},"46":{"start":{"line":109,"column":8},"end":{"line":109,"column":null}},"47":{"start":{"line":113,"column":17},"end":{"line":136,"column":null}},"48":{"start":{"line":115,"column":25},"end":{"line":119,"column":null}},"49":{"start":{"line":117,"column":8},"end":{"line":118,"column":null}},"50":{"start":{"line":120,"column":4},"end":{"line":120,"column":null}},"51":{"start":{"line":120,"column":22},"end":{"line":120,"column":null}},"52":{"start":{"line":123,"column":4},"end":{"line":132,"column":null}},"53":{"start":{"line":124,"column":21},"end":{"line":126,"column":null}},"54":{"start":{"line":125,"column":18},"end":{"line":125,"column":null}},"55":{"start":{"line":127,"column":6},"end":{"line":131,"column":null}},"56":{"start":{"line":128,"column":8},"end":{"line":128,"column":null}},"57":{"start":{"line":130,"column":8},"end":{"line":130,"column":null}},"58":{"start":{"line":135,"column":4},"end":{"line":135,"column":null}},"59":{"start":{"line":138,"column":2},"end":{"line":161,"column":null}}},"fnMap":{"0":{"name":"(anonymous_0)","decl":{"start":{"line":20,"column":18},"end":{"line":20,"column":23}},"loc":{"start":{"line":28,"column":25},"end":{"line":163,"column":null}},"line":28},"1":{"name":"(anonymous_1)","decl":{"start":{"line":31,"column":28},"end":{"line":31,"column":29}},"loc":{"start":{"line":31,"column":72},"end":{"line":37,"column":null}},"line":31},"2":{"name":"(anonymous_2)","decl":{"start":{"line":39,"column":4},"end":{"line":39,"column":5}},"loc":{"start":{"line":39,"column":15},"end":{"line":39,"column":null}},"line":39},"3":{"name":"(anonymous_3)","decl":{"start":{"line":42,"column":33},"end":{"line":42,"column":39}},"loc":{"start":{"line":42,"column":39},"end":{"line":45,"column":null}},"line":42},"4":{"name":"(anonymous_4)","decl":{"start":{"line":47,"column":18},"end":{"line":47,"column":24}},"loc":{"start":{"line":47,"column":24},"end":{"line":72,"column":null}},"line":47},"5":{"name":"(anonymous_5)","decl":{"start":{"line":74,"column":31},"end":{"line":74,"column":32}},"loc":{"start":{"line":74,"column":50},"end":{"line":87,"column":null}},"line":74},"6":{"name":"(anonymous_6)","decl":{"start":{"line":89,"column":24},"end":{"line":89,"column":30}},"loc":{"start":{"line":89,"column":30},"end":{"line":111,"column":null}},"line":89},"7":{"name":"(anonymous_7)","decl":{"start":{"line":113,"column":17},"end":{"line":113,"column":23}},"loc":{"start":{"line":113,"column":23},"end":{"line":136,"column":null}},"line":113},"8":{"name":"(anonymous_8)","decl":{"start":{"line":116,"column":6},"end":{"line":116,"column":7}},"loc":{"start":{"line":117,"column":8},"end":{"line":118,"column":null}},"line":117},"9":{"name":"(anonymous_9)","decl":{"start":{"line":125,"column":8},"end":{"line":125,"column":9}},"loc":{"start":{"line":125,"column":18},"end":{"line":125,"column":null}},"line":125}},"branchMap":{"0":{"loc":{"start":{"line":25,"column":2},"end":{"line":25,"column":null}},"type":"default-arg","locations":[{"start":{"line":25,"column":9},"end":{"line":25,"column":null}}],"line":25},"1":{"loc":{"start":{"line":26,"column":2},"end":{"line":26,"column":null}},"type":"default-arg","locations":[{"start":{"line":26,"column":13},"end":{"line":26,"column":null}}],"line":26},"2":{"loc":{"start":{"line":32,"column":4},"end":{"line":36,"column":null}},"type":"if","locations":[{"start":{"line":32,"column":4},"end":{"line":36,"column":null}},{"start":{"line":34,"column":4},"end":{"line":36,"column":null}}],"line":32},"3":{"loc":{"start":{"line":32,"column":8},"end":{"line":32,"column":29}},"type":"binary-expr","locations":[{"start":{"line":32,"column":8},"end":{"line":32,"column":20}},{"start":{"line":32,"column":20},"end":{"line":32,"column":29}}],"line":32},"4":{"loc":{"start":{"line":34,"column":4},"end":{"line":36,"column":null}},"type":"if","locations":[{"start":{"line":34,"column":4},"end":{"line":36,"column":null}},{"start":{},"end":{}}],"line":34},"5":{"loc":{"start":{"line":34,"column":15},"end":{"line":34,"column":38}},"type":"binary-expr","locations":[{"start":{"line":34,"column":15},"end":{"line":34,"column":28}},{"start":{"line":34,"column":28},"end":{"line":34,"column":38}}],"line":34},"6":{"loc":{"start":{"line":44,"column":17},"end":{"line":44,"column":48}},"type":"cond-expr","locations":[{"start":{"line":44,"column":29},"end":{"line":44,"column":38}},{"start":{"line":44,"column":38},"end":{"line":44,"column":48}}],"line":44},"7":{"loc":{"start":{"line":48,"column":4},"end":{"line":54,"column":null}},"type":"if","locations":[{"start":{"line":48,"column":4},"end":{"line":54,"column":null}},{"start":{},"end":{}}],"line":48},"8":{"loc":{"start":{"line":48,"column":8},"end":{"line":48,"column":57}},"type":"binary-expr","locations":[{"start":{"line":48,"column":8},"end":{"line":48,"column":39}},{"start":{"line":48,"column":39},"end":{"line":48,"column":57}}],"line":48},"9":{"loc":{"start":{"line":49,"column":6},"end":{"line":53,"column":null}},"type":"if","locations":[{"start":{"line":49,"column":6},"end":{"line":53,"column":null}},{"start":{"line":51,"column":6},"end":{"line":53,"column":null}}],"line":49},"10":{"loc":{"start":{"line":51,"column":6},"end":{"line":53,"column":null}},"type":"if","locations":[{"start":{"line":51,"column":6},"end":{"line":53,"column":null}},{"start":{},"end":{}}],"line":51},"11":{"loc":{"start":{"line":56,"column":4},"end":{"line":71,"column":null}},"type":"if","locations":[{"start":{"line":56,"column":4},"end":{"line":71,"column":null}},{"start":{},"end":{}}],"line":56},"12":{"loc":{"start":{"line":56,"column":8},"end":{"line":56,"column":49}},"type":"binary-expr","locations":[{"start":{"line":56,"column":8},"end":{"line":56,"column":31}},{"start":{"line":56,"column":31},"end":{"line":56,"column":49}}],"line":56},"13":{"loc":{"start":{"line":59,"column":6},"end":{"line":70,"column":null}},"type":"switch","locations":[{"start":{"line":60,"column":8},"end":{"line":61,"column":null}},{"start":{"line":62,"column":8},"end":{"line":63,"column":null}},{"start":{"line":64,"column":8},"end":{"line":65,"column":null}},{"start":{"line":66,"column":8},"end":{"line":67,"column":null}},{"start":{"line":68,"column":8},"end":{"line":69,"column":null}}],"line":59},"14":{"loc":{"start":{"line":75,"column":4},"end":{"line":86,"column":null}},"type":"switch","locations":[{"start":{"line":76,"column":6},"end":{"line":77,"column":null}},{"start":{"line":78,"column":6},"end":{"line":79,"column":null}},{"start":{"line":80,"column":6},"end":{"line":81,"column":null}},{"start":{"line":82,"column":6},"end":{"line":83,"column":null}},{"start":{"line":84,"column":6},"end":{"line":85,"column":null}}],"line":75},"15":{"loc":{"start":{"line":90,"column":4},"end":{"line":96,"column":null}},"type":"if","locations":[{"start":{"line":90,"column":4},"end":{"line":96,"column":null}},{"start":{},"end":{}}],"line":90},"16":{"loc":{"start":{"line":91,"column":6},"end":{"line":95,"column":null}},"type":"if","locations":[{"start":{"line":91,"column":6},"end":{"line":95,"column":null}},{"start":{"line":93,"column":6},"end":{"line":95,"column":null}}],"line":91},"17":{"loc":{"start":{"line":93,"column":6},"end":{"line":95,"column":null}},"type":"if","locations":[{"start":{"line":93,"column":6},"end":{"line":95,"column":null}},{"start":{},"end":{}}],"line":93},"18":{"loc":{"start":{"line":99,"column":4},"end":{"line":110,"column":null}},"type":"switch","locations":[{"start":{"line":100,"column":6},"end":{"line":101,"column":null}},{"start":{"line":102,"column":6},"end":{"line":103,"column":null}},{"start":{"line":104,"column":6},"end":{"line":105,"column":null}},{"start":{"line":106,"column":6},"end":{"line":107,"column":null}},{"start":{"line":108,"column":6},"end":{"line":109,"column":null}}],"line":99},"19":{"loc":{"start":{"line":117,"column":8},"end":{"line":118,"column":null}},"type":"binary-expr","locations":[{"start":{"line":117,"column":8},"end":{"line":117,"column":null}},{"start":{"line":118,"column":8},"end":{"line":118,"column":null}}],"line":117},"20":{"loc":{"start":{"line":120,"column":4},"end":{"line":120,"column":null}},"type":"if","locations":[{"start":{"line":120,"column":4},"end":{"line":120,"column":null}},{"start":{},"end":{}}],"line":120},"21":{"loc":{"start":{"line":123,"column":4},"end":{"line":132,"column":null}},"type":"if","locations":[{"start":{"line":123,"column":4},"end":{"line":132,"column":null}},{"start":{},"end":{}}],"line":123},"22":{"loc":{"start":{"line":127,"column":6},"end":{"line":131,"column":null}},"type":"if","locations":[{"start":{"line":127,"column":6},"end":{"line":131,"column":null}},{"start":{"line":129,"column":13},"end":{"line":131,"column":null}}],"line":127},"23":{"loc":{"start":{"line":151,"column":7},"end":{"line":151,"column":null}},"type":"binary-expr","locations":[{"start":{"line":151,"column":7},"end":{"line":151,"column":30}},{"start":{"line":151,"column":30},"end":{"line":151,"column":null}}],"line":151},"24":{"loc":{"start":{"line":152,"column":7},"end":{"line":159,"column":null}},"type":"cond-expr","locations":[{"start":{"line":153,"column":8},"end":{"line":158,"column":null}},{"start":{"line":159,"column":10},"end":{"line":159,"column":null}}],"line":152},"25":{"loc":{"start":{"line":160,"column":7},"end":{"line":160,"column":null}},"type":"cond-expr","locations":[{"start":{"line":160,"column":29},"end":{"line":160,"column":40}},{"start":{"line":160,"column":40},"end":{"line":160,"column":null}}],"line":160}},"s":{"0":4,"1":145,"2":145,"3":145,"4":41,"5":41,"6":0,"7":0,"8":145,"9":295,"10":145,"11":0,"12":0,"13":145,"14":145,"15":0,"16":0,"17":0,"18":0,"19":145,"20":0,"21":0,"22":0,"23":0,"24":0,"25":0,"26":0,"27":145,"28":0,"29":0,"30":0,"31":0,"32":0,"33":0,"34":145,"35":145,"36":0,"37":0,"38":0,"39":0,"40":145,"41":145,"42":100,"43":28,"44":8,"45":9,"46":0,"47":145,"48":0,"49":0,"50":0,"51":0,"52":0,"53":0,"54":0,"55":0,"56":0,"57":0,"58":0,"59":145},"f":{"0":145,"1":41,"2":295,"3":0,"4":145,"5":0,"6":145,"7":0,"8":0,"9":0},"b":{"0":[145],"1":[145],"2":[41,0],"3":[41,41],"4":[0,0],"5":[0,0],"6":[0,0],"7":[0,145],"8":[145,0],"9":[0,0],"10":[0,0],"11":[0,145],"12":[145,0],"13":[0,0,0,0,0],"14":[0,0,0,0,0],"15":[0,145],"16":[0,0],"17":[0,0],"18":[100,28,8,9,0],"19":[0,0],"20":[0,0],"21":[0,0],"22":[0,0],"23":[145,0],"24":[0,145],"25":[0,145]},"meta":{"lastBranch":26,"lastFunction":10,"lastStatement":60,"seen":{"s:20:18:163:Infinity":0,"f:20:18:20:23":0,"b:25:9:25:Infinity":0,"b:26:13:26:Infinity":1,"s:29:32:29:Infinity":1,"s:30:32:30:Infinity":2,"s:31:28:37:Infinity":3,"f:31:28:31:29":1,"b:32:4:36:Infinity:34:4:36:Infinity":2,"s:32:4:36:Infinity":4,"b:32:8:32:20:32:20:32:29":3,"s:33:6:33:Infinity":5,"b:34:4:36:Infinity:undefined:undefined:undefined:undefined":4,"s:34:4:36:Infinity":6,"b:34:15:34:28:34:28:34:38":5,"s:35:6:35:Infinity":7,"s:38:42:40:Infinity":8,"f:39:4:39:5":2,"s:39:15:39:Infinity":9,"s:42:33:45:Infinity":10,"f:42:33:42:39":3,"s:43:4:43:Infinity":11,"s:44:4:44:Infinity":12,"b:44:29:44:38:44:38:44:48":6,"s:47:18:72:Infinity":13,"f:47:18:47:24":4,"b:48:4:54:Infinity:undefined:undefined:undefined:undefined":7,"s:48:4:54:Infinity":14,"b:48:8:48:39:48:39:48:57":8,"b:49:6:53:Infinity:51:6:53:Infinity":9,"s:49:6:53:Infinity":15,"s:50:8:50:Infinity":16,"b:51:6:53:Infinity:undefined:undefined:undefined:undefined":10,"s:51:6:53:Infinity":17,"s:52:8:52:Infinity":18,"b:56:4:71:Infinity:undefined:undefined:undefined:undefined":11,"s:56:4:71:Infinity":19,"b:56:8:56:31:56:31:56:49":12,"s:57:12:57:Infinity":20,"b:60:8:61:Infinity:62:8:63:Infinity:64:8:65:Infinity:66:8:67:Infinity:68:8:69:Infinity":13,"s:59:6:70:Infinity":21,"s:61:10:61:Infinity":22,"s:63:10:63:Infinity":23,"s:65:10:65:Infinity":24,"s:67:10:67:Infinity":25,"s:69:10:69:Infinity":26,"s:74:31:87:Infinity":27,"f:74:31:74:32":5,"b:76:6:77:Infinity:78:6:79:Infinity:80:6:81:Infinity:82:6:83:Infinity:84:6:85:Infinity":14,"s:75:4:86:Infinity":28,"s:77:8:77:Infinity":29,"s:79:8:79:Infinity":30,"s:81:8:81:Infinity":31,"s:83:8:83:Infinity":32,"s:85:8:85:Infinity":33,"s:89:24:111:Infinity":34,"f:89:24:89:30":6,"b:90:4:96:Infinity:undefined:undefined:undefined:undefined":15,"s:90:4:96:Infinity":35,"b:91:6:95:Infinity:93:6:95:Infinity":16,"s:91:6:95:Infinity":36,"s:92:8:92:Infinity":37,"b:93:6:95:Infinity:undefined:undefined:undefined:undefined":17,"s:93:6:95:Infinity":38,"s:94:8:94:Infinity":39,"s:98:10:98:Infinity":40,"b:100:6:101:Infinity:102:6:103:Infinity:104:6:105:Infinity:106:6:107:Infinity:108:6:109:Infinity":18,"s:99:4:110:Infinity":41,"s:101:8:101:Infinity":42,"s:103:8:103:Infinity":43,"s:105:8:105:Infinity":44,"s:107:8:107:Infinity":45,"s:109:8:109:Infinity":46,"s:113:17:136:Infinity":47,"f:113:17:113:23":7,"s:115:25:119:Infinity":48,"f:116:6:116:7":8,"s:117:8:118:Infinity":49,"b:117:8:117:Infinity:118:8:118:Infinity":19,"b:120:4:120:Infinity:undefined:undefined:undefined:undefined":20,"s:120:4:120:Infinity":50,"s:120:22:120:Infinity":51,"b:123:4:132:Infinity:undefined:undefined:undefined:undefined":21,"s:123:4:132:Infinity":52,"s:124:21:126:Infinity":53,"f:125:8:125:9":9,"s:125:18:125:Infinity":54,"b:127:6:131:Infinity:129:13:131:Infinity":22,"s:127:6:131:Infinity":55,"s:128:8:128:Infinity":56,"s:130:8:130:Infinity":57,"s:135:4:135:Infinity":58,"s:138:2:161:Infinity":59,"b:151:7:151:30:151:30:151:Infinity":23,"b:153:8:158:Infinity:159:10:159:Infinity":24,"b:160:29:160:40:160:40:160:Infinity":25}}}
,"C:\\JSDev\\counterctrlv3\\src\\components\\datePickers\\Calendar.tsx": {"path":"C:\\JSDev\\counterctrlv3\\src\\components\\datePickers\\Calendar.tsx","statementMap":{"0":{"start":{"line":14,"column":17},"end":{"line":161,"column":null}},"1":{"start":{"line":19,"column":21},"end":{"line":19,"column":null}},"2":{"start":{"line":20,"column":23},"end":{"line":33,"column":null}},"3":{"start":{"line":35,"column":22},"end":{"line":35,"column":null}},"4":{"start":{"line":36,"column":38},"end":{"line":36,"column":null}},"5":{"start":{"line":37,"column":36},"end":{"line":37,"column":null}},"6":{"start":{"line":38,"column":8},"end":{"line":38,"column":null}},"7":{"start":{"line":38,"column":48},"end":{"line":38,"column":60}},"8":{"start":{"line":39,"column":8},"end":{"line":39,"column":null}},"9":{"start":{"line":41,"column":22},"end":{"line":41,"column":null}},"10":{"start":{"line":42,"column":26},"end":{"line":42,"column":null}},"11":{"start":{"line":44,"column":20},"end":{"line":49,"column":null}},"12":{"start":{"line":45,"column":4},"end":{"line":45,"column":null}},"13":{"start":{"line":45,"column":36},"end":{"line":45,"column":73}},"14":{"start":{"line":46,"column":4},"end":{"line":48,"column":null}},"15":{"start":{"line":47,"column":6},"end":{"line":47,"column":null}},"16":{"start":{"line":51,"column":20},"end":{"line":56,"column":null}},"17":{"start":{"line":52,"column":4},"end":{"line":52,"column":null}},"18":{"start":{"line":52,"column":36},"end":{"line":52,"column":73}},"19":{"start":{"line":53,"column":4},"end":{"line":55,"column":null}},"20":{"start":{"line":54,"column":6},"end":{"line":54,"column":null}},"21":{"start":{"line":58,"column":23},"end":{"line":77,"column":null}},"22":{"start":{"line":59,"column":10},"end":{"line":61,"column":null}},"23":{"start":{"line":63,"column":4},"end":{"line":75,"column":null}},"24":{"start":{"line":64,"column":6},"end":{"line":67,"column":null}},"25":{"start":{"line":65,"column":8},"end":{"line":65,"column":null}},"26":{"start":{"line":66,"column":8},"end":{"line":66,"column":null}},"27":{"start":{"line":68,"column":6},"end":{"line":68,"column":null}},"28":{"start":{"line":69,"column":4},"end":{"line":75,"column":null}},"29":{"start":{"line":70,"column":6},"end":{"line":73,"column":null}},"30":{"start":{"line":71,"column":8},"end":{"line":71,"column":null}},"31":{"start":{"line":72,"column":8},"end":{"line":72,"column":null}},"32":{"start":{"line":74,"column":6},"end":{"line":74,"column":null}},"33":{"start":{"line":76,"column":4},"end":{"line":76,"column":null}},"34":{"start":{"line":79,"column":25},"end":{"line":94,"column":null}},"35":{"start":{"line":80,"column":14},"end":{"line":80,"column":null}},"36":{"start":{"line":81,"column":4},"end":{"line":93,"column":null}},"37":{"start":{"line":85,"column":6},"end":{"line":85,"column":null}},"38":{"start":{"line":86,"column":4},"end":{"line":93,"column":null}},"39":{"start":{"line":90,"column":6},"end":{"line":90,"column":null}},"40":{"start":{"line":92,"column":6},"end":{"line":92,"column":null}},"41":{"start":{"line":96,"column":2},"end":{"line":159,"column":null}},"42":{"start":{"line":137,"column":10},"end":{"line":139,"column":null}},"43":{"start":{"line":144,"column":10},"end":{"line":146,"column":null}},"44":{"start":{"line":149,"column":10},"end":{"line":156,"column":null}},"45":{"start":{"line":151,"column":27},"end":{"line":151,"column":null}}},"fnMap":{"0":{"name":"(anonymous_0)","decl":{"start":{"line":14,"column":17},"end":{"line":14,"column":18}},"loc":{"start":{"line":18,"column":13},"end":{"line":161,"column":null}},"line":18},"1":{"name":"(anonymous_1)","decl":{"start":{"line":38,"column":37},"end":{"line":38,"column":38}},"loc":{"start":{"line":38,"column":48},"end":{"line":38,"column":60}},"line":38},"2":{"name":"(anonymous_2)","decl":{"start":{"line":44,"column":20},"end":{"line":44,"column":26}},"loc":{"start":{"line":44,"column":26},"end":{"line":49,"column":null}},"line":44},"3":{"name":"(anonymous_3)","decl":{"start":{"line":45,"column":20},"end":{"line":45,"column":21}},"loc":{"start":{"line":45,"column":36},"end":{"line":45,"column":73}},"line":45},"4":{"name":"(anonymous_4)","decl":{"start":{"line":46,"column":19},"end":{"line":46,"column":20}},"loc":{"start":{"line":47,"column":6},"end":{"line":47,"column":null}},"line":47},"5":{"name":"(anonymous_5)","decl":{"start":{"line":51,"column":20},"end":{"line":51,"column":26}},"loc":{"start":{"line":51,"column":26},"end":{"line":56,"column":null}},"line":51},"6":{"name":"(anonymous_6)","decl":{"start":{"line":52,"column":20},"end":{"line":52,"column":21}},"loc":{"start":{"line":52,"column":36},"end":{"line":52,"column":73}},"line":52},"7":{"name":"(anonymous_7)","decl":{"start":{"line":53,"column":19},"end":{"line":53,"column":20}},"loc":{"start":{"line":54,"column":6},"end":{"line":54,"column":null}},"line":54},"8":{"name":"(anonymous_8)","decl":{"start":{"line":58,"column":23},"end":{"line":58,"column":24}},"loc":{"start":{"line":58,"column":38},"end":{"line":77,"column":null}},"line":58},"9":{"name":"(anonymous_9)","decl":{"start":{"line":79,"column":25},"end":{"line":79,"column":26}},"loc":{"start":{"line":79,"column":42},"end":{"line":94,"column":null}},"line":79},"10":{"name":"(anonymous_10)","decl":{"start":{"line":136,"column":24},"end":{"line":136,"column":25}},"loc":{"start":{"line":137,"column":10},"end":{"line":139,"column":null}},"line":137},"11":{"name":"(anonymous_11)","decl":{"start":{"line":143,"column":48},"end":{"line":143,"column":49}},"loc":{"start":{"line":144,"column":10},"end":{"line":146,"column":null}},"line":144},"12":{"name":"(anonymous_12)","decl":{"start":{"line":148,"column":44},"end":{"line":148,"column":45}},"loc":{"start":{"line":149,"column":10},"end":{"line":156,"column":null}},"line":149},"13":{"name":"(anonymous_13)","decl":{"start":{"line":151,"column":21},"end":{"line":151,"column":27}},"loc":{"start":{"line":151,"column":27},"end":{"line":151,"column":null}},"line":151}},"branchMap":{"0":{"loc":{"start":{"line":45,"column":36},"end":{"line":45,"column":73}},"type":"cond-expr","locations":[{"start":{"line":45,"column":54},"end":{"line":45,"column":59}},{"start":{"line":45,"column":59},"end":{"line":45,"column":73}}],"line":45},"1":{"loc":{"start":{"line":47,"column":6},"end":{"line":47,"column":null}},"type":"cond-expr","locations":[{"start":{"line":47,"column":27},"end":{"line":47,"column":42}},{"start":{"line":47,"column":42},"end":{"line":47,"column":null}}],"line":47},"2":{"loc":{"start":{"line":52,"column":36},"end":{"line":52,"column":73}},"type":"cond-expr","locations":[{"start":{"line":52,"column":55},"end":{"line":52,"column":59}},{"start":{"line":52,"column":59},"end":{"line":52,"column":73}}],"line":52},"3":{"loc":{"start":{"line":54,"column":6},"end":{"line":54,"column":null}},"type":"cond-expr","locations":[{"start":{"line":54,"column":28},"end":{"line":54,"column":43}},{"start":{"line":54,"column":43},"end":{"line":54,"column":null}}],"line":54},"4":{"loc":{"start":{"line":63,"column":4},"end":{"line":75,"column":null}},"type":"if","locations":[{"start":{"line":63,"column":4},"end":{"line":75,"column":null}},{"start":{"line":69,"column":4},"end":{"line":75,"column":null}}],"line":63},"5":{"loc":{"start":{"line":64,"column":6},"end":{"line":67,"column":null}},"type":"if","locations":[{"start":{"line":64,"column":6},"end":{"line":67,"column":null}},{"start":{},"end":{}}],"line":64},"6":{"loc":{"start":{"line":69,"column":4},"end":{"line":75,"column":null}},"type":"if","locations":[{"start":{"line":69,"column":4},"end":{"line":75,"column":null}},{"start":{},"end":{}}],"line":69},"7":{"loc":{"start":{"line":70,"column":6},"end":{"line":73,"column":null}},"type":"if","locations":[{"start":{"line":70,"column":6},"end":{"line":73,"column":null}},{"start":{},"end":{}}],"line":70},"8":{"loc":{"start":{"line":81,"column":4},"end":{"line":93,"column":null}},"type":"if","locations":[{"start":{"line":81,"column":4},"end":{"line":93,"column":null}},{"start":{"line":86,"column":4},"end":{"line":93,"column":null}}],"line":81},"9":{"loc":{"start":{"line":82,"column":6},"end":{"line":83,"column":null}},"type":"binary-expr","locations":[{"start":{"line":82,"column":6},"end":{"line":82,"column":null}},{"start":{"line":82,"column":19},"end":{"line":83,"column":null}}],"line":82},"10":{"loc":{"start":{"line":86,"column":4},"end":{"line":93,"column":null}},"type":"if","locations":[{"start":{"line":86,"column":4},"end":{"line":93,"column":null}},{"start":{"line":91,"column":11},"end":{"line":93,"column":null}}],"line":86},"11":{"loc":{"start":{"line":87,"column":6},"end":{"line":88,"column":null}},"type":"binary-expr","locations":[{"start":{"line":87,"column":6},"end":{"line":87,"column":null}},{"start":{"line":87,"column":19},"end":{"line":88,"column":null}}],"line":87}},"s":{"0":4,"1":0,"2":0,"3":0,"4":0,"5":0,"6":0,"7":0,"8":0,"9":0,"10":0,"11":0,"12":0,"13":0,"14":0,"15":0,"16":0,"17":0,"18":0,"19":0,"20":0,"21":0,"22":0,"23":0,"24":0,"25":0,"26":0,"27":0,"28":0,"29":0,"30":0,"31":0,"32":0,"33":0,"34":0,"35":0,"36":0,"37":0,"38":0,"39":0,"40":0,"41":0,"42":0,"43":0,"44":0,"45":0},"f":{"0":0,"1":0,"2":0,"3":0,"4":0,"5":0,"6":0,"7":0,"8":0,"9":0,"10":0,"11":0,"12":0,"13":0},"b":{"0":[0,0],"1":[0,0],"2":[0,0],"3":[0,0],"4":[0,0],"5":[0,0],"6":[0,0],"7":[0,0],"8":[0,0],"9":[0,0],"10":[0,0],"11":[0,0]},"meta":{"lastBranch":12,"lastFunction":14,"lastStatement":46,"seen":{"s:14:17:161:Infinity":0,"f:14:17:14:18":0,"s:19:21:19:Infinity":1,"s:20:23:33:Infinity":2,"s:35:22:35:Infinity":3,"s:36:38:36:Infinity":4,"s:37:36:37:Infinity":5,"s:38:8:38:Infinity":6,"f:38:37:38:38":1,"s:38:48:38:60":7,"s:39:8:39:Infinity":8,"s:41:22:41:Infinity":9,"s:42:26:42:Infinity":10,"s:44:20:49:Infinity":11,"f:44:20:44:26":2,"s:45:4:45:Infinity":12,"f:45:20:45:21":3,"s:45:36:45:73":13,"b:45:54:45:59:45:59:45:73":0,"s:46:4:48:Infinity":14,"f:46:19:46:20":4,"s:47:6:47:Infinity":15,"b:47:27:47:42:47:42:47:Infinity":1,"s:51:20:56:Infinity":16,"f:51:20:51:26":5,"s:52:4:52:Infinity":17,"f:52:20:52:21":6,"s:52:36:52:73":18,"b:52:55:52:59:52:59:52:73":2,"s:53:4:55:Infinity":19,"f:53:19:53:20":7,"s:54:6:54:Infinity":20,"b:54:28:54:43:54:43:54:Infinity":3,"s:58:23:77:Infinity":21,"f:58:23:58:24":8,"s:59:10:61:Infinity":22,"b:63:4:75:Infinity:69:4:75:Infinity":4,"s:63:4:75:Infinity":23,"b:64:6:67:Infinity:undefined:undefined:undefined:undefined":5,"s:64:6:67:Infinity":24,"s:65:8:65:Infinity":25,"s:66:8:66:Infinity":26,"s:68:6:68:Infinity":27,"b:69:4:75:Infinity:undefined:undefined:undefined:undefined":6,"s:69:4:75:Infinity":28,"b:70:6:73:Infinity:undefined:undefined:undefined:undefined":7,"s:70:6:73:Infinity":29,"s:71:8:71:Infinity":30,"s:72:8:72:Infinity":31,"s:74:6:74:Infinity":32,"s:76:4:76:Infinity":33,"s:79:25:94:Infinity":34,"f:79:25:79:26":9,"s:80:14:80:Infinity":35,"b:81:4:93:Infinity:86:4:93:Infinity":8,"s:81:4:93:Infinity":36,"b:82:6:82:Infinity:82:19:83:Infinity":9,"s:85:6:85:Infinity":37,"b:86:4:93:Infinity:91:11:93:Infinity":10,"s:86:4:93:Infinity":38,"b:87:6:87:Infinity:87:19:88:Infinity":11,"s:90:6:90:Infinity":39,"s:92:6:92:Infinity":40,"s:96:2:159:Infinity":41,"f:136:24:136:25":10,"s:137:10:139:Infinity":42,"f:143:48:143:49":11,"s:144:10:146:Infinity":43,"f:148:44:148:45":12,"s:149:10:156:Infinity":44,"f:151:21:151:27":13,"s:151:27:151:Infinity":45}}}
,"C:\\JSDev\\counterctrlv3\\src\\components\\datePickers\\DatePickers.tsx": {"path":"C:\\JSDev\\counterctrlv3\\src\\components\\datePickers\\DatePickers.tsx","statementMap":{"0":{"start":{"line":12,"column":20},"end":{"line":42,"column":null}},"1":{"start":{"line":13,"column":15},"end":{"line":13,"column":null}},"2":{"start":{"line":14,"column":8},"end":{"line":14,"column":null}},"3":{"start":{"line":14,"column":44},"end":{"line":14,"column":53}},"4":{"start":{"line":16,"column":22},"end":{"line":22,"column":null}},"5":{"start":{"line":17,"column":4},"end":{"line":19,"column":null}},"6":{"start":{"line":18,"column":6},"end":{"line":18,"column":null}},"7":{"start":{"line":21,"column":4},"end":{"line":21,"column":null}},"8":{"start":{"line":24,"column":22},"end":{"line":24,"column":null}},"9":{"start":{"line":26,"column":2},"end":{"line":40,"column":null}}},"fnMap":{"0":{"name":"(anonymous_0)","decl":{"start":{"line":12,"column":20},"end":{"line":12,"column":21}},"loc":{"start":{"line":12,"column":81},"end":{"line":42,"column":null}},"line":12},"1":{"name":"(anonymous_1)","decl":{"start":{"line":14,"column":33},"end":{"line":14,"column":34}},"loc":{"start":{"line":14,"column":44},"end":{"line":14,"column":53}},"line":14},"2":{"name":"(anonymous_2)","decl":{"start":{"line":16,"column":22},"end":{"line":16,"column":28}},"loc":{"start":{"line":16,"column":28},"end":{"line":22,"column":null}},"line":16}},"branchMap":{"0":{"loc":{"start":{"line":12,"column":36},"end":{"line":12,"column":53}},"type":"default-arg","locations":[{"start":{"line":12,"column":49},"end":{"line":12,"column":53}}],"line":12},"1":{"loc":{"start":{"line":12,"column":53},"end":{"line":12,"column":68}},"type":"default-arg","locations":[{"start":{"line":12,"column":63},"end":{"line":12,"column":68}}],"line":12},"2":{"loc":{"start":{"line":17,"column":4},"end":{"line":19,"column":null}},"type":"if","locations":[{"start":{"line":17,"column":4},"end":{"line":19,"column":null}},{"start":{},"end":{}}],"line":17},"3":{"loc":{"start":{"line":24,"column":22},"end":{"line":24,"column":null}},"type":"cond-expr","locations":[{"start":{"line":24,"column":43},"end":{"line":24,"column":63}},{"start":{"line":24,"column":63},"end":{"line":24,"column":null}}],"line":24},"4":{"loc":{"start":{"line":36,"column":26},"end":{"line":36,"column":53}},"type":"cond-expr","locations":[{"start":{"line":36,"column":36},"end":{"line":36,"column":46}},{"start":{"line":36,"column":46},"end":{"line":36,"column":53}}],"line":36}},"s":{"0":4,"1":87,"2":87,"3":176,"4":87,"5":0,"6":0,"7":0,"8":87,"9":87},"f":{"0":87,"1":176,"2":0},"b":{"0":[87],"1":[87],"2":[0,0],"3":[87,0],"4":[0,87]},"meta":{"lastBranch":5,"lastFunction":3,"lastStatement":10,"seen":{"s:12:20:42:Infinity":0,"f:12:20:12:21":0,"b:12:49:12:53":0,"b:12:63:12:68":1,"s:13:15:13:Infinity":1,"s:14:8:14:Infinity":2,"f:14:33:14:34":1,"s:14:44:14:53":3,"s:16:22:22:Infinity":4,"f:16:22:16:28":2,"b:17:4:19:Infinity:undefined:undefined:undefined:undefined":2,"s:17:4:19:Infinity":5,"s:18:6:18:Infinity":6,"s:21:4:21:Infinity":7,"s:24:22:24:Infinity":8,"b:24:43:24:63:24:63:24:Infinity":3,"s:26:2:40:Infinity":9,"b:36:36:36:46:36:46:36:53":4}}}
,"C:\\JSDev\\counterctrlv3\\src\\components\\datePickers\\EndDatePicker.tsx": {"path":"C:\\JSDev\\counterctrlv3\\src\\components\\datePickers\\EndDatePicker.tsx","statementMap":{"0":{"start":{"line":9,"column":22},"end":{"line":85,"column":null}},"1":{"start":{"line":10,"column":8},"end":{"line":10,"column":null}},"2":{"start":{"line":10,"column":44},"end":{"line":10,"column":53}},"3":{"start":{"line":11,"column":8},"end":{"line":11,"column":null}},"4":{"start":{"line":11,"column":48},"end":{"line":11,"column":60}},"5":{"start":{"line":12,"column":8},"end":{"line":12,"column":null}},"6":{"start":{"line":13,"column":8},"end":{"line":13,"column":null}},"7":{"start":{"line":15,"column":24},"end":{"line":17,"column":null}},"8":{"start":{"line":16,"column":4},"end":{"line":16,"column":null}},"9":{"start":{"line":19,"column":26},"end":{"line":24,"column":null}},"10":{"start":{"line":20,"column":16},"end":{"line":20,"column":null}},"11":{"start":{"line":21,"column":18},"end":{"line":21,"column":null}},"12":{"start":{"line":22,"column":16},"end":{"line":22,"column":null}},"13":{"start":{"line":23,"column":4},"end":{"line":23,"column":null}},"14":{"start":{"line":26,"column":24},"end":{"line":30,"column":null}},"15":{"start":{"line":27,"column":4},"end":{"line":29,"column":null}},"16":{"start":{"line":28,"column":6},"end":{"line":28,"column":null}},"17":{"start":{"line":32,"column":18},"end":{"line":34,"column":null}},"18":{"start":{"line":36,"column":20},"end":{"line":36,"column":null}},"19":{"start":{"line":37,"column":24},"end":{"line":37,"column":null}},"20":{"start":{"line":39,"column":2},"end":{"line":83,"column":null}},"21":{"start":{"line":74,"column":14},"end":{"line":78,"column":null}}},"fnMap":{"0":{"name":"(anonymous_0)","decl":{"start":{"line":9,"column":22},"end":{"line":9,"column":28}},"loc":{"start":{"line":9,"column":28},"end":{"line":85,"column":null}},"line":9},"1":{"name":"(anonymous_1)","decl":{"start":{"line":10,"column":33},"end":{"line":10,"column":34}},"loc":{"start":{"line":10,"column":44},"end":{"line":10,"column":53}},"line":10},"2":{"name":"(anonymous_2)","decl":{"start":{"line":11,"column":37},"end":{"line":11,"column":38}},"loc":{"start":{"line":11,"column":48},"end":{"line":11,"column":60}},"line":11},"3":{"name":"(anonymous_3)","decl":{"start":{"line":15,"column":24},"end":{"line":15,"column":25}},"loc":{"start":{"line":15,"column":42},"end":{"line":17,"column":null}},"line":15},"4":{"name":"(anonymous_4)","decl":{"start":{"line":19,"column":26},"end":{"line":19,"column":27}},"loc":{"start":{"line":19,"column":44},"end":{"line":24,"column":null}},"line":19},"5":{"name":"(anonymous_5)","decl":{"start":{"line":26,"column":24},"end":{"line":26,"column":30}},"loc":{"start":{"line":26,"column":30},"end":{"line":30,"column":null}},"line":26},"6":{"name":"(anonymous_6)","decl":{"start":{"line":73,"column":13},"end":{"line":73,"column":14}},"loc":{"start":{"line":74,"column":14},"end":{"line":78,"column":null}},"line":74}},"branchMap":{"0":{"loc":{"start":{"line":27,"column":4},"end":{"line":29,"column":null}},"type":"if","locations":[{"start":{"line":27,"column":4},"end":{"line":29,"column":null}},{"start":{},"end":{}}],"line":27},"1":{"loc":{"start":{"line":32,"column":18},"end":{"line":34,"column":null}},"type":"cond-expr","locations":[{"start":{"line":33,"column":6},"end":{"line":33,"column":null}},{"start":{"line":34,"column":6},"end":{"line":34,"column":null}}],"line":32},"2":{"loc":{"start":{"line":36,"column":20},"end":{"line":36,"column":null}},"type":"cond-expr","locations":[{"start":{"line":36,"column":40},"end":{"line":36,"column":59}},{"start":{"line":36,"column":59},"end":{"line":36,"column":null}}],"line":36}},"s":{"0":4,"1":87,"2":176,"3":87,"4":176,"5":87,"6":87,"7":87,"8":0,"9":87,"10":87,"11":87,"12":87,"13":87,"14":87,"15":87,"16":87,"17":87,"18":87,"19":87,"20":87,"21":0},"f":{"0":87,"1":176,"2":176,"3":0,"4":87,"5":87,"6":0},"b":{"0":[87,0],"1":[87,0],"2":[87,0]},"meta":{"lastBranch":3,"lastFunction":7,"lastStatement":22,"seen":{"s:9:22:85:Infinity":0,"f:9:22:9:28":0,"s:10:8:10:Infinity":1,"f:10:33:10:34":1,"s:10:44:10:53":2,"s:11:8:11:Infinity":3,"f:11:37:11:38":2,"s:11:48:11:60":4,"s:12:8:12:Infinity":5,"s:13:8:13:Infinity":6,"s:15:24:17:Infinity":7,"f:15:24:15:25":3,"s:16:4:16:Infinity":8,"s:19:26:24:Infinity":9,"f:19:26:19:27":4,"s:20:16:20:Infinity":10,"s:21:18:21:Infinity":11,"s:22:16:22:Infinity":12,"s:23:4:23:Infinity":13,"s:26:24:30:Infinity":14,"f:26:24:26:30":5,"b:27:4:29:Infinity:undefined:undefined:undefined:undefined":0,"s:27:4:29:Infinity":15,"s:28:6:28:Infinity":16,"s:32:18:34:Infinity":17,"b:33:6:33:Infinity:34:6:34:Infinity":1,"s:36:20:36:Infinity":18,"b:36:40:36:59:36:59:36:Infinity":2,"s:37:24:37:Infinity":19,"s:39:2:83:Infinity":20,"f:73:13:73:14":6,"s:74:14:78:Infinity":21}}}
,"C:\\JSDev\\counterctrlv3\\src\\components\\datePickers\\StartDatePicker.tsx": {"path":"C:\\JSDev\\counterctrlv3\\src\\components\\datePickers\\StartDatePicker.tsx","statementMap":{"0":{"start":{"line":9,"column":24},"end":{"line":86,"column":null}},"1":{"start":{"line":10,"column":8},"end":{"line":10,"column":null}},"2":{"start":{"line":12,"column":26},"end":{"line":14,"column":null}},"3":{"start":{"line":13,"column":4},"end":{"line":13,"column":null}},"4":{"start":{"line":16,"column":8},"end":{"line":16,"column":null}},"5":{"start":{"line":16,"column":48},"end":{"line":16,"column":60}},"6":{"start":{"line":17,"column":8},"end":{"line":17,"column":null}},"7":{"start":{"line":17,"column":44},"end":{"line":17,"column":53}},"8":{"start":{"line":18,"column":8},"end":{"line":18,"column":null}},"9":{"start":{"line":20,"column":26},"end":{"line":25,"column":null}},"10":{"start":{"line":21,"column":16},"end":{"line":21,"column":null}},"11":{"start":{"line":22,"column":18},"end":{"line":22,"column":null}},"12":{"start":{"line":23,"column":16},"end":{"line":23,"column":null}},"13":{"start":{"line":24,"column":4},"end":{"line":24,"column":null}},"14":{"start":{"line":27,"column":24},"end":{"line":31,"column":null}},"15":{"start":{"line":28,"column":4},"end":{"line":30,"column":null}},"16":{"start":{"line":29,"column":6},"end":{"line":29,"column":null}},"17":{"start":{"line":33,"column":18},"end":{"line":35,"column":null}},"18":{"start":{"line":37,"column":20},"end":{"line":37,"column":null}},"19":{"start":{"line":38,"column":24},"end":{"line":38,"column":null}},"20":{"start":{"line":40,"column":2},"end":{"line":84,"column":null}},"21":{"start":{"line":75,"column":14},"end":{"line":79,"column":null}}},"fnMap":{"0":{"name":"(anonymous_0)","decl":{"start":{"line":9,"column":24},"end":{"line":9,"column":30}},"loc":{"start":{"line":9,"column":30},"end":{"line":86,"column":null}},"line":9},"1":{"name":"(anonymous_1)","decl":{"start":{"line":12,"column":26},"end":{"line":12,"column":27}},"loc":{"start":{"line":12,"column":44},"end":{"line":14,"column":null}},"line":12},"2":{"name":"(anonymous_2)","decl":{"start":{"line":16,"column":37},"end":{"line":16,"column":38}},"loc":{"start":{"line":16,"column":48},"end":{"line":16,"column":60}},"line":16},"3":{"name":"(anonymous_3)","decl":{"start":{"line":17,"column":33},"end":{"line":17,"column":34}},"loc":{"start":{"line":17,"column":44},"end":{"line":17,"column":53}},"line":17},"4":{"name":"(anonymous_4)","decl":{"start":{"line":20,"column":26},"end":{"line":20,"column":27}},"loc":{"start":{"line":20,"column":44},"end":{"line":25,"column":null}},"line":20},"5":{"name":"(anonymous_5)","decl":{"start":{"line":27,"column":24},"end":{"line":27,"column":30}},"loc":{"start":{"line":27,"column":30},"end":{"line":31,"column":null}},"line":27},"6":{"name":"(anonymous_6)","decl":{"start":{"line":74,"column":13},"end":{"line":74,"column":14}},"loc":{"start":{"line":75,"column":14},"end":{"line":79,"column":null}},"line":75}},"branchMap":{"0":{"loc":{"start":{"line":28,"column":4},"end":{"line":30,"column":null}},"type":"if","locations":[{"start":{"line":28,"column":4},"end":{"line":30,"column":null}},{"start":{},"end":{}}],"line":28},"1":{"loc":{"start":{"line":33,"column":18},"end":{"line":35,"column":null}},"type":"cond-expr","locations":[{"start":{"line":34,"column":6},"end":{"line":34,"column":null}},{"start":{"line":35,"column":6},"end":{"line":35,"column":null}}],"line":33},"2":{"loc":{"start":{"line":37,"column":20},"end":{"line":37,"column":null}},"type":"cond-expr","locations":[{"start":{"line":37,"column":40},"end":{"line":37,"column":59}},{"start":{"line":37,"column":59},"end":{"line":37,"column":null}}],"line":37}},"s":{"0":4,"1":87,"2":87,"3":0,"4":87,"5":176,"6":87,"7":176,"8":87,"9":87,"10":87,"11":87,"12":87,"13":87,"14":87,"15":87,"16":87,"17":87,"18":87,"19":87,"20":87,"21":0},"f":{"0":87,"1":0,"2":176,"3":176,"4":87,"5":87,"6":0},"b":{"0":[87,0],"1":[87,0],"2":[87,0]},"meta":{"lastBranch":3,"lastFunction":7,"lastStatement":22,"seen":{"s:9:24:86:Infinity":0,"f:9:24:9:30":0,"s:10:8:10:Infinity":1,"s:12:26:14:Infinity":2,"f:12:26:12:27":1,"s:13:4:13:Infinity":3,"s:16:8:16:Infinity":4,"f:16:37:16:38":2,"s:16:48:16:60":5,"s:17:8:17:Infinity":6,"f:17:33:17:34":3,"s:17:44:17:53":7,"s:18:8:18:Infinity":8,"s:20:26:25:Infinity":9,"f:20:26:20:27":4,"s:21:16:21:Infinity":10,"s:22:18:22:Infinity":11,"s:23:16:23:Infinity":12,"s:24:4:24:Infinity":13,"s:27:24:31:Infinity":14,"f:27:24:27:30":5,"b:28:4:30:Infinity:undefined:undefined:undefined:undefined":0,"s:28:4:30:Infinity":15,"s:29:6:29:Infinity":16,"s:33:18:35:Infinity":17,"b:34:6:34:Infinity:35:6:35:Infinity":1,"s:37:20:37:Infinity":18,"b:37:40:37:59:37:59:37:Infinity":2,"s:38:24:38:Infinity":19,"s:40:2:84:Infinity":20,"f:74:13:74:14":6,"s:75:14:79:Infinity":21}}}
,"C:\\JSDev\\counterctrlv3\\src\\components\\inputs\\CheckBox.tsx": {"path":"C:\\JSDev\\counterctrlv3\\src\\components\\inputs\\CheckBox.tsx","statementMap":{"0":{"start":{"line":13,"column":17},"end":{"line":39,"column":null}},"1":{"start":{"line":22,"column":22},"end":{"line":24,"column":null}},"2":{"start":{"line":23,"column":4},"end":{"line":23,"column":null}},"3":{"start":{"line":23,"column":18},"end":{"line":23,"column":null}},"4":{"start":{"line":26,"column":17},"end":{"line":26,"column":null}},"5":{"start":{"line":27,"column":2},"end":{"line":37,"column":null}}},"fnMap":{"0":{"name":"(anonymous_0)","decl":{"start":{"line":13,"column":17},"end":{"line":13,"column":18}},"loc":{"start":{"line":21,"column":13},"end":{"line":39,"column":null}},"line":21},"1":{"name":"(anonymous_1)","decl":{"start":{"line":22,"column":22},"end":{"line":22,"column":28}},"loc":{"start":{"line":22,"column":28},"end":{"line":24,"column":null}},"line":22}},"branchMap":{"0":{"loc":{"start":{"line":14,"column":2},"end":{"line":14,"column":null}},"type":"default-arg","locations":[{"start":{"line":14,"column":10},"end":{"line":14,"column":null}}],"line":14},"1":{"loc":{"start":{"line":18,"column":2},"end":{"line":18,"column":null}},"type":"default-arg","locations":[{"start":{"line":18,"column":11},"end":{"line":18,"column":null}}],"line":18},"2":{"loc":{"start":{"line":19,"column":2},"end":{"line":19,"column":null}},"type":"default-arg","locations":[{"start":{"line":19,"column":14},"end":{"line":19,"column":null}}],"line":19},"3":{"loc":{"start":{"line":20,"column":2},"end":{"line":20,"column":null}},"type":"default-arg","locations":[{"start":{"line":20,"column":16},"end":{"line":20,"column":null}}],"line":20},"4":{"loc":{"start":{"line":23,"column":4},"end":{"line":23,"column":null}},"type":"if","locations":[{"start":{"line":23,"column":4},"end":{"line":23,"column":null}},{"start":{},"end":{}}],"line":23},"5":{"loc":{"start":{"line":26,"column":17},"end":{"line":26,"column":null}},"type":"cond-expr","locations":[{"start":{"line":26,"column":31},"end":{"line":26,"column":62}},{"start":{"line":26,"column":62},"end":{"line":26,"column":null}}],"line":26}},"s":{"0":4,"1":1166,"2":18,"3":6,"4":1166,"5":1166},"f":{"0":1166,"1":18},"b":{"0":[1166],"1":[1166],"2":[1166],"3":[1166],"4":[6,12],"5":[174,992]},"meta":{"lastBranch":6,"lastFunction":2,"lastStatement":6,"seen":{"s:13:17:39:Infinity":0,"f:13:17:13:18":0,"b:14:10:14:Infinity":0,"b:18:11:18:Infinity":1,"b:19:14:19:Infinity":2,"b:20:16:20:Infinity":3,"s:22:22:24:Infinity":1,"f:22:22:22:28":1,"b:23:4:23:Infinity:undefined:undefined:undefined:undefined":4,"s:23:4:23:Infinity":2,"s:23:18:23:Infinity":3,"s:26:17:26:Infinity":4,"b:26:31:26:62:26:62:26:Infinity":5,"s:27:2:37:Infinity":5}}}
,"C:\\JSDev\\counterctrlv3\\src\\components\\inputs\\RadioBox.tsx": {"path":"C:\\JSDev\\counterctrlv3\\src\\components\\inputs\\RadioBox.tsx","statementMap":{"0":{"start":{"line":10,"column":17},"end":{"line":21,"column":null}},"1":{"start":{"line":11,"column":2},"end":{"line":19,"column":null}},"2":{"start":{"line":15,"column":21},"end":{"line":15,"column":null}}},"fnMap":{"0":{"name":"(anonymous_0)","decl":{"start":{"line":10,"column":17},"end":{"line":10,"column":18}},"loc":{"start":{"line":10,"column":60},"end":{"line":21,"column":null}},"line":10},"1":{"name":"(anonymous_1)","decl":{"start":{"line":15,"column":15},"end":{"line":15,"column":21}},"loc":{"start":{"line":15,"column":21},"end":{"line":15,"column":null}},"line":15}},"branchMap":{},"s":{"0":4,"1":773,"2":12},"f":{"0":773,"1":12},"b":{},"meta":{"lastBranch":0,"lastFunction":2,"lastStatement":3,"seen":{"s:10:17:21:Infinity":0,"f:10:17:10:18":0,"s:11:2:19:Infinity":1,"f:15:15:15:21":1,"s:15:21:15:Infinity":2}}}
,"C:\\JSDev\\counterctrlv3\\src\\components\\loading\\LoadingIndicator.tsx": {"path":"C:\\JSDev\\counterctrlv3\\src\\components\\loading\\LoadingIndicator.tsx","statementMap":{"0":{"start":{"line":8,"column":25},"end":{"line":17,"column":null}},"1":{"start":{"line":12,"column":2},"end":{"line":15,"column":null}}},"fnMap":{"0":{"name":"(anonymous_0)","decl":{"start":{"line":8,"column":25},"end":{"line":8,"column":26}},"loc":{"start":{"line":11,"column":13},"end":{"line":17,"column":null}},"line":11}},"branchMap":{"0":{"loc":{"start":{"line":9,"column":2},"end":{"line":9,"column":null}},"type":"default-arg","locations":[{"start":{"line":9,"column":12},"end":{"line":9,"column":null}}],"line":9},"1":{"loc":{"start":{"line":10,"column":2},"end":{"line":10,"column":null}},"type":"default-arg","locations":[{"start":{"line":10,"column":14},"end":{"line":10,"column":null}}],"line":10}},"s":{"0":4,"1":83},"f":{"0":83},"b":{"0":[83],"1":[83]},"meta":{"lastBranch":2,"lastFunction":1,"lastStatement":2,"seen":{"s:8:25:17:Infinity":0,"f:8:25:8:26":0,"b:9:12:9:Infinity":0,"b:10:14:10:Infinity":1,"s:12:2:15:Infinity":1}}}
,"C:\\JSDev\\counterctrlv3\\src\\components\\toasts\\Toast.tsx": {"path":"C:\\JSDev\\counterctrlv3\\src\\components\\toasts\\Toast.tsx","statementMap":{"0":{"start":{"line":10,"column":14},"end":{"line":82,"column":null}},"1":{"start":{"line":11,"column":8},"end":{"line":11,"column":null}},"2":{"start":{"line":12,"column":37},"end":{"line":12,"column":null}},"3":{"start":{"line":13,"column":50},"end":{"line":13,"column":null}},"4":{"start":{"line":15,"column":2},"end":{"line":32,"column":null}},"5":{"start":{"line":16,"column":19},"end":{"line":16,"column":null}},"6":{"start":{"line":17,"column":29},"end":{"line":17,"column":null}},"7":{"start":{"line":18,"column":4},"end":{"line":31,"column":null}},"8":{"start":{"line":19,"column":23},"end":{"line":30,"column":null}},"9":{"start":{"line":20,"column":8},"end":{"line":29,"column":null}},"10":{"start":{"line":21,"column":10},"end":{"line":26,"column":null}},"11":{"start":{"line":22,"column":12},"end":{"line":22,"column":null}},"12":{"start":{"line":23,"column":12},"end":{"line":23,"column":null}},"13":{"start":{"line":25,"column":12},"end":{"line":25,"column":null}},"14":{"start":{"line":28,"column":10},"end":{"line":28,"column":null}},"15":{"start":{"line":34,"column":18},"end":{"line":47,"column":null}},"16":{"start":{"line":35,"column":4},"end":{"line":46,"column":null}},"17":{"start":{"line":37,"column":8},"end":{"line":37,"column":null}},"18":{"start":{"line":39,"column":8},"end":{"line":39,"column":null}},"19":{"start":{"line":41,"column":8},"end":{"line":41,"column":null}},"20":{"start":{"line":43,"column":8},"end":{"line":43,"column":null}},"21":{"start":{"line":45,"column":8},"end":{"line":45,"column":null}},"22":{"start":{"line":48,"column":2},"end":{"line":80,"column":null}}},"fnMap":{"0":{"name":"(anonymous_0)","decl":{"start":{"line":10,"column":14},"end":{"line":10,"column":15}},"loc":{"start":{"line":10,"column":53},"end":{"line":82,"column":null}},"line":10},"1":{"name":"(anonymous_1)","decl":{"start":{"line":15,"column":12},"end":{"line":15,"column":18}},"loc":{"start":{"line":15,"column":18},"end":{"line":32,"column":5}},"line":15},"2":{"name":"(anonymous_2)","decl":{"start":{"line":19,"column":35},"end":{"line":19,"column":41}},"loc":{"start":{"line":19,"column":41},"end":{"line":30,"column":9}},"line":19},"3":{"name":"(anonymous_3)","decl":{"start":{"line":34,"column":18},"end":{"line":34,"column":24}},"loc":{"start":{"line":34,"column":24},"end":{"line":47,"column":null}},"line":34}},"branchMap":{"0":{"loc":{"start":{"line":13,"column":10},"end":{"line":13,"column":26}},"type":"default-arg","locations":[{"start":{"line":13,"column":20},"end":{"line":13,"column":26}}],"line":13},"1":{"loc":{"start":{"line":13,"column":50},"end":{"line":13,"column":null}},"type":"binary-expr","locations":[{"start":{"line":13,"column":50},"end":{"line":13,"column":61}},{"start":{"line":13,"column":61},"end":{"line":13,"column":null}}],"line":13},"2":{"loc":{"start":{"line":18,"column":4},"end":{"line":31,"column":null}},"type":"if","locations":[{"start":{"line":18,"column":4},"end":{"line":31,"column":null}},{"start":{},"end":{}}],"line":18},"3":{"loc":{"start":{"line":20,"column":8},"end":{"line":29,"column":null}},"type":"if","locations":[{"start":{"line":20,"column":8},"end":{"line":29,"column":null}},{"start":{"line":27,"column":15},"end":{"line":29,"column":null}}],"line":20},"4":{"loc":{"start":{"line":21,"column":10},"end":{"line":26,"column":null}},"type":"if","locations":[{"start":{"line":21,"column":10},"end":{"line":26,"column":null}},{"start":{"line":24,"column":17},"end":{"line":26,"column":null}}],"line":21},"5":{"loc":{"start":{"line":35,"column":4},"end":{"line":46,"column":null}},"type":"switch","locations":[{"start":{"line":36,"column":6},"end":{"line":37,"column":null}},{"start":{"line":38,"column":6},"end":{"line":39,"column":null}},{"start":{"line":40,"column":6},"end":{"line":41,"column":null}},{"start":{"line":42,"column":6},"end":{"line":43,"column":null}},{"start":{"line":44,"column":6},"end":{"line":45,"column":null}}],"line":35},"6":{"loc":{"start":{"line":56,"column":9},"end":{"line":62,"column":null}},"type":"cond-expr","locations":[{"start":{"line":57,"column":10},"end":{"line":61,"column":null}},{"start":{"line":62,"column":12},"end":{"line":62,"column":null}}],"line":56},"7":{"loc":{"start":{"line":71,"column":7},"end":{"line":79,"column":null}},"type":"cond-expr","locations":[{"start":{"line":72,"column":8},"end":{"line":78,"column":null}},{"start":{"line":79,"column":10},"end":{"line":79,"column":null}}],"line":71}},"s":{"0":4,"1":0,"2":0,"3":0,"4":0,"5":0,"6":0,"7":0,"8":0,"9":0,"10":0,"11":0,"12":0,"13":0,"14":0,"15":0,"16":0,"17":0,"18":0,"19":0,"20":0,"21":0,"22":0},"f":{"0":0,"1":0,"2":0,"3":0},"b":{"0":[0],"1":[0,0],"2":[0,0],"3":[0,0],"4":[0,0],"5":[0,0,0,0,0],"6":[0,0],"7":[0,0]},"meta":{"lastBranch":8,"lastFunction":4,"lastStatement":23,"seen":{"s:10:14:82:Infinity":0,"f:10:14:10:15":0,"s:11:8:11:Infinity":1,"s:12:37:12:Infinity":2,"s:13:50:13:Infinity":3,"b:13:20:13:26":0,"b:13:50:13:61:13:61:13:Infinity":1,"s:15:2:32:Infinity":4,"f:15:12:15:18":1,"s:16:19:16:Infinity":5,"s:17:29:17:Infinity":6,"b:18:4:31:Infinity:undefined:undefined:undefined:undefined":2,"s:18:4:31:Infinity":7,"s:19:23:30:Infinity":8,"f:19:35:19:41":2,"b:20:8:29:Infinity:27:15:29:Infinity":3,"s:20:8:29:Infinity":9,"b:21:10:26:Infinity:24:17:26:Infinity":4,"s:21:10:26:Infinity":10,"s:22:12:22:Infinity":11,"s:23:12:23:Infinity":12,"s:25:12:25:Infinity":13,"s:28:10:28:Infinity":14,"s:34:18:47:Infinity":15,"f:34:18:34:24":3,"b:36:6:37:Infinity:38:6:39:Infinity:40:6:41:Infinity:42:6:43:Infinity:44:6:45:Infinity":5,"s:35:4:46:Infinity":16,"s:37:8:37:Infinity":17,"s:39:8:39:Infinity":18,"s:41:8:41:Infinity":19,"s:43:8:43:Infinity":20,"s:45:8:45:Infinity":21,"s:48:2:80:Infinity":22,"b:57:10:61:Infinity:62:12:62:Infinity":6,"b:72:8:78:Infinity:79:10:79:Infinity":7}}}
,"C:\\JSDev\\counterctrlv3\\src\\components\\toasts\\ToastContainer.tsx": {"path":"C:\\JSDev\\counterctrlv3\\src\\components\\toasts\\ToastContainer.tsx","statementMap":{"0":{"start":{"line":4,"column":54},"end":{"line":12,"column":null}},"1":{"start":{"line":5,"column":2},"end":{"line":10,"column":null}},"2":{"start":{"line":8,"column":8},"end":{"line":8,"column":null}},"3":{"start":{"line":8,"column":59},"end":{"line":8,"column":82}}},"fnMap":{"0":{"name":"(anonymous_0)","decl":{"start":{"line":4,"column":54},"end":{"line":4,"column":55}},"loc":{"start":{"line":4,"column":83},"end":{"line":12,"column":null}},"line":4},"1":{"name":"(anonymous_1)","decl":{"start":{"line":7,"column":18},"end":{"line":7,"column":19}},"loc":{"start":{"line":8,"column":8},"end":{"line":8,"column":null}},"line":8},"2":{"name":"(anonymous_2)","decl":{"start":{"line":8,"column":53},"end":{"line":8,"column":59}},"loc":{"start":{"line":8,"column":59},"end":{"line":8,"column":82}},"line":8}},"branchMap":{},"s":{"0":4,"1":25,"2":0,"3":0},"f":{"0":25,"1":0,"2":0},"b":{},"meta":{"lastBranch":0,"lastFunction":3,"lastStatement":4,"seen":{"s:4:54:12:Infinity":0,"f:4:54:4:55":0,"s:5:2:10:Infinity":1,"f:7:18:7:19":1,"s:8:8:8:Infinity":2,"f:8:53:8:59":2,"s:8:59:8:82":3}}}
,"C:\\JSDev\\counterctrlv3\\src\\components\\toasts\\ToastContext.ts": {"path":"C:\\JSDev\\counterctrlv3\\src\\components\\toasts\\ToastContext.ts","statementMap":{"0":{"start":{"line":4,"column":6},"end":{"line":4,"column":null}}},"fnMap":{},"branchMap":{},"s":{"0":4},"f":{},"b":{},"meta":{"lastBranch":0,"lastFunction":0,"lastStatement":1,"seen":{"s:4:6:4:Infinity":0}}}
[...]
"line":45,"column":null}},"line":5},"1":{"name":"(anonymous_1)","decl":{"start":{"line":8,"column":24},"end":{"line":8,"column":25}},"loc":{"start":{"line":8,"column":66},"end":{"line":11,"column":null}},"line":8},"2":{"name":"(anonymous_2)","decl":{"start":{"line":10,"column":19},"end":{"line":10,"column":20}},"loc":{"start":{"line":10,"column":30},"end":{"line":10,"column":57}},"line":10},"3":{"name":"(anonymous_3)","decl":{"start":{"line":15,"column":16},"end":{"line":15,"column":17}},"loc":{"start":{"line":16,"column":8},"end":{"line":41,"column":null}},"line":16},"4":{"name":"(anonymous_4)","decl":{"start":{"line":24,"column":26},"end":{"line":24,"column":32}},"loc":{"start":{"line":24,"column":32},"end":{"line":24,"column":null}},"line":24},"5":{"name":"(anonymous_5)","decl":{"start":{"line":25,"column":26},"end":{"line":25,"column":32}},"loc":{"start":{"line":25,"column":32},"end":{"line":25,"column":null}},"line":25}},"branchMap":{"0":{"loc":{"start":{"line":9,"column":17},"end":{"line":9,"column":null}},"type":"cond-expr","locations":[{"start":{"line":9,"column":35},"end":{"line":9,"column":42}},{"start":{"line":9,"column":42},"end":{"line":9,"column":null}}],"line":9},"1":{"loc":{"start":{"line":32,"column":29},"end":{"line":32,"column":73}},"type":"cond-expr","locations":[{"start":{"line":32,"column":63},"end":{"line":32,"column":70}},{"start":{"line":32,"column":70},"end":{"line":32,"column":73}}],"line":32},"2":{"loc":{"start":{"line":34,"column":14},"end":{"line":36,"column":null}},"type":"cond-expr","locations":[{"start":{"line":35,"column":18},"end":{"line":35,"column":null}},{"start":{"line":36,"column":18},"end":{"line":36,"column":null}}],"line":34}},"s":{"0":4,"1":89,"2":89,"3":2,"4":2,"5":2,"6":89,"7":356,"8":1,"9":1},"f":{"0":89,"1":2,"2":2,"3":356,"4":1,"5":1},"b":{"0":[1,1],"1":[1,355],"2":[1,355]},"meta":{"lastBranch":3,"lastFunction":6,"lastStatement":10,"seen":{"s:5:17:45:Infinity":0,"f:5:17:5:23":0,"s:6:36:6:Infinity":1,"s:8:24:11:Infinity":2,"f:8:24:8:25":1,"s:9:17:9:Infinity":3,"b:9:35:9:42:9:42:9:Infinity":0,"s:10:4:10:Infinity":4,"f:10:19:10:20":2,"s:10:30:10:57":5,"s:13:2:43:Infinity":6,"f:15:16:15:17":3,"s:16:8:41:Infinity":7,"f:24:26:24:32":4,"s:24:32:24:Infinity":8,"f:25:26:25:32":5,"s:25:32:25:Infinity":9,"b:32:63:32:70:32:70:32:73":1,"b:35:18:35:Infinity:36:18:36:Infinity":2}}}
,"C:\\JSDev\\counterctrlv3\\src\\store\\index.ts": {"path":"C:\\JSDev\\counterctrlv3\\src\\store\\index.ts","statementMap":{"0":{"start":{"line":19,"column":26},"end":{"line":38,"column":null}},"1":{"start":{"line":43,"column":21},"end":{"line":43,"column":null}}},"fnMap":{"0":{"name":"(anonymous_0)","decl":{"start":{"line":19,"column":26},"end":{"line":19,"column":null}},"loc":{"start":{"line":19,"column":26},"end":{"line":38,"column":null}},"line":19}},"branchMap":{},"s":{"0":8,"1":4},"f":{"0":8},"b":{},"meta":{"lastBranch":0,"lastFunction":1,"lastStatement":2,"seen":{"s:19:26:38:Infinity":0,"f:19:26:19:Infinity":0,"s:43:21:43:Infinity":1}}}
,"C:\\JSDev\\counterctrlv3\\src\\svgs\\Check.tsx": {"path":"C:\\JSDev\\counterctrlv3\\src\\svgs\\Check.tsx","statementMap":{"0":{"start":{"line":5,"column":14},"end":{"line":24,"column":null}},"1":{"start":{"line":6,"column":2},"end":{"line":22,"column":null}}},"fnMap":{"0":{"name":"(anonymous_0)","decl":{"start":{"line":5,"column":14},"end":{"line":5,"column":15}},"loc":{"start":{"line":5,"column":45},"end":{"line":24,"column":null}},"line":5}},"branchMap":{},"s":{"0":4,"1":0},"f":{"0":0},"b":{},"meta":{"lastBranch":0,"lastFunction":1,"lastStatement":2,"seen":{"s:5:14:24:Infinity":0,"f:5:14:5:15":0,"s:6:2:22:Infinity":1}}}
,"C:\\JSDev\\counterctrlv3\\src\\svgs\\CheckBoxIcon.tsx": {"path":"C:\\JSDev\\counterctrlv3\\src\\svgs\\CheckBoxIcon.tsx","statementMap":{"0":{"start":{"line":7,"column":21},"end":{"line":33,"column":null}},"1":{"start":{"line":8,"column":2},"end":{"line":31,"column":null}}},"fnMap":{"0":{"name":"(anonymous_0)","decl":{"start":{"line":7,"column":21},"end":{"line":7,"column":22}},"loc":{"start":{"line":7,"column":71},"end":{"line":33,"column":null}},"line":7}},"branchMap":{"0":{"loc":{"start":{"line":7,"column":32},"end":{"line":7,"column":50}},"type":"default-arg","locations":[{"start":{"line":7,"column":41},"end":{"line":7,"column":50}}],"line":7},"1":{"loc":{"start":{"line":22,"column":7},"end":{"line":30,"column":null}},"type":"cond-expr","locations":[{"start":{"line":23,"column":8},"end":{"line":29,"column":null}},{"start":{"line":30,"column":10},"end":{"line":30,"column":null}}],"line":22}},"s":{"0":4,"1":1939},"f":{"0":1939},"b":{"0":[1939],"1":[436,1503]},"meta":{"lastBranch":2,"lastFunction":1,"lastStatement":2,"seen":{"s:7:21:33:Infinity":0,"f:7:21:7:22":0,"b:7:41:7:50":0,"s:8:2:31:Infinity":1,"b:23:8:29:Infinity:30:10:30:Infinity":1}}}
,"C:\\JSDev\\counterctrlv3\\src\\svgs\\ChevronUpDownIcon.tsx": {"path":"C:\\JSDev\\counterctrlv3\\src\\svgs\\ChevronUpDownIcon.tsx","statementMap":{"0":{"start":{"line":6,"column":26},"end":{"line":21,"column":null}},"1":{"start":{"line":7,"column":2},"end":{"line":19,"column":null}}},"fnMap":{"0":{"name":"(anonymous_0)","decl":{"start":{"line":6,"column":26},"end":{"line":6,"column":27}},"loc":{"start":{"line":6,"column":69},"end":{"line":21,"column":null}},"line":6}},"branchMap":{"0":{"loc":{"start":{"line":6,"column":40},"end":{"line":6,"column":56}},"type":"default-arg","locations":[{"start":{"line":6,"column":49},"end":{"line":6,"column":56}}],"line":6}},"s":{"0":4,"1":244},"f":{"0":244},"b":{"0":[244]},"meta":{"lastBranch":1,"lastFunction":1,"lastStatement":2,"seen":{"s:6:26:21:Infinity":0,"f:6:26:6:27":0,"b:6:49:6:56":0,"s:7:2:19:Infinity":1}}}
,"C:\\JSDev\\counterctrlv3\\src\\svgs\\Eye.tsx": {"path":"C:\\JSDev\\counterctrlv3\\src\\svgs\\Eye.tsx","statementMap":{"0":{"start":{"line":7,"column":12},"end":{"line":32,"column":null}},"1":{"start":{"line":8,"column":26},"end":{"line":8,"column":null}},"2":{"start":{"line":10,"column":22},"end":{"line":13,"column":null}},"3":{"start":{"line":11,"column":4},"end":{"line":11,"column":null}},"4":{"start":{"line":12,"column":4},"end":{"line":12,"column":null}},"5":{"start":{"line":14,"column":2},"end":{"line":30,"column":null}}},"fnMap":{"0":{"name":"(anonymous_0)","decl":{"start":{"line":7,"column":12},"end":{"line":7,"column":13}},"loc":{"start":{"line":7,"column":36},"end":{"line":32,"column":null}},"line":7},"1":{"name":"(anonymous_1)","decl":{"start":{"line":10,"column":22},"end":{"line":10,"column":28}},"loc":{"start":{"line":10,"column":28},"end":{"line":13,"column":null}},"line":10}},"branchMap":{"0":{"loc":{"start":{"line":19,"column":8},"end":{"line":19,"column":null}},"type":"cond-expr","locations":[{"start":{"line":19,"column":17},"end":{"line":19,"column":35}},{"start":{"line":19,"column":35},"end":{"line":19,"column":null}}],"line":19}},"s":{"0":4,"1":0,"2":0,"3":0,"4":0,"5":0},"f":{"0":0,"1":0},"b":{"0":[0,0]},"meta":{"lastBranch":1,"lastFunction":2,"lastStatement":6,"seen":{"s:7:12:32:Infinity":0,"f:7:12:7:13":0,"s:8:26:8:Infinity":1,"s:10:22:13:Infinity":2,"f:10:22:10:28":1,"s:11:4:11:Infinity":3,"s:12:4:12:Infinity":4,"s:14:2:30:Infinity":5,"b:19:17:19:35:19:35:19:Infinity":0}}}
,"C:\\JSDev\\counterctrlv3\\src\\svgs\\X.tsx": {"path":"C:\\JSDev\\counterctrlv3\\src\\svgs\\X.tsx","statementMap":{"0":{"start":{"line":5,"column":10},"end":{"line":19,"column":null}},"1":{"start":{"line":6,"column":2},"end":{"line":17,"column":null}}},"fnMap":{"0":{"name":"(anonymous_0)","decl":{"start":{"line":5,"column":10},"end":{"line":5,"column":11}},"loc":{"start":{"line":5,"column":37},"end":{"line":19,"column":null}},"line":5}},"branchMap":{},"s":{"0":4,"1":0},"f":{"0":0},"b":{},"meta":{"lastBranch":0,"lastFunction":1,"lastStatement":2,"seen":{"s:5:10:19:Infinity":0,"f:5:10:5:11":0,"s:6:2:17:Infinity":1}}}
,"C:\\JSDev\\counterctrlv3\\src\\test\\utils.tsx": {"path":"C:\\JSDev\\counterctrlv3\\src\\test\\utils.tsx","statementMap":{"0":{"start":{"line":8,"column":35},"end":{"line":23,"column":null}},"1":{"start":{"line":14,"column":2},"end":{"line":22,"column":null}}},"fnMap":{"0":{"name":"(anonymous_0)","decl":{"start":{"line":8,"column":35},"end":{"line":8,"column":null}},"loc":{"start":{"line":13,"column":5},"end":{"line":23,"column":null}},"line":13}},"branchMap":{"0":{"loc":{"start":{"line":10,"column":2},"end":{"line":12,"column":null}},"type":"default-arg","locations":[{"start":{"line":12,"column":6},"end":{"line":12,"column":null}}],"line":10},"1":{"loc":{"start":{"line":11,"column":4},"end":{"line":11,"column":null}},"type":"default-arg","locations":[{"start":{"line":11,"column":4},"end":{"line":11,"column":null}}],"line":11}},"s":{"0":4,"1":25},"f":{"0":25},"b":{"0":[25],"1":[25]},"meta":{"lastBranch":2,"lastFunction":1,"lastStatement":2,"seen":{"s:8:35:23:Infinity":0,"f:8:35:8:Infinity":0,"b:12:6:12:Infinity":0,"b:11:4:11:Infinity":1,"s:14:2:22:Infinity":1}}}
,"C:\\JSDev\\counterctrlv3\\src\\test\\pages\\upcList\\index.ts": {"path":"C:\\JSDev\\counterctrlv3\\src\\test\\pages\\upcList\\index.ts","statementMap":{"0":{"start":{"line":1,"column":22},"end":{"line":22,"column":null}},"1":{"start":{"line":24,"column":22},"end":{"line":40,"column":null}},"2":{"start":{"line":42,"column":34},"end":{"line":67,"column":null}},"3":{"start":{"line":69,"column":29},"end":{"line":69,"column":null}},"4":{"start":{"line":71,"column":29},"end":{"line":133,"column":null}},"5":{"start":{"line":136,"column":31},"end":{"line":655,"column":null}},"6":{"start":{"line":657,"column":28},"end":{"line":743,"column":null}},"7":{"start":{"line":745,"column":28},"end":{"line":1271,"column":null}}},"fnMap":{},"branchMap":{},"s":{"0":4,"1":4,"2":4,"3":4,"4":4,"5":4,"6":4,"7":4},"f":{},"b":{},"meta":{"lastBranch":0,"lastFunction":0,"lastStatement":8,"seen":{"s:1:22:22:Infinity":0,"s:24:22:40:Infinity":1,"s:42:34:67:Infinity":2,"s:69:29:69:Infinity":3,"s:71:29:133:Infinity":4,"s:136:31:655:Infinity":5,"s:657:28:743:Infinity":6,"s:745:28:1271:Infinity":7}}}
,"C:\\JSDev\\counterctrlv3\\src\\utils\\index.ts": {"path":"C:\\JSDev\\counterctrlv3\\src\\utils\\index.ts","statementMap":{"0":{"start":{"line":1,"column":26},"end":{"line":8,"column":null}},"1":{"start":{"line":2,"column":14},"end":{"line":2,"column":null}},"2":{"start":{"line":3,"column":16},"end":{"line":3,"column":null}},"3":{"start":{"line":4,"column":14},"end":{"line":4,"column":null}},"4":{"start":{"line":5,"column":15},"end":{"line":5,"column":null}},"5":{"start":{"line":6,"column":2},"end":{"line":6,"column":null}},"6":{"start":{"line":10,"column":23},"end":{"line":13,"column":null}},"7":{"start":{"line":11,"column":18},"end":{"line":11,"column":null}},"8":{"start":{"line":12,"column":2},"end":{"line":12,"column":null}},"9":{"start":{"line":15,"column":33},"end":{"line":22,"column":null}},"10":{"start":{"line":16,"column":18},"end":{"line":16,"column":null}},"11":{"start":{"line":16,"column":36},"end":{"line":16,"column":null}},"12":{"start":{"line":17,"column":14},"end":{"line":17,"column":null}},"13":{"start":{"line":18,"column":16},"end":{"line":18,"column":null}},"14":{"start":{"line":19,"column":14},"end":{"line":19,"column":null}},"15":{"start":{"line":20,"column":15},"end":{"line":20,"column":null}},"16":{"start":{"line":21,"column":2},"end":{"line":21,"column":null}},"17":{"start":{"line":24,"column":31},"end":{"line":32,"column":null}},"18":{"start":{"line":25,"column":17},"end":{"line":30,"column":null}},"19":{"start":{"line":26,"column":4},"end":{"line":29,"column":null}},"20":{"start":{"line":31,"column":2},"end":{"line":31,"column":null}},"21":{"start":{"line":34,"column":28},"end":{"line":40,"column":null}},"22":{"start":{"line":35,"column":14},"end":{"line":35,"column":null}},"23":{"start":{"line":36,"column":16},"end":{"line":36,"column":null}},"24":{"start":{"line":37,"column":14},"end":{"line":37,"column":null}},"25":{"start":{"line":38,"column":15},"end":{"line":38,"column":null}},"26":{"start":{"line":39,"column":2},"end":{"line":39,"column":null}},"27":{"start":{"line":42,"column":31},"end":{"line":52,"column":null}},"28":{"start":{"line":47,"column":44},"end":{"line":47,"column":null}},"29":{"start":{"line":48,"column":2},"end":{"line":50,"column":null}},"30":{"start":{"line":49,"column":4},"end":{"line":49,"column":null}},"31":{"start":{"line":51,"column":2},"end":{"line":51,"column":null}},"32":{"start":{"line":54,"column":28},"end":{"line":131,"column":null}},"33":{"start":{"line":73,"column":17},"end":{"line":73,"column":null}},"34":{"start":{"line":74,"column":22},"end":{"line":74,"column":null}},"35":{"start":{"line":75,"column":15},"end":{"line":75,"column":null}},"36":{"start":{"line":79,"column":4},"end":{"line":83,"column":null}},"37":{"start":{"line":86,"column":17},"end":{"line":86,"column":null}},"38":{"start":{"line":90,"column":19},"end":{"line":90,"column":null}},"39":{"start":{"line":93,"column":17},"end":{"line":93,"column":null}},"40":{"start":{"line":102,"column":2},"end":{"line":102,"column":null}},"41":{"start":{"line":107,"column":2},"end":{"line":109,"column":null}},"42":{"start":{"line":110,"column":2},"end":{"line":112,"column":null}},"43":{"start":{"line":115,"column":2},"end":{"line":115,"column":null}},"44":{"start":{"line":116,"column":2},"end":{"line":116,"column":null}},"45":{"start":{"line":119,"column":20},"end":{"line":119,"column":null}},"46":{"start":{"line":120,"column":2},"end":{"line":122,"column":null}},"47":{"start":{"line":121,"column":4},"end":{"line":121,"column":null}},"48":{"start":{"line":125,"column":2},"end":{"line":125,"column":null}},"49":{"start":{"line":128,"column":2},"end":{"line":130,"column":null}},"50":{"start":{"line":129,"column":4},"end":{"line":129,"column":null}}},"fnMap":{"0":{"name":"(anonymous_0)","decl":{"start":{"line":1,"column":26},"end":{"line":1,"column":27}},"loc":{"start":{"line":1,"column":44},"end":{"line":8,"column":null}},"line":1},"1":{"name":"(anonymous_1)","decl":{"start":{"line":10,"column":23},"end":{"line":10,"column":24}},"loc":{"start":{"line":10,"column":64},"end":{"line":13,"column":null}},"line":10},"2":{"name":"(anonymous_2)","decl":{"start":{"line":15,"column":33},"end":{"line":15,"column":34}},"loc":{"start":{"line":15,"column":51},"end":{"line":22,"column":null}},"line":15},"3":{"name":"(anonymous_3)","decl":{"start":{"line":16,"column":18},"end":{"line":16,"column":19}},"loc":{"start":{"line":16,"column":36},"end":{"line":16,"column":null}},"line":16},"4":{"name":"(anonymous_4)","decl":{"start":{"line":24,"column":31},"end":{"line":24,"column":32}},"loc":{"start":{"line":24,"column":46},"end":{"line":32,"column":null}},"line":24},"5":{"name":"(anonymous_5)","decl":{"start":{"line":25,"column":17},"end":{"line":25,"column":18}},"loc":{"start":{"line":25,"column":34},"end":{"line":30,"column":null}},"line":25},"6":{"name":"(anonymous_6)","decl":{"start":{"line":34,"column":28},"end":{"line":34,"column":29}},"loc":{"start":{"line":34,"column":46},"end":{"line":40,"column":null}},"line":34},"7":{"name":"(anonymous_7)","decl":{"start":{"line":42,"column":31},"end":{"line":42,"column":null}},"loc":{"start":{"line":46,"column":13},"end":{"line":52,"column":null}},"line":46},"8":{"name":"(anonymous_8)","decl":{"start":{"line":54,"column":28},"end":{"line":54,"column":29}},"loc":{"start":{"line":54,"column":69},"end":{"line":131,"column":null}},"line":54},"9":{"name":"(anonymous_9)","decl":{"start":{"line":128,"column":42},"end":{"line":128,"column":48}},"loc":{"start":{"line":128,"column":48},"end":{"line":130,"column":3}},"line":128}},"branchMap":{"0":{"loc":{"start":{"line":16,"column":36},"end":{"line":16,"column":null}},"type":"cond-expr","locations":[{"start":{"line":16,"column":47},"end":{"line":16,"column":59}},{"start":{"line":16,"column":59},"end":{"line":16,"column":null}}],"line":16},"1":{"loc":{"start":{"line":31,"column":9},"end":{"line":31,"column":null}},"type":"cond-expr","locations":[{"start":{"line":31,"column":17},"end":{"line":31,"column":34}},{"start":{"line":31,"column":34},"end":{"line":31,"column":null}}],"line":31},"2":{"loc":{"start":{"line":44,"column":2},"end":{"line":44,"column":null}},"type":"default-arg","locations":[{"start":{"line":44,"column":21},"end":{"line":44,"column":null}}],"line":44},"3":{"loc":{"start":{"line":45,"column":2},"end":{"line":45,"column":null}},"type":"default-arg","locations":[{"start":{"line":45,"column":19},"end":{"line":45,"column":null}}],"line":45},"4":{"loc":{"start":{"line":48,"column":2},"end":{"line":50,"column":null}},"type":"if","locations":[{"start":{"line":48,"column":2},"end":{"line":50,"column":null}},{"start":{},"end":{}}],"line":48},"5":{"loc":{"start":{"line":75,"column":15},"end":{"line":75,"column":null}},"type":"cond-expr","locations":[{"start":{"line":75,"column":29},"end":{"line":75,"column":55}},{"start":{"line":75,"column":55},"end":{"line":75,"column":null}}],"line":75},"6":{"loc":{"start":{"line":79,"column":4},"end":{"line":83,"column":null}},"type":"cond-expr","locations":[{"start":{"line":80,"column":8},"end":{"line":80,"column":null}},{"start":{"line":81,"column":8},"end":{"line":83,"column":null}}],"line":79},"7":{"loc":{"start":{"line":81,"column":8},"end":{"line":83,"column":null}},"type":"cond-expr","locations":[{"start":{"line":82,"column":8},"end":{"line":82,"column":null}},{"start":{"line":83,"column":8},"end":{"line":83,"column":null}}],"line":81},"8":{"loc":{"start":{"line":120,"column":2},"end":{"line":122,"column":null}},"type":"if","locations":[{"start":{"line":120,"column":2},"end":{"line":122,"column":null}},{"start":{},"end":{}}],"line":120}},"s":{"0":4,"1":55,"2":55,"3":55,"4":55,"5":55,"6":4,"7":4,"8":4,"9":4,"10":0,"11":0,"12":0,"13":0,"14":0,"15":0,"16":0,"17":4,"18":391,"19":391,"20":391,"21":4,"22":0,"23":0,"24":0,"25":0,"26":0,"27":4,"28":45,"29":45,"30":45,"31":45,"32":4,"33":0,"34":0,"35":0,"36":0,"37":0,"38":0,"39":0,"40":0,"41":0,"42":0,"43":0,"44":0,"45":0,"46":0,"47":0,"48":0,"49":0,"50":0},"f":{"0":55,"1":4,"2":0,"3":0,"4":391,"5":391,"6":0,"7":45,"8":0,"9":0},"b":{"0":[0,0],"1":[0,391],"2":[45],"3":[45],"4":[45,0],"5":[0,0],"6":[0,0],"7":[0,0],"8":[0,0]},"meta":{"lastBranch":9,"lastFunction":10,"lastStatement":51,"seen":{"s:1:26:8:Infinity":0,"f:1:26:1:27":0,"s:2:14:2:Infinity":1,"s:3:16:3:Infinity":2,"s:4:14:4:Infinity":3,"s:5:15:5:Infinity":4,"s:6:2:6:Infinity":5,"s:10:23:13:Infinity":6,"f:10:23:10:24":1,"s:11:18:11:Infinity":7,"s:12:2:12:Infinity":8,"s:15:33:22:Infinity":9,"f:15:33:15:34":2,"s:16:18:16:Infinity":10,"f:16:18:16:19":3,"s:16:36:16:Infinity":11,"b:16:47:16:59:16:59:16:Infinity":0,"s:17:14:17:Infinity":12,"s:18:16:18:Infinity":13,"s:19:14:19:Infinity":14,"s:20:15:20:Infinity":15,"s:21:2:21:Infinity":16,"s:24:31:32:Infinity":17,"f:24:31:24:32":4,"s:25:17:30:Infinity":18,"f:25:17:25:18":5,"s:26:4:29:Infinity":19,"s:31:2:31:Infinity":20,"b:31:17:31:34:31:34:31:Infinity":1,"s:34:28:40:Infinity":21,"f:34:28:34:29":6,"s:35:14:35:Infinity":22,"s:36:16:36:Infinity":23,"s:37:14:37:Infinity":24,"s:38:15:38:Infinity":25,"s:39:2:39:Infinity":26,"s:42:31:52:Infinity":27,"f:42:31:42:Infinity":7,"b:44:21:44:Infinity":2,"b:45:19:45:Infinity":3,"s:47:44:47:Infinity":28,"b:48:2:50:Infinity:undefined:undefined:undefined:undefined":4,"s:48:2:50:Infinity":29,"s:49:4:49:Infinity":30,"s:51:2:51:Infinity":31,"s:54:28:131:Infinity":32,"f:54:28:54:29":8,"s:73:17:73:Infinity":33,"s:74:22:74:Infinity":34,"s:75:15:75:Infinity":35,"b:75:29:75:55:75:55:75:Infinity":5,"s:79:4:83:Infinity":36,"b:80:8:80:Infinity:81:8:83:Infinity":6,"b:82:8:82:Infinity:83:8:83:Infinity":7,"s:86:17:86:Infinity":37,"s:90:19:90:Infinity":38,"s:93:17:93:Infinity":39,"s:102:2:102:Infinity":40,"s:107:2:109:Infinity":41,"s:110:2:112:Infinity":42,"s:115:2:115:Infinity":43,"s:116:2:116:Infinity":44,"s:119:20:119:Infinity":45,"b:120:2:122:Infinity:undefined:undefined:undefined:undefined":8,"s:120:2:122:Infinity":46,"s:121:4:121:Infinity":47,"s:125:2:125:Infinity":48,"s:128:2:130:Infinity":49,"f:128:42:128:48":9,"s:129:4:129:Infinity":50}}}
}
